#
# A fatal error has been detected by the Java Runtime Environment:
#
#  SIGSEGV (0xb) at pc=0x00007f4b76be2260, pid=29891, tid=139962047330048
#
# JRE version: OpenJDK Runtime Environment (7.0_51) (build 1.7.0_51-b00)
# Java VM: OpenJDK 64-Bit Server VM (24.45-b08 mixed mode linux-amd64 compressed oops)
# Problematic frame:
# C  [libpng12.so.0+0x13260]  png_destroy_write_struct+0x20
#
# Failed to write core dump. Core dumps have been disabled. To enable core dumping, try "ulimit -c unlimited" before starting Java again
#
# If you would like to submit a bug report, please include
# instructions on how to reproduce the bug and visit:
#   http://icedtea.classpath.org/bugzilla
# The crash happened outside the Java Virtual Machine in native code.
# See problematic frame for where to report the bug.
#

---------------  T H R E A D  ---------------

Current thread (0x00007f4bac32f800):  JavaThread "Thread-0" [_thread_in_native, id=29911, stack(0x00007f4b740cf000,0x00007f4b741d0000)]

siginfo:si_signo=SIGSEGV: si_errno=0, si_code=1 (SEGV_MAPERR), si_addr=0x0000000000000478

Registers:
RAX=0x0000000000000000, RBX=0x0000000000000000, RCX=0x0000000000000000, RDX=0x00007f4b741cd4f0
RSP=0x00007f4b741cd440, RBP=0x00007f4b741cd4d0, RSI=0x00007f4b741cd4d0, RDI=0x00007f4b741cd4c0
R8 =0x0000000000000000, R9 =0x00007f4b600b4208, R10=0x00007f4b741cd220, R11=0x00007f4b76be2240
R12=0x00007f4b741cd4c0, R13=0x00007f4b741ce5a0, R14=0x00007f4b741ce730, R15=0x00007f4b741ce640
RIP=0x00007f4b76be2260, EFLAGS=0x0000000000010206, CSGSFS=0x0000000000000033, ERR=0x0000000000000004
  TRAPNO=0x000000000000000e

Top of Stack: (sp=0x00007f4b741cd440)
0x00007f4b741cd440:   00007f4b741cd4f0 0000000000000000
0x00007f4b741cd450:   0000000000000000 00007f4b741ce730
0x00007f4b741cd460:   00007f4b741ce5a0 00007f4b741ce730
0x00007f4b741cd470:   00007f4b741ce640 00007f4b67035b43
0x00007f4b741cd480:   0000000000000000 00000000ebf49eb8
0x00007f4b741cd490:   00000000ec1fe218 000001e000000000
0x00007f4b741cd4a0:   00007f4b600beee0 00007f4b741ce650
0x00007f4b741cd4b0:   0000028042ff4010 00007f4b741ce730
0x00007f4b741cd4c0:   0000000000000000 00000000b981ba78
0x00007f4b741cd4d0:   0000000000000000 00007f4b741cd518
0x00007f4b741cd4e0:   00007f4b741cd4f0 0000000000000208
0x00007f4b741cd4f0:   0000000000000000 0000000000000000
0x00007f4b741cd500:   0000000000000000 0000000000000000
0x00007f4b741cd510:   0000000000000000 00000000ec1fe218
0x00007f4b741cd520:   00000000ebf05940 00000000ebf49b20
0x00007f4b741cd530:   00007f4b00001fa0 00007f4b741cd5d0
0x00007f4b741cd540:   00007f4b741cd7c0 00007f4b741cd6f0
0x00007f4b741cd550:   0000000000000003 0000000000000000
0x00007f4b741cd560:   00007f4b741cdc20 00007f4bb3af8ec0
0x00007f4b741cd570:   00007f4b741cdd90 00007f4bb39eb670
0x00007f4b741cd580:   00007f4b741cd6f0 00007f4b741cd7c0
0x00007f4b741cd590:   00007f4b741cd680 00007f4bb2b3f97f
0x00007f4b741cd5a0:   00007f4b741cdc20 00007f4b741cdc10
0x00007f4b741cd5b0:   00007f4bb2ef041f 00007f4bb2ef0424
0x00007f4b741cd5c0:   00007f4b741cdd90 00007f4bb39c4892
0x00007f4b741cd5d0:   00007f4bac32f800 00007f4bb39c9134
0x00007f4b741cd5e0:   00007f4b00000000 00007f4b00000006
0x00007f4b741cd5f0:   0000000000000002 00000000000083b0
0x00007f4b741cd600:   00007f4b741ce3b0 0000000000000000
0x00007f4b741cd610:   00007f4bac32f800 00007f4bac075ad0
0x00007f4b741cd620:   00000000b981ba78 00000000ebf49b20
0x00007f4b741cd630:   00007f4b741ce288 0000000000000003 

Instructions: (pc=0x00007f4b76be2260)
0x00007f4b76be2240:   41 57 41 56 41 55 41 54 49 89 fc 55 48 89 f5 53
0x00007f4b76be2250:   48 83 ec 08 48 85 ff 0f 84 c3 00 00 00 48 8b 1f
0x00007f4b76be2260:   4c 8b b3 78 04 00 00 4c 8b bb 68 04 00 00 48 85
0x00007f4b76be2270:   ed 74 43 4c 8b 6d 00 4d 85 ed 74 3a 48 85 db 74 

Register to memory mapping:

RAX=0x0000000000000000 is an unknown value
RBX=0x0000000000000000 is an unknown value
RCX=0x0000000000000000 is an unknown value
RDX=0x00007f4b741cd4f0 is pointing into the stack for thread: 0x00007f4bac32f800
RSP=0x00007f4b741cd440 is pointing into the stack for thread: 0x00007f4bac32f800
RBP=0x00007f4b741cd4d0 is pointing into the stack for thread: 0x00007f4bac32f800
RSI=0x00007f4b741cd4d0 is pointing into the stack for thread: 0x00007f4bac32f800
RDI=0x00007f4b741cd4c0 is pointing into the stack for thread: 0x00007f4bac32f800
R8 =0x0000000000000000 is an unknown value
R9 =0x00007f4b600b4208 is an unknown value
R10=0x00007f4b741cd220 is pointing into the stack for thread: 0x00007f4bac32f800
R11=0x00007f4b76be2240: png_destroy_write_struct+0 in /lib/x86_64-linux-gnu/libpng12.so.0 at 0x00007f4b76bcf000
R12=0x00007f4b741cd4c0 is pointing into the stack for thread: 0x00007f4bac32f800
R13=0x00007f4b741ce5a0 is pointing into the stack for thread: 0x00007f4bac32f800
R14=0x00007f4b741ce730 is pointing into the stack for thread: 0x00007f4bac32f800
R15=0x00007f4b741ce640 is pointing into the stack for thread: 0x00007f4bac32f800


Stack: [0x00007f4b740cf000,0x00007f4b741d0000],  sp=0x00007f4b741cd440,  free space=1017k
Native frames: (J=compiled Java code, j=interpreted, Vv=VM code, C=native code)
C  [libpng12.so.0+0x13260]  png_destroy_write_struct+0x20

Java frames: (J=compiled Java code, j=interpreted, Vv=VM code)
j  com.googlecode.javacv.cpp.opencv_highgui.cvSaveImage(Ljava/lang/String;Lcom/googlecode/javacv/cpp/opencv_core$CvArr;[I)I+0
j  com.googlecode.javacv.cpp.opencv_highgui.cvSaveImage(Ljava/lang/String;Lcom/googlecode/javacv/cpp/opencv_core$CvArr;)I+3
j  camera.Camera.run()V+33
v  ~StubRoutines::call_stub

---------------  P R O C E S S  ---------------

Java Threads: ( => current thread )
  0x00007f4bac00b000 JavaThread "DestroyJavaVM" [_thread_blocked, id=29896, stack(0x00007f4bb4051000,0x00007f4bb4152000)]
=>0x00007f4bac32f800 JavaThread "Thread-0" [_thread_in_native, id=29911, stack(0x00007f4b740cf000,0x00007f4b741d0000)]
  0x00007f4bac28b000 JavaThread "AWT-EventQueue-0" [_thread_blocked, id=29910, stack(0x00007f4b741d0000,0x00007f4b742d1000)]
  0x00007f4bac275800 JavaThread "AWT-Shutdown" [_thread_blocked, id=29909, stack(0x00007f4b742d1000,0x00007f4b743d2000)]
  0x00007f4bac1b6800 JavaThread "AWT-XAWT" daemon [_thread_in_native, id=29908, stack(0x00007f4b74a4f000,0x00007f4b74b50000)]
  0x00007f4bac196000 JavaThread "Java2D Disposer" daemon [_thread_blocked, id=29907, stack(0x00007f4b7c066000,0x00007f4b7c167000)]
  0x00007f4bac0a2800 JavaThread "Service Thread" daemon [_thread_blocked, id=29905, stack(0x00007f4ba56ca000,0x00007f4ba57cb000)]
  0x00007f4bac0a0000 JavaThread "C2 CompilerThread1" daemon [_thread_blocked, id=29904, stack(0x00007f4ba57cb000,0x00007f4ba58cc000)]
  0x00007f4bac09d800 JavaThread "C2 CompilerThread0" daemon [_thread_blocked, id=29903, stack(0x00007f4ba58cc000,0x00007f4ba59cd000)]
  0x00007f4bac09b000 JavaThread "Signal Dispatcher" daemon [_thread_blocked, id=29902, stack(0x00007f4ba59cd000,0x00007f4ba5ace000)]
  0x00007f4bac078000 JavaThread "Finalizer" daemon [_thread_blocked, id=29901, stack(0x00007f4ba61b5000,0x00007f4ba62b6000)]
  0x00007f4bac076000 JavaThread "Reference Handler" daemon [_thread_blocked, id=29900, stack(0x00007f4ba62b6000,0x00007f4ba63b7000)]

Other Threads:
  0x00007f4bac071800 VMThread [stack: 0x00007f4ba63b7000,0x00007f4ba64b8000] [id=29899]
  0x00007f4bac0ad800 WatcherThread [stack: 0x00007f4ba55c9000,0x00007f4ba56ca000] [id=29906]

VM state:not at safepoint (normal execution)

VM Mutex/Monitor currently owned by a thread: None

Heap
 PSYoungGen      total 17920K, used 9937K [0x00000000ebf00000, 0x00000000ed300000, 0x0000000100000000)
  eden space 15360K, 64% used [0x00000000ebf00000,0x00000000ec8b47f0,0x00000000ece00000)
  from space 2560K, 0% used [0x00000000ed080000,0x00000000ed080000,0x00000000ed300000)
  to   space 2560K, 0% used [0x00000000ece00000,0x00000000ece00000,0x00000000ed080000)
 ParOldGen       total 40960K, used 0K [0x00000000c3e00000, 0x00000000c6600000, 0x00000000ebf00000)
  object space 40960K, 0% used [0x00000000c3e00000,0x00000000c3e00000,0x00000000c6600000)
 PSPermGen       total 21504K, used 12544K [0x00000000b9800000, 0x00000000bad00000, 0x00000000c3e00000)
  object space 21504K, 58% used [0x00000000b9800000,0x00000000ba440380,0x00000000bad00000)

Card table byte_map: [0x00007f4bb0aa2000,0x00007f4bb0cd7000] byte_map_base: 0x00007f4bb04d6000

Polling page: 0x00007f4bb4170000

Code Cache  [0x00007f4ba9000000, 0x00007f4ba9270000, 0x00007f4bac000000)
 total_blobs=535 nmethods=40 adapters=449 free_code_cache=48535Kb largest_free_block=49682496

Compilation events (10 events):
Event: 1,965 Thread 0x00007f4bac09d800   36             java.util.Arrays::copyOfRange (63 bytes)
Event: 1,967 Thread 0x00007f4bac0a0000   37             java.lang.String::<init> (67 bytes)
Event: 1,971 Thread 0x00007f4bac0a0000 nmethod 37 0x00007f4ba909be50 code [0x00007f4ba909bfa0, 0x00007f4ba909c218]
Event: 1,971 Thread 0x00007f4bac0a0000   38             java.net.URI$Parser::charAt (9 bytes)
Event: 1,972 Thread 0x00007f4bac0a0000 nmethod 38 0x00007f4ba909ccd0 code [0x00007f4ba909ce20, 0x00007f4ba909ced8]
Event: 1,973 Thread 0x00007f4bac09d800 nmethod 36 0x00007f4ba909e310 code [0x00007f4ba909e460, 0x00007f4ba909e678]
Event: 1,973 Thread 0x00007f4bac0a0000   39             java.net.URI::match (56 bytes)
Event: 1,974 Thread 0x00007f4bac0a0000 nmethod 39 0x00007f4ba9093dd0 code [0x00007f4ba9093f00, 0x00007f4ba9093f98]
Event: 1,974 Thread 0x00007f4bac0a0000   40             java.util.HashMap::transfer (115 bytes)
Event: 1,979 Thread 0x00007f4bac0a0000 nmethod 40 0x00007f4ba909dc90 code [0x00007f4ba909de00, 0x00007f4ba909e108]

GC Heap History (0 events):
No events

Deoptimization events (2 events):
Event: 0,644 Thread 0x00007f4bac32f800 Uncommon trap: reason=unreached action=reinterpret pc=0x00007f4ba907d408 method=java.util.Properties$LineReader.readLine()I @ 97
Event: 0,708 Thread 0x00007f4bac32f800 Uncommon trap: reason=class_check action=maybe_recompile pc=0x00007f4ba90812d4 method=java.lang.String.equals(Ljava/lang/Object;)Z @ 8

Internal exceptions (10 events):
Event: 1,917 Thread 0x00007f4bac32f800 Threw 0x00000000ec7a0618 at /build/buildd/openjdk-7-7u51-2.4.4/build/openjdk/hotspot/src/share/vm/prims/jvm.cpp:1244
Event: 1,918 Thread 0x00007f4bac32f800 Threw 0x00000000ec7a78f8 at /build/buildd/openjdk-7-7u51-2.4.4/build/openjdk/hotspot/src/share/vm/prims/jvm.cpp:1244
Event: 1,936 Thread 0x00007f4bac32f800 Threw 0x00000000ec7c8578 at /build/buildd/openjdk-7-7u51-2.4.4/build/openjdk/hotspot/src/share/vm/prims/jvm.cpp:1244
Event: 1,941 Thread 0x00007f4bac32f800 Threw 0x00000000ec7ed438 at /build/buildd/openjdk-7-7u51-2.4.4/build/openjdk/hotspot/src/share/vm/prims/jvm.cpp:1244
Event: 1,942 Thread 0x00007f4bac32f800 Threw 0x00000000ec7f3df8 at /build/buildd/openjdk-7-7u51-2.4.4/build/openjdk/hotspot/src/share/vm/prims/jvm.cpp:1244
Event: 1,942 Thread 0x00007f4bac32f800 Threw 0x00000000ec7fa2d8 at /build/buildd/openjdk-7-7u51-2.4.4/build/openjdk/hotspot/src/share/vm/prims/jvm.cpp:1244
Event: 1,943 Thread 0x00007f4bac32f800 Threw 0x00000000ec800e90 at /build/buildd/openjdk-7-7u51-2.4.4/build/openjdk/hotspot/src/share/vm/prims/jvm.cpp:1244
Event: 1,949 Thread 0x00007f4bac32f800 Threw 0x00000000ec819b40 at /build/buildd/openjdk-7-7u51-2.4.4/build/openjdk/hotspot/src/share/vm/prims/jvm.cpp:1244
Event: 1,976 Thread 0x00007f4bac32f800 Threw 0x00000000ec86f9a8 at /build/buildd/openjdk-7-7u51-2.4.4/build/openjdk/hotspot/src/share/vm/prims/jvm.cpp:1244
Event: 1,977 Thread 0x00007f4bac32f800 Threw 0x00000000ec875600 at /build/buildd/openjdk-7-7u51-2.4.4/build/openjdk/hotspot/src/share/vm/prims/jvm.cpp:1244

Events (10 events):
Event: 1,942 loading class 0x00007f4b600bc190
Event: 1,942 loading class 0x00007f4b600bc190 done
Event: 1,943 loading class 0x00007f4b600bec90
Event: 1,943 loading class 0x00007f4b600bec90 done
Event: 1,949 loading class 0x00007f4b600ae910
Event: 1,949 loading class 0x00007f4b600ae910 done
Event: 1,976 loading class 0x00007f4bac32f140
Event: 1,976 loading class 0x00007f4bac32f140 done
Event: 1,977 loading class 0x00007f4bac32f1e0
Event: 1,977 loading class 0x00007f4bac32f1e0 done


Dynamic libraries:
00400000-00401000 r-xp 00000000 08:01 1606937                            /usr/lib/jvm/java-7-openjdk-amd64/jre/bin/java
00600000-00601000 r--p 00000000 08:01 1606937                            /usr/lib/jvm/java-7-openjdk-amd64/jre/bin/java
00601000-00602000 rw-p 00001000 08:01 1606937                            /usr/lib/jvm/java-7-openjdk-amd64/jre/bin/java
02116000-02137000 rw-p 00000000 00:00 0                                  [heap]
02137000-02158000 rw-p 00000000 00:00 0                                  [heap]
b9800000-bad00000 rw-p 00000000 00:00 0 
bad00000-c3e00000 rw-p 00000000 00:00 0 
c3e00000-c6600000 rw-p 00000000 00:00 0 
c6600000-ebf00000 rw-p 00000000 00:00 0 
ebf00000-ed300000 rw-p 00000000 00:00 0 
ed300000-100000000 rw-p 00000000 00:00 0 
7f4b5c000000-7f4b60000000 rw-p 00000000 00:00 0 
7f4b60000000-7f4b600fd000 rw-p 00000000 00:00 0 
7f4b600fd000-7f4b64000000 ---p 00000000 00:00 0 
7f4b64f7f000-7f4b65028000 r-xp 00000000 08:01 1313795                    /tmp/javacpp17716293593192/libjniopencv_core.so
7f4b65028000-7f4b65228000 ---p 000a9000 08:01 1313795                    /tmp/javacpp17716293593192/libjniopencv_core.so
7f4b65228000-7f4b65229000 r--p 000a9000 08:01 1313795                    /tmp/javacpp17716293593192/libjniopencv_core.so
7f4b65229000-7f4b6522a000 rw-p 000aa000 08:01 1313795                    /tmp/javacpp17716293593192/libjniopencv_core.so
7f4b6522a000-7f4b6522b000 rw-p 00000000 00:00 0 
7f4b6522b000-7f4b6530d000 rw-p 00000000 00:00 0 
7f4b6530d000-7f4b653a3000 rw-s 001c2000 00:05 80266                      /dev/video0
7f4b653a3000-7f4b65439000 rw-s 0012c000 00:05 80266                      /dev/video0
7f4b65439000-7f4b654cf000 rw-s 00096000 00:05 80266                      /dev/video0
7f4b654cf000-7f4b664d0000 rw-p 00000000 00:00 0 
7f4b664d0000-7f4b664e3000 r-xp 00000000 08:01 1313794                    /tmp/javacpp17716293593192/libjniopencv_highgui.so
7f4b664e3000-7f4b666e2000 ---p 00013000 08:01 1313794                    /tmp/javacpp17716293593192/libjniopencv_highgui.so
7f4b666e2000-7f4b666e3000 r--p 00012000 08:01 1313794                    /tmp/javacpp17716293593192/libjniopencv_highgui.so
7f4b666e3000-7f4b666e4000 rw-p 00013000 08:01 1313794                    /tmp/javacpp17716293593192/libjniopencv_highgui.so
7f4b666e4000-7f4b66727000 r-xp 00000000 08:01 1585909                    /usr/lib/x86_64-linux-gnu/libjpeg.so.8.0.2
7f4b66727000-7f4b66927000 ---p 00043000 08:01 1585909                    /usr/lib/x86_64-linux-gnu/libjpeg.so.8.0.2
7f4b66927000-7f4b66928000 r--p 00043000 08:01 1585909                    /usr/lib/x86_64-linux-gnu/libjpeg.so.8.0.2
7f4b66928000-7f4b66929000 rw-p 00044000 08:01 1585909                    /usr/lib/x86_64-linux-gnu/libjpeg.so.8.0.2
7f4b66929000-7f4b66939000 rw-p 00000000 00:00 0 
7f4b66939000-7f4b6695c000 r-xp 00000000 08:01 1586250                    /usr/lib/x86_64-linux-gnu/libv4lconvert.so.0
7f4b6695c000-7f4b66b5c000 ---p 00023000 08:01 1586250                    /usr/lib/x86_64-linux-gnu/libv4lconvert.so.0
7f4b66b5c000-7f4b66b5e000 r--p 00023000 08:01 1586250                    /usr/lib/x86_64-linux-gnu/libv4lconvert.so.0
7f4b66b5e000-7f4b66b5f000 rw-p 00025000 08:01 1586250                    /usr/lib/x86_64-linux-gnu/libv4lconvert.so.0
7f4b66b5f000-7f4b66bb1000 rw-p 00000000 00:00 0 
7f4b66bb1000-7f4b66bb9000 r-xp 00000000 08:01 1586249                    /usr/lib/x86_64-linux-gnu/libv4l2.so.0
7f4b66bb9000-7f4b66db8000 ---p 00008000 08:01 1586249                    /usr/lib/x86_64-linux-gnu/libv4l2.so.0
7f4b66db8000-7f4b66db9000 r--p 00007000 08:01 1586249                    /usr/lib/x86_64-linux-gnu/libv4l2.so.0
7f4b66db9000-7f4b66dbd000 rw-p 00008000 08:01 1586249                    /usr/lib/x86_64-linux-gnu/libv4l2.so.0
7f4b66dbd000-7f4b66dc2000 r-xp 00000000 08:01 1586248                    /usr/lib/x86_64-linux-gnu/libv4l1.so.0
7f4b66dc2000-7f4b66fc1000 ---p 00005000 08:01 1586248                    /usr/lib/x86_64-linux-gnu/libv4l1.so.0
7f4b66fc1000-7f4b66fc2000 r--p 00004000 08:01 1586248                    /usr/lib/x86_64-linux-gnu/libv4l1.so.0
7f4b66fc2000-7f4b66fc3000 rw-p 00005000 08:01 1586248                    /usr/lib/x86_64-linux-gnu/libv4l1.so.0
7f4b66fc3000-7f4b6720a000 r-xp 00000000 08:01 1313793                    /tmp/javacpp17716293593192/libopencv_highgui.so.2.4
7f4b6720a000-7f4b6740a000 ---p 00247000 08:01 1313793                    /tmp/javacpp17716293593192/libopencv_highgui.so.2.4
7f4b6740a000-7f4b67412000 r--p 00247000 08:01 1313793                    /tmp/javacpp17716293593192/libopencv_highgui.so.2.4
7f4b67412000-7f4b6741b000 rw-p 0024f000 08:01 1313793                    /tmp/javacpp17716293593192/libopencv_highgui.so.2.4
7f4b6741b000-7f4b67423000 rw-p 00000000 00:00 0 
7f4b67423000-7f4b6767f000 r-xp 00000000 08:01 1313792                    /tmp/javacpp17716293593192/libopencv_imgproc.so.2.4
7f4b6767f000-7f4b6787f000 ---p 0025c000 08:01 1313792                    /tmp/javacpp17716293593192/libopencv_imgproc.so.2.4
7f4b6787f000-7f4b67886000 r--p 0025c000 08:01 1313792                    /tmp/javacpp17716293593192/libopencv_imgproc.so.2.4
7f4b67886000-7f4b67888000 rw-p 00263000 08:01 1313792                    /tmp/javacpp17716293593192/libopencv_imgproc.so.2.4
7f4b67888000-7f4b6791d000 rw-p 00000000 00:00 0 
7f4b6791d000-7f4b67bc5000 r-xp 00000000 08:01 1313790                    /tmp/javacpp17716293593192/libopencv_core.so.2.4
7f4b67bc5000-7f4b67dc5000 ---p 002a8000 08:01 1313790                    /tmp/javacpp17716293593192/libopencv_core.so.2.4
7f4b67dc5000-7f4b67dc9000 r--p 002a8000 08:01 1313790                    /tmp/javacpp17716293593192/libopencv_core.so.2.4
7f4b67dc9000-7f4b67dd2000 rw-p 002ac000 08:01 1313790                    /tmp/javacpp17716293593192/libopencv_core.so.2.4
7f4b67dd2000-7f4b67dd5000 rw-p 00000000 00:00 0 
7f4b67dd5000-7f4b67dfe000 r-xp 00000000 08:01 1313789                    /tmp/javacpp17716293593192/libtbb.so
7f4b67dfe000-7f4b67ffd000 ---p 00029000 08:01 1313789                    /tmp/javacpp17716293593192/libtbb.so
7f4b67ffd000-7f4b67fff000 r--p 00028000 08:01 1313789                    /tmp/javacpp17716293593192/libtbb.so
7f4b67fff000-7f4b68000000 rw-p 0002a000 08:01 1313789                    /tmp/javacpp17716293593192/libtbb.so
7f4b68000000-7f4b68021000 rw-p 00000000 00:00 0 
7f4b68021000-7f4b6c000000 ---p 00000000 00:00 0 
7f4b6c000000-7f4b6c021000 rw-p 00000000 00:00 0 
7f4b6c021000-7f4b70000000 ---p 00000000 00:00 0 
7f4b70000000-7f4b70021000 rw-p 00000000 00:00 0 
7f4b70021000-7f4b74000000 ---p 00000000 00:00 0 
7f4b74039000-7f4b740cf000 rw-s 00000000 00:05 80266                      /dev/video0
7f4b740cf000-7f4b740d2000 ---p 00000000 00:00 0 
7f4b740d2000-7f4b741d0000 rw-p 00000000 00:00 0                          [stack:29911]
7f4b741d0000-7f4b741d3000 ---p 00000000 00:00 0 
7f4b741d3000-7f4b742d1000 rw-p 00000000 00:00 0                          [stack:29910]
7f4b742d1000-7f4b742d4000 ---p 00000000 00:00 0 
7f4b742d4000-7f4b743d2000 rw-p 00000000 00:00 0                          [stack:29909]
7f4b743d2000-7f4b743e2000 r-xp 00000000 08:01 1606882                    /usr/lib/jvm/java-7-openjdk-amd64/jre/lib/amd64/libnio.so
7f4b743e2000-7f4b745e2000 ---p 00010000 08:01 1606882                    /usr/lib/jvm/java-7-openjdk-amd64/jre/lib/amd64/libnio.so
7f4b745e2000-7f4b745e3000 r--p 00010000 08:01 1606882                    /usr/lib/jvm/java-7-openjdk-amd64/jre/lib/amd64/libnio.so
7f4b745e3000-7f4b745e4000 rw-p 00011000 08:01 1606882                    /usr/lib/jvm/java-7-openjdk-amd64/jre/lib/amd64/libnio.so
7f4b745e4000-7f4b745fa000 r-xp 00000000 08:01 1606861                    /usr/lib/jvm/java-7-openjdk-amd64/jre/lib/amd64/libnet.so
7f4b745fa000-7f4b747f9000 ---p 00016000 08:01 1606861                    /usr/lib/jvm/java-7-openjdk-amd64/jre/lib/amd64/libnet.so
7f4b747f9000-7f4b747fa000 r--p 00015000 08:01 1606861                    /usr/lib/jvm/java-7-openjdk-amd64/jre/lib/amd64/libnet.so
7f4b747fa000-7f4b747fb000 rw-p 00016000 08:01 1606861                    /usr/lib/jvm/java-7-openjdk-amd64/jre/lib/amd64/libnet.so
7f4b747fb000-7f4b7484c000 r-xp 00000000 08:01 1606869                    /usr/lib/jvm/java-7-openjdk-amd64/jre/lib/amd64/libfontmanager.so
7f4b7484c000-7f4b74a4b000 ---p 00051000 08:01 1606869                    /usr/lib/jvm/java-7-openjdk-amd64/jre/lib/amd64/libfontmanager.so
7f4b74a4b000-7f4b74a4e000 r--p 00050000 08:01 1606869                    /usr/lib/jvm/java-7-openjdk-amd64/jre/lib/amd64/libfontmanager.so
7f4b74a4e000-7f4b74a4f000 rw-p 00053000 08:01 1606869                    /usr/lib/jvm/java-7-openjdk-amd64/jre/lib/amd64/libfontmanager.so
7f4b74a4f000-7f4b74a52000 ---p 00000000 00:00 0 
7f4b74a52000-7f4b74b50000 rw-p 00000000 00:00 0                          [stack:29908]
7f4b74b50000-7f4b74b54000 r-xp 00000000 08:01 2105351                    /lib/x86_64-linux-gnu/libgpg-error.so.0.10.0
7f4b74b54000-7f4b74d53000 ---p 00004000 08:01 2105351                    /lib/x86_64-linux-gnu/libgpg-error.so.0.10.0
7f4b74d53000-7f4b74d54000 r--p 00003000 08:01 2105351                    /lib/x86_64-linux-gnu/libgpg-error.so.0.10.0
7f4b74d54000-7f4b74d55000 rw-p 00004000 08:01 2105351                    /lib/x86_64-linux-gnu/libgpg-error.so.0.10.0
7f4b74d55000-7f4b74d57000 r-xp 00000000 08:01 2105363                    /lib/x86_64-linux-gnu/libkeyutils.so.1.4
7f4b74d57000-7f4b74f57000 ---p 00002000 08:01 2105363                    /lib/x86_64-linux-gnu/libkeyutils.so.1.4
7f4b74f57000-7f4b74f58000 r--p 00002000 08:01 2105363                    /lib/x86_64-linux-gnu/libkeyutils.so.1.4
7f4b74f58000-7f4b74f59000 rw-p 00003000 08:01 2105363                    /lib/x86_64-linux-gnu/libkeyutils.so.1.4
7f4b74f59000-7f4b74f71000 r-xp 00000000 08:01 1585761                    /usr/lib/x86_64-linux-gnu/libgraphite2.so.3.0.1
7f4b74f71000-7f4b75170000 ---p 00018000 08:01 1585761                    /usr/lib/x86_64-linux-gnu/libgraphite2.so.3.0.1
7f4b75170000-7f4b75172000 r--p 00017000 08:01 1585761                    /usr/lib/x86_64-linux-gnu/libgraphite2.so.3.0.1
7f4b75172000-7f4b75173000 rw-p 00019000 08:01 1585761                    /usr/lib/x86_64-linux-gnu/libgraphite2.so.3.0.1
7f4b75173000-7f4b751b7000 r-xp 00000000 08:01 2105332                    /lib/x86_64-linux-gnu/libdbus-1.so.3.7.4
7f4b751b7000-7f4b753b6000 ---p 00044000 08:01 2105332                    /lib/x86_64-linux-gnu/libdbus-1.so.3.7.4
7f4b753b6000-7f4b753b7000 r--p 00043000 08:01 2105332                    /lib/x86_64-linux-gnu/libdbus-1.so.3.7.4
7f4b753b7000-7f4b753b8000 rw-p 00044000 08:01 2105332                    /lib/x86_64-linux-gnu/libdbus-1.so.3.7.4
7f4b753b8000-7f4b753d6000 r-xp 00000000 08:01 1586035                    /usr/lib/x86_64-linux-gnu/libp11-kit.so.0.0.0
7f4b753d6000-7f4b755d5000 ---p 0001e000 08:01 1586035                    /usr/lib/x86_64-linux-gnu/libp11-kit.so.0.0.0
7f4b755d5000-7f4b755d7000 r--p 0001d000 08:01 1586035                    /usr/lib/x86_64-linux-gnu/libp11-kit.so.0.0.0
7f4b755d7000-7f4b755d8000 rw-p 0001f000 08:01 1586035                    /usr/lib/x86_64-linux-gnu/libp11-kit.so.0.0.0
7f4b755d8000-7f4b755e8000 r-xp 00000000 08:01 1586189                    /usr/lib/x86_64-linux-gnu/libtasn1.so.3.2.0
7f4b755e8000-7f4b757e7000 ---p 00010000 08:01 1586189                    /usr/lib/x86_64-linux-gnu/libtasn1.so.3.2.0
7f4b757e7000-7f4b757e8000 r--p 0000f000 08:01 1586189                    /usr/lib/x86_64-linux-gnu/libtasn1.so.3.2.0
7f4b757e8000-7f4b757e9000 rw-p 00010000 08:01 1586189                    /usr/lib/x86_64-linux-gnu/libtasn1.so.3.2.0
7f4b757e9000-7f4b75863000 r-xp 00000000 08:01 2105347                    /lib/x86_64-linux-gnu/libgcrypt.so.11.7.0
7f4b75863000-7f4b75a63000 ---p 0007a000 08:01 2105347                    /lib/x86_64-linux-gnu/libgcrypt.so.11.7.0
7f4b75a63000-7f4b75a64000 r--p 0007a000 08:01 2105347                    /lib/x86_64-linux-gnu/libgcrypt.so.11.7.0
7f4b75a64000-7f4b75a67000 rw-p 0007b000 08:01 2105347                    /lib/x86_64-linux-gnu/libgcrypt.so.11.7.0
7f4b75a67000-7f4b75a6e000 r-xp 00000000 08:01 1585934                    /usr/lib/x86_64-linux-gnu/libkrb5support.so.0.1
7f4b75a6e000-7f4b75c6d000 ---p 00007000 08:01 1585934                    /usr/lib/x86_64-linux-gnu/libkrb5support.so.0.1
7f4b75c6d000-7f4b75c6e000 r--p 00006000 08:01 1585934                    /usr/lib/x86_64-linux-gnu/libkrb5support.so.0.1
7f4b75c6e000-7f4b75c6f000 rw-p 00007000 08:01 1585934                    /usr/lib/x86_64-linux-gnu/libkrb5support.so.0.1
7f4b75c6f000-7f4b75c72000 r-xp 00000000 08:01 2105327                    /lib/x86_64-linux-gnu/libcom_err.so.2.1
7f4b75c72000-7f4b75e71000 ---p 00003000 08:01 2105327                    /lib/x86_64-linux-gnu/libcom_err.so.2.1
7f4b75e71000-7f4b75e72000 r--p 00002000 08:01 2105327                    /lib/x86_64-linux-gnu/libcom_err.so.2.1
7f4b75e72000-7f4b75e73000 rw-p 00003000 08:01 2105327                    /lib/x86_64-linux-gnu/libcom_err.so.2.1
7f4b75e73000-7f4b75e99000 r-xp 00000000 08:01 1585928                    /usr/lib/x86_64-linux-gnu/libk5crypto.so.3.1
7f4b75e99000-7f4b76098000 ---p 00026000 08:01 1585928                    /usr/lib/x86_64-linux-gnu/libk5crypto.so.3.1
7f4b76098000-7f4b76099000 r--p 00025000 08:01 1585928                    /usr/lib/x86_64-linux-gnu/libk5crypto.so.3.1
7f4b76099000-7f4b7609a000 rw-p 00026000 08:01 1585928                    /usr/lib/x86_64-linux-gnu/libk5crypto.so.3.1
7f4b7609a000-7f4b7609b000 rw-p 00000000 00:00 0 
7f4b7609b000-7f4b76160000 r-xp 00000000 08:01 1585932                    /usr/lib/x86_64-linux-gnu/libkrb5.so.3.3
7f4b76160000-7f4b7635f000 ---p 000c5000 08:01 1585932                    /usr/lib/x86_64-linux-gnu/libkrb5.so.3.3
7f4b7635f000-7f4b76369000 r--p 000c4000 08:01 1585932                    /usr/lib/x86_64-linux-gnu/libkrb5.so.3.3
7f4b76369000-7f4b7636a000 rw-p 000ce000 08:01 1585932                    /usr/lib/x86_64-linux-gnu/libkrb5.so.3.3
7f4b7636a000-7f4b76370000 r-xp 00000000 08:01 1585553                    /usr/lib/x86_64-linux-gnu/libdatrie.so.1.2.0
7f4b76370000-7f4b7656f000 ---p 00006000 08:01 1585553                    /usr/lib/x86_64-linux-gnu/libdatrie.so.1.2.0
7f4b7656f000-7f4b76570000 r--p 00005000 08:01 1585553                    /usr/lib/x86_64-linux-gnu/libdatrie.so.1.2.0
7f4b76570000-7f4b76571000 rw-p 00006000 08:01 1585553                    /usr/lib/x86_64-linux-gnu/libdatrie.so.1.2.0
7f4b76571000-7f4b765c1000 r-xp 00000000 08:01 1585869                    /usr/lib/x86_64-linux-gnu/libharfbuzz.so.0.919.0
7f4b765c1000-7f4b767c1000 ---p 00050000 08:01 1585869                    /usr/lib/x86_64-linux-gnu/libharfbuzz.so.0.919.0
7f4b767c1000-7f4b767c2000 r--p 00050000 08:01 1585869                    /usr/lib/x86_64-linux-gnu/libharfbuzz.so.0.919.0
7f4b767c2000-7f4b767c3000 rw-p 00051000 08:01 1585869                    /usr/lib/x86_64-linux-gnu/libharfbuzz.so.0.919.0
7f4b767c3000-7f4b767cb000 r-xp 00000000 08:01 1586304                    /usr/lib/x86_64-linux-gnu/libxcb-render.so.0.0.0
7f4b767cb000-7f4b769ca000 ---p 00008000 08:01 1586304                    /usr/lib/x86_64-linux-gnu/libxcb-render.so.0.0.0
7f4b769ca000-7f4b769cb000 r--p 00007000 08:01 1586304                    /usr/lib/x86_64-linux-gnu/libxcb-render.so.0.0.0
7f4b769cb000-7f4b769cc000 rw-p 00008000 08:01 1586304                    /usr/lib/x86_64-linux-gnu/libxcb-render.so.0.0.0
7f4b769cc000-7f4b769ce000 r-xp 00000000 08:01 1586308                    /usr/lib/x86_64-linux-gnu/libxcb-shm.so.0.0.0
7f4b769ce000-7f4b76bcd000 ---p 00002000 08:01 1586308                    /usr/lib/x86_64-linux-gnu/libxcb-shm.so.0.0.0
7f4b76bcd000-7f4b76bce000 r--p 00001000 08:01 1586308                    /usr/lib/x86_64-linux-gnu/libxcb-shm.so.0.0.0
7f4b76bce000-7f4b76bcf000 rw-p 00002000 08:01 1586308                    /usr/lib/x86_64-linux-gnu/libxcb-shm.so.0.0.0
7f4b76bcf000-7f4b76bf4000 r-xp 00000000 08:01 2105430                    /lib/x86_64-linux-gnu/libpng12.so.0.49.0
7f4b76bf4000-7f4b76df3000 ---p 00025000 08:01 2105430                    /lib/x86_64-linux-gnu/libpng12.so.0.49.0
7f4b76df3000-7f4b76df4000 r--p 00024000 08:01 2105430                    /lib/x86_64-linux-gnu/libpng12.so.0.49.0
7f4b76df4000-7f4b76df5000 rw-p 00025000 08:01 2105430                    /lib/x86_64-linux-gnu/libpng12.so.0.49.0
7f4b76df5000-7f4b76e96000 r-xp 00000000 08:01 1586486                    /usr/lib/x86_64-linux-gnu/libpixman-1.so.0.30.2
7f4b76e96000-7f4b77096000 ---p 000a1000 08:01 1586486                    /usr/lib/x86_64-linux-gnu/libpixman-1.so.0.30.2
7f4b77096000-7f4b7709d000 r--p 000a1000 08:01 1586486                    /usr/lib/x86_64-linux-gnu/libpixman-1.so.0.30.2
7f4b7709d000-7f4b7709e000 rw-p 000a8000 08:01 1586486                    /usr/lib/x86_64-linux-gnu/libpixman-1.so.0.30.2
7f4b7709e000-7f4b770a3000 r-xp 00000000 08:01 1585375                    /usr/lib/x86_64-linux-gnu/libXdmcp.so.6.0.0
7f4b770a3000-7f4b772a2000 ---p 00005000 08:01 1585375                    /usr/lib/x86_64-linux-gnu/libXdmcp.so.6.0.0
7f4b772a2000-7f4b772a3000 r--p 00004000 08:01 1585375                    /usr/lib/x86_64-linux-gnu/libXdmcp.so.6.0.0
7f4b772a3000-7f4b772a4000 rw-p 00005000 08:01 1585375                    /usr/lib/x86_64-linux-gnu/libXdmcp.so.6.0.0
7f4b772a4000-7f4b772a6000 r-xp 00000000 08:01 1585364                    /usr/lib/x86_64-linux-gnu/libXau.so.6.0.0
7f4b772a6000-7f4b774a6000 ---p 00002000 08:01 1585364                    /usr/lib/x86_64-linux-gnu/libXau.so.6.0.0
7f4b774a6000-7f4b774a7000 r--p 00002000 08:01 1585364                    /usr/lib/x86_64-linux-gnu/libXau.so.6.0.0
7f4b774a7000-7f4b774a8000 rw-p 00003000 08:01 1585364                    /usr/lib/x86_64-linux-gnu/libXau.so.6.0.0
7f4b774a8000-7f4b774b7000 r-xp 00000000 08:01 1585457                    /usr/lib/x86_64-linux-gnu/libavahi-client.so.3.2.9
7f4b774b7000-7f4b776b7000 ---p 0000f000 08:01 1585457                    /usr/lib/x86_64-linux-gnu/libavahi-client.so.3.2.9
7f4b776b7000-7f4b776b8000 r--p 0000f000 08:01 1585457                    /usr/lib/x86_64-linux-gnu/libavahi-client.so.3.2.9
7f4b776b8000-7f4b776b9000 rw-p 00010000 08:01 1585457                    /usr/lib/x86_64-linux-gnu/libavahi-client.so.3.2.9
7f4b776b9000-7f4b776c4000 r-xp 00000000 08:01 1576359                    /usr/lib/x86_64-linux-gnu/libavahi-common.so.3.5.3
7f4b776c4000-7f4b778c3000 ---p 0000b000 08:01 1576359                    /usr/lib/x86_64-linux-gnu/libavahi-common.so.3.5.3
7f4b778c3000-7f4b778c4000 r--p 0000a000 08:01 1576359                    /usr/lib/x86_64-linux-gnu/libavahi-common.so.3.5.3
7f4b778c4000-7f4b778c5000 rw-p 0000b000 08:01 1576359                    /usr/lib/x86_64-linux-gnu/libavahi-common.so.3.5.3
7f4b778c5000-7f4b7797b000 r-xp 00000000 08:01 1580208                    /usr/lib/x86_64-linux-gnu/libgnutls.so.26.22.6
7f4b7797b000-7f4b77b7b000 ---p 000b6000 08:01 1580208                    /usr/lib/x86_64-linux-gnu/libgnutls.so.26.22.6
7f4b77b7b000-7f4b77b81000 r--p 000b6000 08:01 1580208                    /usr/lib/x86_64-linux-gnu/libgnutls.so.26.22.6
7f4b77b81000-7f4b77b82000 rw-p 000bc000 08:01 1580208                    /usr/lib/x86_64-linux-gnu/libgnutls.so.26.22.6
7f4b77b82000-7f4b77b83000 rw-p 00000000 00:00 0 
7f4b77b83000-7f4b77bbe000 r-xp 00000000 08:01 1585767                    /usr/lib/x86_64-linux-gnu/libgssapi_krb5.so.2.2
7f4b77bbe000-7f4b77dbe000 ---p 0003b000 08:01 1585767                    /usr/lib/x86_64-linux-gnu/libgssapi_krb5.so.2.2
7f4b77dbe000-7f4b77dbf000 r--p 0003b000 08:01 1585767                    /usr/lib/x86_64-linux-gnu/libgssapi_krb5.so.2.2
7f4b77dbf000-7f4b77dc1000 rw-p 0003c000 08:01 1585767                    /usr/lib/x86_64-linux-gnu/libgssapi_krb5.so.2.2
7f4b77dc1000-7f4b77dfe000 r-xp 00000000 08:01 2105418                    /lib/x86_64-linux-gnu/libpcre.so.3.13.1
7f4b77dfe000-7f4b77ffe000 ---p 0003d000 08:01 2105418                    /lib/x86_64-linux-gnu/libpcre.so.3.13.1
7f4b77ffe000-7f4b77fff000 r--p 0003d000 08:01 2105418                    /lib/x86_64-linux-gnu/libpcre.so.3.13.1
7f4b77fff000-7f4b78000000 rw-p 0003e000 08:01 2105418                    /lib/x86_64-linux-gnu/libpcre.so.3.13.1
7f4b78000000-7f4b78021000 rw-p 00000000 00:00 0 
7f4b78021000-7f4b7c000000 ---p 00000000 00:00 0 
7f4b7c066000-7f4b7c069000 ---p 00000000 00:00 0 
7f4b7c069000-7f4b7c167000 rw-p 00000000 00:00 0                          [stack:29907]
7f4b7c167000-7f4b7c16e000 r-xp 00000000 08:01 1585612                    /usr/lib/x86_64-linux-gnu/libffi.so.6.0.1
7f4b7c16e000-7f4b7c36d000 ---p 00007000 08:01 1585612                    /usr/lib/x86_64-linux-gnu/libffi.so.6.0.1
7f4b7c36d000-7f4b7c36e000 r--p 00006000 08:01 1585612                    /usr/lib/x86_64-linux-gnu/libffi.so.6.0.1
7f4b7c36e000-7f4b7c36f000 rw-p 00007000 08:01 1585612                    /usr/lib/x86_64-linux-gnu/libffi.so.6.0.1
7f4b7c36f000-7f4b7c396000 r-xp 00000000 08:01 2105340                    /lib/x86_64-linux-gnu/libexpat.so.1.6.0
7f4b7c396000-7f4b7c596000 ---p 00027000 08:01 2105340                    /lib/x86_64-linux-gnu/libexpat.so.1.6.0
7f4b7c596000-7f4b7c598000 r--p 00027000 08:01 2105340                    /lib/x86_64-linux-gnu/libexpat.so.1.6.0
7f4b7c598000-7f4b7c599000 rw-p 00029000 08:01 2105340                    /lib/x86_64-linux-gnu/libexpat.so.1.6.0
7f4b7c599000-7f4b7c635000 r-xp 00000000 08:01 1607103                    /usr/lib/x86_64-linux-gnu/libfreetype.so.6.10.1
7f4b7c635000-7f4b7c835000 ---p 0009c000 08:01 1607103                    /usr/lib/x86_64-linux-gnu/libfreetype.so.6.10.1
7f4b7c835000-7f4b7c83a000 r--p 0009c000 08:01 1607103                    /usr/lib/x86_64-linux-gnu/libfreetype.so.6.10.1
7f4b7c83a000-7f4b7c83b000 rw-p 000a1000 08:01 1607103                    /usr/lib/x86_64-linux-gnu/libfreetype.so.6.10.1
7f4b7c83b000-7f4b7c843000 r-xp 00000000 08:01 1586201                    /usr/lib/x86_64-linux-gnu/libthai.so.0.2.0
7f4b7c843000-7f4b7ca42000 ---p 00008000 08:01 1586201                    /usr/lib/x86_64-linux-gnu/libthai.so.0.2.0
7f4b7ca42000-7f4b7ca43000 r--p 00007000 08:01 1586201                    /usr/lib/x86_64-linux-gnu/libthai.so.0.2.0
7f4b7ca43000-7f4b7ca44000 rw-p 00008000 08:01 1586201                    /usr/lib/x86_64-linux-gnu/libthai.so.0.2.0
7f4b7ca44000-7f4b7ca5a000 r-xp 00000000 08:01 2105441                    /lib/x86_64-linux-gnu/libresolv-2.17.so
7f4b7ca5a000-7f4b7cc5a000 ---p 00016000 08:01 2105441                    /lib/x86_64-linux-gnu/libresolv-2.17.so
7f4b7cc5a000-7f4b7cc5b000 r--p 00016000 08:01 2105441                    /lib/x86_64-linux-gnu/libresolv-2.17.so
7f4b7cc5b000-7f4b7cc5c000 rw-p 00017000 08:01 2105441                    /lib/x86_64-linux-gnu/libresolv-2.17.so
7f4b7cc5c000-7f4b7cc5e000 rw-p 00000000 00:00 0 
7f4b7cc5e000-7f4b7cc7d000 r-xp 00000000 08:01 2105445                    /lib/x86_64-linux-gnu/libselinux.so.1
7f4b7cc7d000-7f4b7ce7d000 ---p 0001f000 08:01 2105445                    /lib/x86_64-linux-gnu/libselinux.so.1
7f4b7ce7d000-7f4b7ce7e000 r--p 0001f000 08:01 2105445                    /lib/x86_64-linux-gnu/libselinux.so.1
7f4b7ce7e000-7f4b7ce7f000 rw-p 00020000 08:01 2105445                    /lib/x86_64-linux-gnu/libselinux.so.1
7f4b7ce7f000-7f4b7ce80000 rw-p 00000000 00:00 0 
7f4b7ce80000-7f4b7ce82000 r-xp 00000000 08:01 1585373                    /usr/lib/x86_64-linux-gnu/libXdamage.so.1.1.0
7f4b7ce82000-7f4b7d081000 ---p 00002000 08:01 1585373                    /usr/lib/x86_64-linux-gnu/libXdamage.so.1.1.0
7f4b7d081000-7f4b7d082000 r--p 00001000 08:01 1585373                    /usr/lib/x86_64-linux-gnu/libXdamage.so.1.1.0
7f4b7d082000-7f4b7d083000 rw-p 00002000 08:01 1585373                    /usr/lib/x86_64-linux-gnu/libXdamage.so.1.1.0
7f4b7d083000-7f4b7d085000 r-xp 00000000 08:01 1585369                    /usr/lib/x86_64-linux-gnu/libXcomposite.so.1.0.0
7f4b7d085000-7f4b7d284000 ---p 00002000 08:01 1585369                    /usr/lib/x86_64-linux-gnu/libXcomposite.so.1.0.0
7f4b7d284000-7f4b7d285000 r--p 00001000 08:01 1585369                    /usr/lib/x86_64-linux-gnu/libXcomposite.so.1.0.0
7f4b7d285000-7f4b7d286000 rw-p 00002000 08:01 1585369                    /usr/lib/x86_64-linux-gnu/libXcomposite.so.1.0.0
7f4b7d286000-7f4b7d28f000 r-xp 00000000 08:01 1585371                    /usr/lib/x86_64-linux-gnu/libXcursor.so.1.0.2
7f4b7d28f000-7f4b7d48e000 ---p 00009000 08:01 1585371                    /usr/lib/x86_64-linux-gnu/libXcursor.so.1.0.2
7f4b7d48e000-7f4b7d48f000 r--p 00008000 08:01 1585371                    /usr/lib/x86_64-linux-gnu/libXcursor.so.1.0.2
7f4b7d48f000-7f4b7d490000 rw-p 00009000 08:01 1585371                    /usr/lib/x86_64-linux-gnu/libXcursor.so.1.0.2
7f4b7d490000-7f4b7d499000 r-xp 00000000 08:01 1585397                    /usr/lib/x86_64-linux-gnu/libXrandr.so.2.2.0
7f4b7d499000-7f4b7d698000 ---p 00009000 08:01 1585397                    /usr/lib/x86_64-linux-gnu/libXrandr.so.2.2.0
7f4b7d698000-7f4b7d699000 r--p 00008000 08:01 1585397                    /usr/lib/x86_64-linux-gnu/libXrandr.so.2.2.0
7f4b7d699000-7f4b7d69a000 rw-p 00009000 08:01 1585397                    /usr/lib/x86_64-linux-gnu/libXrandr.so.2.2.0
7f4b7d69a000-7f4b7d69c000 r-xp 00000000 08:01 1585387                    /usr/lib/x86_64-linux-gnu/libXinerama.so.1.0.0
7f4b7d69c000-7f4b7d89b000 ---p 00002000 08:01 1585387                    /usr/lib/x86_64-linux-gnu/libXinerama.so.1.0.0
7f4b7d89b000-7f4b7d89c000 r--p 00001000 08:01 1585387                    /usr/lib/x86_64-linux-gnu/libXinerama.so.1.0.0
7f4b7d89c000-7f4b7d89d000 rw-p 00002000 08:01 1585387                    /usr/lib/x86_64-linux-gnu/libXinerama.so.1.0.0
7f4b7d89d000-7f4b7d8b1000 r-xp 00000000 08:01 1586047                    /usr/lib/x86_64-linux-gnu/libpangoft2-1.0.so.0.3200.5
7f4b7d8b1000-7f4b7dab0000 ---p 00014000 08:01 1586047                    /usr/lib/x86_64-linux-gnu/libpangoft2-1.0.so.0.3200.5
7f4b7dab0000-7f4b7dab1000 r--p 00013000 08:01 1586047                    /usr/lib/x86_64-linux-gnu/libpangoft2-1.0.so.0.3200.5
7f4b7dab1000-7f4b7dab2000 rw-p 00014000 08:01 1586047                    /usr/lib/x86_64-linux-gnu/libpangoft2-1.0.so.0.3200.5
7f4b7dab2000-7f4b7dbb6000 r-xp 00000000 08:01 1585484                    /usr/lib/x86_64-linux-gnu/libcairo.so.2.11200.16
7f4b7dbb6000-7f4b7ddb5000 ---p 00104000 08:01 1585484                    /usr/lib/x86_64-linux-gnu/libcairo.so.2.11200.16
7f4b7ddb5000-7f4b7ddb8000 r--p 00103000 08:01 1585484                    /usr/lib/x86_64-linux-gnu/libcairo.so.2.11200.16
7f4b7ddb8000-7f4b7ddb9000 rw-p 00106000 08:01 1585484                    /usr/lib/x86_64-linux-gnu/libcairo.so.2.11200.16
7f4b7ddb9000-7f4b7ddbb000 rw-p 00000000 00:00 0 
7f4b7ddbb000-7f4b7ddda000 r-xp 00000000 08:01 1585444                    /usr/lib/x86_64-linux-gnu/libatk-1.0.so.0.21009.1
7f4b7ddda000-7f4b7dfda000 ---p 0001f000 08:01 1585444                    /usr/lib/x86_64-linux-gnu/libatk-1.0.so.0.21009.1
7f4b7dfda000-7f4b7dfdc000 r--p 0001f000 08:01 1585444                    /usr/lib/x86_64-linux-gnu/libatk-1.0.so.0.21009.1
7f4b7dfdc000-7f4b7dfdd000 rw-p 00021000 08:01 1585444                    /usr/lib/x86_64-linux-gnu/libatk-1.0.so.0.21009.1
7f4b7dfdd000-7f4b7dfe2000 r-xp 00000000 08:01 1585379                    /usr/lib/x86_64-linux-gnu/libXfixes.so.3.1.0
7f4b7dfe2000-7f4b7e1e1000 ---p 00005000 08:01 1585379                    /usr/lib/x86_64-linux-gnu/libXfixes.so.3.1.0
7f4b7e1e1000-7f4b7e1e2000 r--p 00004000 08:01 1585379                    /usr/lib/x86_64-linux-gnu/libXfixes.so.3.1.0
7f4b7e1e2000-7f4b7e1e3000 rw-p 00005000 08:01 1585379                    /usr/lib/x86_64-linux-gnu/libXfixes.so.3.1.0
7f4b7e1e3000-7f4b7e1ee000 r-xp 00000000 08:01 1586045                    /usr/lib/x86_64-linux-gnu/libpangocairo-1.0.so.0.3200.5
7f4b7e1ee000-7f4b7e3ee000 ---p 0000b000 08:01 1586045                    /usr/lib/x86_64-linux-gnu/libpangocairo-1.0.so.0.3200.5
7f4b7e3ee000-7f4b7e3ef000 r--p 0000b000 08:01 1586045                    /usr/lib/x86_64-linux-gnu/libpangocairo-1.0.so.0.3200.5
7f4b7e3ef000-7f4b7e3f0000 rw-p 0000c000 08:01 1586045                    /usr/lib/x86_64-linux-gnu/libpangocairo-1.0.so.0.3200.5
7f4b7e3f0000-7f4b7e3f3000 r-xp 00000000 08:01 1577200                    /usr/lib/x86_64-linux-gnu/libgmodule-2.0.so.0.3800.1
7f4b7e3f3000-7f4b7e5f2000 ---p 00003000 08:01 1577200                    /usr/lib/x86_64-linux-gnu/libgmodule-2.0.so.0.3800.1
7f4b7e5f2000-7f4b7e5f3000 r--p 00002000 08:01 1577200                    /usr/lib/x86_64-linux-gnu/libgmodule-2.0.so.0.3800.1
7f4b7e5f3000-7f4b7e5f4000 rw-p 00003000 08:01 1577200                    /usr/lib/x86_64-linux-gnu/libgmodule-2.0.so.0.3800.1
7f4b7e5f4000-7f4b7e611000 r-xp 00000000 08:01 1586316                    /usr/lib/x86_64-linux-gnu/libxcb.so.1.1.0
7f4b7e611000-7f4b7e810000 ---p 0001d000 08:01 1586316                    /usr/lib/x86_64-linux-gnu/libxcb.so.1.1.0
7f4b7e810000-7f4b7e811000 r--p 0001c000 08:01 1586316                    /usr/lib/x86_64-linux-gnu/libxcb.so.1.1.0
7f4b7e811000-7f4b7e812000 rw-p 0001d000 08:01 1586316                    /usr/lib/x86_64-linux-gnu/libxcb.so.1.1.0
7f4b7e812000-7f4b7e87e000 r-xp 00000000 08:01 1576454                    /usr/lib/x86_64-linux-gnu/libcups.so.2
7f4b7e87e000-7f4b7ea7d000 ---p 0006c000 08:01 1576454                    /usr/lib/x86_64-linux-gnu/libcups.so.2
7f4b7ea7d000-7f4b7ea84000 r--p 0006b000 08:01 1576454                    /usr/lib/x86_64-linux-gnu/libcups.so.2
7f4b7ea84000-7f4b7ea85000 rw-p 00072000 08:01 1576454                    /usr/lib/x86_64-linux-gnu/libcups.so.2
7f4b7ea85000-7f4b7eb83000 r-xp 00000000 08:01 2110215                    /lib/x86_64-linux-gnu/libglib-2.0.so.0.3800.1
7f4b7eb83000-7f4b7ed83000 ---p 000fe000 08:01 2110215                    /lib/x86_64-linux-gnu/libglib-2.0.so.0.3800.1
7f4b7ed83000-7f4b7ed84000 r--p 000fe000 08:01 2110215                    /lib/x86_64-linux-gnu/libglib-2.0.so.0.3800.1
7f4b7ed84000-7f4b7ed85000 rw-p 000ff000 08:01 2110215                    /lib/x86_64-linux-gnu/libglib-2.0.so.0.3800.1
7f4b7ed85000-7f4b7ed86000 rw-p 00000000 00:00 0 
7f4b7ed86000-7f4b7ed87000 r-xp 00000000 08:01 1576341                    /usr/lib/x86_64-linux-gnu/libgthread-2.0.so.0.3800.1
7f4b7ed87000-7f4b7ef86000 ---p 00001000 08:01 1576341                    /usr/lib/x86_64-linux-gnu/libgthread-2.0.so.0.3800.1
7f4b7ef86000-7f4b7ef87000 r--p 00000000 08:01 1576341                    /usr/lib/x86_64-linux-gnu/libgthread-2.0.so.0.3800.1
7f4b7ef87000-7f4b7ef88000 rw-p 00001000 08:01 1576341                    /usr/lib/x86_64-linux-gnu/libgthread-2.0.so.0.3800.1
7f4b7ef88000-7f4b7efd7000 r-xp 00000000 08:01 1576322                    /usr/lib/x86_64-linux-gnu/libgobject-2.0.so.0.3800.1
7f4b7efd7000-7f4b7f1d7000 ---p 0004f000 08:01 1576322                    /usr/lib/x86_64-linux-gnu/libgobject-2.0.so.0.3800.1
7f4b7f1d7000-7f4b7f1d8000 r--p 0004f000 08:01 1576322                    /usr/lib/x86_64-linux-gnu/libgobject-2.0.so.0.3800.1
7f4b7f1d8000-7f4b7f1d9000 rw-p 00050000 08:01 1576322                    /usr/lib/x86_64-linux-gnu/libgobject-2.0.so.0.3800.1
7f4b7f1d9000-7f4b7f212000 r-xp 00000000 08:01 1585626                    /usr/lib/x86_64-linux-gnu/libfontconfig.so.1.7.0
7f4b7f212000-7f4b7f412000 ---p 00039000 08:01 1585626                    /usr/lib/x86_64-linux-gnu/libfontconfig.so.1.7.0
7f4b7f412000-7f4b7f414000 r--p 00039000 08:01 1585626                    /usr/lib/x86_64-linux-gnu/libfontconfig.so.1.7.0
7f4b7f414000-7f4b7f415000 rw-p 0003b000 08:01 1585626                    /usr/lib/x86_64-linux-gnu/libfontconfig.so.1.7.0
7f4b7f415000-7f4b7f45f000 r-xp 00000000 08:01 1586043                    /usr/lib/x86_64-linux-gnu/libpango-1.0.so.0.3200.5
7f4b7f45f000-7f4b7f65e000 ---p 0004a000 08:01 1586043                    /usr/lib/x86_64-linux-gnu/libpango-1.0.so.0.3200.5
7f4b7f65e000-7f4b7f660000 r--p 00049000 08:01 1586043                    /usr/lib/x86_64-linux-gnu/libpango-1.0.so.0.3200.5
7f4b7f660000-7f4b7f661000 rw-p 0004b000 08:01 1586043                    /usr/lib/x86_64-linux-gnu/libpango-1.0.so.0.3200.5
7f4b7f661000-7f4b7f7bd000 r-xp 00000000 08:01 1576141                    /usr/lib/x86_64-linux-gnu/libgio-2.0.so.0.3800.1
7f4b7f7bd000-7f4b7f9bc000 ---p 0015c000 08:01 1576141                    /usr/lib/x86_64-linux-gnu/libgio-2.0.so.0.3800.1
7f4b7f9bc000-7f4b7f9c0000 r--p 0015b000 08:01 1576141                    /usr/lib/x86_64-linux-gnu/libgio-2.0.so.0.3800.1
7f4b7f9c0000-7f4b7f9c2000 rw-p 0015f000 08:01 1576141                    /usr/lib/x86_64-linux-gnu/libgio-2.0.so.0.3800.1
7f4b7f9c2000-7f4b7f9c4000 rw-p 00000000 00:00 0 
7f4b7f9c4000-7f4b7fdf3000 r-xp 00000000 08:01 1585851                    /usr/lib/x86_64-linux-gnu/libgtk-x11-2.0.so.0.2400.20
7f4b7fdf3000-7f4b7fff2000 ---p 0042f000 08:01 1585851                    /usr/lib/x86_64-linux-gnu/libgtk-x11-2.0.so.0.2400.20
7f4b7fff2000-7f4b7fff9000 r--p 0042e000 08:01 1585851                    /usr/lib/x86_64-linux-gnu/libgtk-x11-2.0.so.0.2400.20
7f4b7fff9000-7f4b7fffd000 rw-p 00435000 08:01 1585851                    /usr/lib/x86_64-linux-gnu/libgtk-x11-2.0.so.0.2400.20
7f4b7fffd000-7f4b80000000 rw-p 00000000 00:00 0 
7f4b80000000-7f4b801fa000 rw-p 00000000 00:00 0 
7f4b801fa000-7f4b84000000 ---p 00000000 00:00 0 
7f4b84000000-7f4b84021000 rw-p 00000000 00:00 0 
7f4b84021000-7f4b88000000 ---p 00000000 00:00 0 
7f4b88000000-7f4b88021000 rw-p 00000000 00:00 0 
7f4b88021000-7f4b8c000000 ---p 00000000 00:00 0 
7f4b8c000000-7f4b8c20b000 rw-p 00000000 00:00 0 
7f4b8c20b000-7f4b90000000 ---p 00000000 00:00 0 
7f4b90000000-7f4b90021000 rw-p 00000000 00:00 0 
7f4b90021000-7f4b94000000 ---p 00000000 00:00 0 
7f4b94000000-7f4b94021000 rw-p 00000000 00:00 0 
7f4b94021000-7f4b98000000 ---p 00000000 00:00 0 
7f4b98000000-7f4b98021000 rw-p 00000000 00:00 0 
7f4b98021000-7f4b9c000000 ---p 00000000 00:00 0 
7f4b9c000000-7f4b9c021000 rw-p 00000000 00:00 0 
7f4b9c021000-7f4ba0000000 ---p 00000000 00:00 0 
7f4ba0000000-7f4ba0021000 rw-p 00000000 00:00 0 
7f4ba0021000-7f4ba4000000 ---p 00000000 00:00 0 
7f4ba401c000-7f4ba401d000 r--s 00b77000 08:05 1836934                    /home/eric/workspace/Pact/lib/javacv7/opencv-2.4.8-windows-x86_64.jar
7f4ba401d000-7f4ba401f000 r--s 00a86000 08:05 1836956                    /home/eric/workspace/Pact/lib/javacv7/opencv-2.4.8-windows-x86.jar
7f4ba401f000-7f4ba4020000 r--s 00534000 08:05 1836960                    /home/eric/workspace/Pact/lib/javacv7/opencv-2.4.8-macosx-x86_64.jar
7f4ba4020000-7f4ba4021000 r--s 0058b000 08:05 1836937                    /home/eric/workspace/Pact/lib/javacv7/opencv-2.4.8-linux-x86_64.jar
7f4ba4021000-7f4ba4022000 r--s 00590000 08:05 1836926                    /home/eric/workspace/Pact/lib/javacv7/opencv-2.4.8-linux-x86.jar
7f4ba4022000-7f4ba4024000 r--s 00637000 08:05 1836933                    /home/eric/workspace/Pact/lib/javacv7/opencv-2.4.8-android-arm.jar
7f4ba4024000-7f4ba4025000 r--s 002fe000 08:05 1836989                    /home/eric/workspace/Pact/lib/javacv7/javacv-android-arm.jar
7f4ba4025000-7f4ba403e000 r--s 00101000 08:05 1836987                    /home/eric/workspace/Pact/lib/javacv7/javacv.jar
7f4ba403e000-7f4ba4040000 r--s 001b9000 08:05 1836984                    /home/eric/workspace/Pact/lib/javacv7/javacv-windows-x86_64.jar
7f4ba4040000-7f4ba4042000 r--s 00149000 08:05 1836986                    /home/eric/workspace/Pact/lib/javacv7/javacv-windows-x86.jar
7f4ba4042000-7f4ba4044000 r--s 001bd000 08:05 1836990                    /home/eric/workspace/Pact/lib/javacv7/javacv-macosx-x86_64.jar
7f4ba4044000-7f4ba4046000 r--s 001cf000 08:05 1836983                    /home/eric/workspace/Pact/lib/javacv7/javacv-linux-x86_64.jar
7f4ba4046000-7f4ba4048000 r--s 001b0000 08:05 1836988                    /home/eric/workspace/Pact/lib/javacv7/javacv-linux-x86.jar
7f4ba4048000-7f4ba404c000 r--s 00024000 08:05 1836985                    /home/eric/workspace/Pact/lib/javacv7/javacpp.jar
7f4ba404c000-7f4ba404d000 r--s 00ab4000 08:05 1836946                    /home/eric/workspace/Pact/lib/javacv7/ffmpeg-2.1.1-windows-x86_64.jar
7f4ba404d000-7f4ba404e000 r--s 00a39000 08:05 1836944                    /home/eric/workspace/Pact/lib/javacv7/ffmpeg-2.1.1-windows-x86.jar
7f4ba404e000-7f4ba404f000 r--s 0053d000 08:05 1836949                    /home/eric/workspace/Pact/lib/javacv7/ffmpeg-2.1.1-macosx-x86_64.jar
7f4ba404f000-7f4ba4050000 r--s 0054d000 08:05 1836951                    /home/eric/workspace/Pact/lib/javacv7/ffmpeg-2.1.1-linux-x86_64.jar
7f4ba4050000-7f4ba4054000 r--s 0002a000 08:05 1836433                    /home/eric/workspace/Pact/lib/apache commons/commons-io-2.4/commons-io-2.4.jar
7f4ba4054000-7f4ba4065000 r--s 00169000 08:05 1836436                    /home/eric/workspace/Pact/lib/jfreechart/jfreechart-1.0.17.jar
7f4ba4065000-7f4ba406b000 r--s 0004a000 08:05 1836435                    /home/eric/workspace/Pact/lib/jfreechart/jcommon-1.0.21.jar
7f4ba406b000-7f4ba408a000 r-xp 00000000 08:01 1585693                    /usr/lib/x86_64-linux-gnu/libgdk_pixbuf-2.0.so.0.2800.1
7f4ba408a000-7f4ba4289000 ---p 0001f000 08:01 1585693                    /usr/lib/x86_64-linux-gnu/libgdk_pixbuf-2.0.so.0.2800.1
7f4ba4289000-7f4ba428a000 r--p 0001e000 08:01 1585693                    /usr/lib/x86_64-linux-gnu/libgdk_pixbuf-2.0.so.0.2800.1
7f4ba428a000-7f4ba428b000 rw-p 0001f000 08:01 1585693                    /usr/lib/x86_64-linux-gnu/libgdk_pixbuf-2.0.so.0.2800.1
7f4ba428b000-7f4ba4338000 r-xp 00000000 08:01 1585691                    /usr/lib/x86_64-linux-gnu/libgdk-x11-2.0.so.0.2400.20
7f4ba4338000-7f4ba4537000 ---p 000ad000 08:01 1585691                    /usr/lib/x86_64-linux-gnu/libgdk-x11-2.0.so.0.2400.20
7f4ba4537000-7f4ba453b000 r--p 000ac000 08:01 1585691                    /usr/lib/x86_64-linux-gnu/libgdk-x11-2.0.so.0.2400.20
7f4ba453b000-7f4ba453d000 rw-p 000b0000 08:01 1585691                    /usr/lib/x86_64-linux-gnu/libgdk-x11-2.0.so.0.2400.20
7f4ba453d000-7f4ba454c000 r-xp 00000000 08:01 1585385                    /usr/lib/x86_64-linux-gnu/libXi.so.6.1.0
7f4ba454c000-7f4ba474b000 ---p 0000f000 08:01 1585385                    /usr/lib/x86_64-linux-gnu/libXi.so.6.1.0
7f4ba474b000-7f4ba474c000 r--p 0000e000 08:01 1585385                    /usr/lib/x86_64-linux-gnu/libXi.so.6.1.0
7f4ba474c000-7f4ba474d000 rw-p 0000f000 08:01 1585385                    /usr/lib/x86_64-linux-gnu/libXi.so.6.1.0
7f4ba474d000-7f4ba4752000 r-xp 00000000 08:01 1585403                    /usr/lib/x86_64-linux-gnu/libXtst.so.6.1.0
7f4ba4752000-7f4ba4951000 ---p 00005000 08:01 1585403                    /usr/lib/x86_64-linux-gnu/libXtst.so.6.1.0
7f4ba4951000-7f4ba4952000 r--p 00004000 08:01 1585403                    /usr/lib/x86_64-linux-gnu/libXtst.so.6.1.0
7f4ba4952000-7f4ba4953000 rw-p 00005000 08:01 1585403                    /usr/lib/x86_64-linux-gnu/libXtst.so.6.1.0
7f4ba4953000-7f4ba495c000 r-xp 00000000 08:01 1585399                    /usr/lib/x86_64-linux-gnu/libXrender.so.1.3.0
7f4ba495c000-7f4ba4b5b000 ---p 00009000 08:01 1585399                    /usr/lib/x86_64-linux-gnu/libXrender.so.1.3.0
7f4ba4b5b000-7f4ba4b5c000 r--p 00008000 08:01 1585399                    /usr/lib/x86_64-linux-gnu/libXrender.so.1.3.0
7f4ba4b5c000-7f4ba4b5d000 rw-p 00009000 08:01 1585399                    /usr/lib/x86_64-linux-gnu/libXrender.so.1.3.0
7f4ba4b5d000-7f4ba4c8d000 r-xp 00000000 08:01 1585360                    /usr/lib/x86_64-linux-gnu/libX11.so.6.3.0
7f4ba4c8d000-7f4ba4e8d000 ---p 00130000 08:01 1585360                    /usr/lib/x86_64-linux-gnu/libX11.so.6.3.0
7f4ba4e8d000-7f4ba4e8e000 r--p 00130000 08:01 1585360                    /usr/lib/x86_64-linux-gnu/libX11.so.6.3.0
7f4ba4e8e000-7f4ba4e92000 rw-p 00131000 08:01 1585360                    /usr/lib/x86_64-linux-gnu/libX11.so.6.3.0
7f4ba4e92000-7f4ba4ea3000 r-xp 00000000 08:01 1585377                    /usr/lib/x86_64-linux-gnu/libXext.so.6.4.0
7f4ba4ea3000-7f4ba50a2000 ---p 00011000 08:01 1585377                    /usr/lib/x86_64-linux-gnu/libXext.so.6.4.0
7f4ba50a2000-7f4ba50a3000 r--p 00010000 08:01 1585377                    /usr/lib/x86_64-linux-gnu/libXext.so.6.4.0
7f4ba50a3000-7f4ba50a4000 rw-p 00011000 08:01 1585377                    /usr/lib/x86_64-linux-gnu/libXext.so.6.4.0
7f4ba50a4000-7f4ba50f5000 r-xp 00000000 08:01 1609680                    /usr/lib/jvm/java-7-openjdk-amd64/jre/lib/amd64/xawt/libmawt.so
7f4ba50f5000-7f4ba52f4000 ---p 00051000 08:01 1609680                    /usr/lib/jvm/java-7-openjdk-amd64/jre/lib/amd64/xawt/libmawt.so
7f4ba52f4000-7f4ba52f5000 r--p 00050000 08:01 1609680                    /usr/lib/jvm/java-7-openjdk-amd64/jre/lib/amd64/xawt/libmawt.so
7f4ba52f5000-7f4ba52f8000 rw-p 00051000 08:01 1609680                    /usr/lib/jvm/java-7-openjdk-amd64/jre/lib/amd64/xawt/libmawt.so
7f4ba52f8000-7f4ba52f9000 rw-p 00000000 00:00 0 
7f4ba52f9000-7f4ba5399000 r-xp 00000000 08:01 1606889                    /usr/lib/jvm/java-7-openjdk-amd64/jre/lib/amd64/libawt.so
7f4ba5399000-7f4ba5598000 ---p 000a0000 08:01 1606889                    /usr/lib/jvm/java-7-openjdk-amd64/jre/lib/amd64/libawt.so
7f4ba5598000-7f4ba5599000 r--p 0009f000 08:01 1606889                    /usr/lib/jvm/java-7-openjdk-amd64/jre/lib/amd64/libawt.so
7f4ba5599000-7f4ba55a4000 rw-p 000a0000 08:01 1606889                    /usr/lib/jvm/java-7-openjdk-amd64/jre/lib/amd64/libawt.so
7f4ba55a4000-7f4ba55c9000 rw-p 00000000 00:00 0 
7f4ba55c9000-7f4ba55ca000 ---p 00000000 00:00 0 
7f4ba55ca000-7f4ba56ca000 rw-p 00000000 00:00 0                          [stack:29906]
7f4ba56ca000-7f4ba56cd000 ---p 00000000 00:00 0 
7f4ba56cd000-7f4ba57cb000 rw-p 00000000 00:00 0                          [stack:29905]
7f4ba57cb000-7f4ba57ce000 ---p 00000000 00:00 0 
7f4ba57ce000-7f4ba58cc000 rw-p 00000000 00:00 0                          [stack:29904]
7f4ba58cc000-7f4ba58cf000 ---p 00000000 00:00 0 
7f4ba58cf000-7f4ba59cd000 rw-p 00000000 00:00 0                          [stack:29903]
7f4ba59cd000-7f4ba59d0000 ---p 00000000 00:00 0 
7f4ba59d0000-7f4ba5ace000 rw-p 00000000 00:00 0                          [stack:29902]
7f4ba5ace000-7f4ba61b5000 r--p 00000000 08:01 1583966                    /usr/lib/locale/locale-archive
7f4ba61b5000-7f4ba61b8000 ---p 00000000 00:00 0 
7f4ba61b8000-7f4ba62b6000 rw-p 00000000 00:00 0                          [stack:29901]
7f4ba62b6000-7f4ba62b9000 ---p 00000000 00:00 0 
7f4ba62b9000-7f4ba63b7000 rw-p 00000000 00:00 0                          [stack:29900]
7f4ba63b7000-7f4ba63b8000 ---p 00000000 00:00 0 
7f4ba63b8000-7f4ba64b8000 rw-p 00000000 00:00 0                          [stack:29899]
7f4ba64b8000-7f4ba65b9000 rw-p 00000000 00:00 0 
7f4ba65b9000-7f4ba66ba000 rw-p 00000000 00:00 0 
7f4ba66ba000-7f4ba67bb000 rw-p 00000000 00:00 0 
7f4ba67bb000-7f4ba68bc000 rw-p 00000000 00:00 0 
7f4ba68bc000-7f4ba69bd000 rw-p 00000000 00:00 0 
7f4ba69bd000-7f4ba6abe000 rw-p 00000000 00:00 0 
7f4ba6abe000-7f4ba6bbf000 rw-p 00000000 00:00 0 
7f4ba6bbf000-7f4ba6cc0000 rw-p 00000000 00:00 0 
7f4ba6cc0000-7f4ba9000000 rw-p 00000000 00:00 0 
7f4ba9000000-7f4ba9270000 rwxp 00000000 00:00 0 
7f4ba9270000-7f4bac000000 rw-p 00000000 00:00 0 
7f4bac000000-7f4bac337000 rw-p 00000000 00:00 0 
7f4bac337000-7f4bb0000000 ---p 00000000 00:00 0 
7f4bb0000000-7f4bb000b000 r--s 00099000 08:05 1836461                    /home/eric/workspace/Pact/lib/lwjgl/jar/slick.jar
7f4bb000b000-7f4bb0019000 r--s 000ea000 08:05 1836453                    /home/eric/workspace/Pact/lib/lwjgl/jar/lwjgl.jar
7f4bb0019000-7f4bb001d000 r--s 00027000 08:05 1836455                    /home/eric/workspace/Pact/lib/lwjgl/jar/lwjgl_util.jar
7f4bb001d000-7f4bb004e000 rw-p 00000000 00:00 0 
7f4bb004e000-7f4bb0058000 r--s 000b8000 08:01 1606895                    /usr/lib/jvm/java-7-openjdk-amd64/jre/lib/resources.jar
7f4bb0058000-7f4bb005f000 r--s 00000000 08:01 1841051                    /usr/lib/x86_64-linux-gnu/gconv/gconv-modules.cache
7f4bb005f000-7f4bb0085000 r--p 00000000 08:01 1986580                    /usr/share/locale-langpack/fr/LC_MESSAGES/libc.mo
7f4bb0085000-7f4bb00a6000 rw-p 00000000 00:00 0 
7f4bb00a6000-7f4bb00c7000 rw-p 00000000 00:00 0 
7f4bb00c7000-7f4bb00e8000 rw-p 00000000 00:00 0 
7f4bb00e8000-7f4bb01e9000 rw-p 00000000 00:00 0 
7f4bb01e9000-7f4bb0231000 rw-p 00000000 00:00 0 
7f4bb0231000-7f4bb03df000 r--s 01cf4000 08:01 1606922                    /usr/lib/jvm/java-7-openjdk-amd64/jre/lib/rt.jar
7f4bb03df000-7f4bb0455000 rw-p 00000000 00:00 0 
7f4bb0455000-7f4bb04b0000 rw-p 00000000 00:00 0 
7f4bb04b0000-7f4bb04d8000 rw-p 00000000 00:00 0 
7f4bb04d8000-7f4bb070c000 rw-p 00000000 00:00 0 
7f4bb070c000-7f4bb070d000 ---p 00000000 00:00 0 
7f4bb070d000-7f4bb080d000 rw-p 00000000 00:00 0                          [stack:29898]
7f4bb080d000-7f4bb080e000 ---p 00000000 00:00 0 
7f4bb080e000-7f4bb090e000 rw-p 00000000 00:00 0                          [stack:29897]
7f4bb090e000-7f4bb0919000 rw-p 00000000 00:00 0 
7f4bb0919000-7f4bb0961000 rw-p 00000000 00:00 0 
7f4bb0961000-7f4bb0975000 rw-p 00000000 00:00 0 
7f4bb0975000-7f4bb0aa2000 rw-p 00000000 00:00 0 
7f4bb0aa2000-7f4bb0aad000 rw-p 00000000 00:00 0 
7f4bb0aad000-7f4bb0af5000 rw-p 00000000 00:00 0 
7f4bb0af5000-7f4bb0b09000 rw-p 00000000 00:00 0 
7f4bb0b09000-7f4bb0c35000 rw-p 00000000 00:00 0 
7f4bb0c35000-7f4bb0c40000 rw-p 00000000 00:00 0 
7f4bb0c40000-7f4bb0cd6000 rw-p 00000000 00:00 0 
7f4bb0cd6000-7f4bb0cd7000 rw-p 00000000 00:00 0 
7f4bb0cd7000-7f4bb0cdf000 r-xp 00000000 08:01 1606855                    /usr/lib/jvm/java-7-openjdk-amd64/jre/lib/amd64/libzip.so
7f4bb0cdf000-7f4bb0ede000 ---p 00008000 08:01 1606855                    /usr/lib/jvm/java-7-openjdk-amd64/jre/lib/amd64/libzip.so
7f4bb0ede000-7f4bb0edf000 r--p 00007000 08:01 1606855                    /usr/lib/jvm/java-7-openjdk-amd64/jre/lib/amd64/libzip.so
7f4bb0edf000-7f4bb0ee0000 rw-p 00008000 08:01 1606855                    /usr/lib/jvm/java-7-openjdk-amd64/jre/lib/amd64/libzip.so
7f4bb0ee0000-7f4bb0eec000 r-xp 00000000 08:01 2105396                    /lib/x86_64-linux-gnu/libnss_files-2.17.so
7f4bb0eec000-7f4bb10eb000 ---p 0000c000 08:01 2105396                    /lib/x86_64-linux-gnu/libnss_files-2.17.so
7f4bb10eb000-7f4bb10ec000 r--p 0000b000 08:01 2105396                    /lib/x86_64-linux-gnu/libnss_files-2.17.so
7f4bb10ec000-7f4bb10ed000 rw-p 0000c000 08:01 2105396                    /lib/x86_64-linux-gnu/libnss_files-2.17.so
7f4bb10ed000-7f4bb10f8000 r-xp 00000000 08:01 2105400                    /lib/x86_64-linux-gnu/libnss_nis-2.17.so
7f4bb10f8000-7f4bb12f7000 ---p 0000b000 08:01 2105400                    /lib/x86_64-linux-gnu/libnss_nis-2.17.so
7f4bb12f7000-7f4bb12f8000 r--p 0000a000 08:01 2105400                    /lib/x86_64-linux-gnu/libnss_nis-2.17.so
7f4bb12f8000-7f4bb12f9000 rw-p 0000b000 08:01 2105400                    /lib/x86_64-linux-gnu/libnss_nis-2.17.so
7f4bb12f9000-7f4bb1310000 r-xp 00000000 08:01 2105390                    /lib/x86_64-linux-gnu/libnsl-2.17.so
7f4bb1310000-7f4bb150f000 ---p 00017000 08:01 2105390                    /lib/x86_64-linux-gnu/libnsl-2.17.so
7f4bb150f000-7f4bb1510000 r--p 00016000 08:01 2105390                    /lib/x86_64-linux-gnu/libnsl-2.17.so
7f4bb1510000-7f4bb1511000 rw-p 00017000 08:01 2105390                    /lib/x86_64-linux-gnu/libnsl-2.17.so
7f4bb1511000-7f4bb1513000 rw-p 00000000 00:00 0 
7f4bb1513000-7f4bb151b000 r-xp 00000000 08:01 2105392                    /lib/x86_64-linux-gnu/libnss_compat-2.17.so
7f4bb151b000-7f4bb171a000 ---p 00008000 08:01 2105392                    /lib/x86_64-linux-gnu/libnss_compat-2.17.so
7f4bb171a000-7f4bb171b000 r--p 00007000 08:01 2105392                    /lib/x86_64-linux-gnu/libnss_compat-2.17.so
7f4bb171b000-7f4bb171c000 rw-p 00008000 08:01 2105392                    /lib/x86_64-linux-gnu/libnss_compat-2.17.so
7f4bb171c000-7f4bb1747000 r-xp 00000000 08:01 1606852                    /usr/lib/jvm/java-7-openjdk-amd64/jre/lib/amd64/libjava.so
7f4bb1747000-7f4bb1946000 ---p 0002b000 08:01 1606852                    /usr/lib/jvm/java-7-openjdk-amd64/jre/lib/amd64/libjava.so
7f4bb1946000-7f4bb1947000 r--p 0002a000 08:01 1606852                    /usr/lib/jvm/java-7-openjdk-amd64/jre/lib/amd64/libjava.so
7f4bb1947000-7f4bb1949000 rw-p 0002b000 08:01 1606852                    /usr/lib/jvm/java-7-openjdk-amd64/jre/lib/amd64/libjava.so
7f4bb1949000-7f4bb1959000 r-xp 00000000 08:01 1606866                    /usr/lib/jvm/java-7-openjdk-amd64/jre/lib/amd64/libverify.so
7f4bb1959000-7f4bb1b58000 ---p 00010000 08:01 1606866                    /usr/lib/jvm/java-7-openjdk-amd64/jre/lib/amd64/libverify.so
7f4bb1b58000-7f4bb1b5a000 r--p 0000f000 08:01 1606866                    /usr/lib/jvm/java-7-openjdk-amd64/jre/lib/amd64/libverify.so
7f4bb1b5a000-7f4bb1b5b000 rw-p 00011000 08:01 1606866                    /usr/lib/jvm/java-7-openjdk-amd64/jre/lib/amd64/libverify.so
7f4bb1b5b000-7f4bb1b62000 r-xp 00000000 08:01 2105443                    /lib/x86_64-linux-gnu/librt-2.17.so
7f4bb1b62000-7f4bb1d61000 ---p 00007000 08:01 2105443                    /lib/x86_64-linux-gnu/librt-2.17.so
7f4bb1d61000-7f4bb1d62000 r--p 00006000 08:01 2105443                    /lib/x86_64-linux-gnu/librt-2.17.so
7f4bb1d62000-7f4bb1d63000 rw-p 00007000 08:01 2105443                    /lib/x86_64-linux-gnu/librt-2.17.so
7f4bb1d63000-7f4bb1d78000 r-xp 00000000 08:01 2114248                    /lib/x86_64-linux-gnu/libgcc_s.so.1
7f4bb1d78000-7f4bb1f77000 ---p 00015000 08:01 2114248                    /lib/x86_64-linux-gnu/libgcc_s.so.1
7f4bb1f77000-7f4bb1f78000 r--p 00014000 08:01 2114248                    /lib/x86_64-linux-gnu/libgcc_s.so.1
7f4bb1f78000-7f4bb1f79000 rw-p 00015000 08:01 2114248                    /lib/x86_64-linux-gnu/libgcc_s.so.1
7f4bb1f79000-7f4bb207c000 r-xp 00000000 08:01 2105371                    /lib/x86_64-linux-gnu/libm-2.17.so
7f4bb207c000-7f4bb227b000 ---p 00103000 08:01 2105371                    /lib/x86_64-linux-gnu/libm-2.17.so
7f4bb227b000-7f4bb227c000 r--p 00102000 08:01 2105371                    /lib/x86_64-linux-gnu/libm-2.17.so
7f4bb227c000-7f4bb227d000 rw-p 00103000 08:01 2105371                    /lib/x86_64-linux-gnu/libm-2.17.so
7f4bb227d000-7f4bb2363000 r-xp 00000000 08:01 1582398                    /usr/lib/x86_64-linux-gnu/libstdc++.so.6.0.18
7f4bb2363000-7f4bb2562000 ---p 000e6000 08:01 1582398                    /usr/lib/x86_64-linux-gnu/libstdc++.so.6.0.18
7f4bb2562000-7f4bb256a000 r--p 000e5000 08:01 1582398                    /usr/lib/x86_64-linux-gnu/libstdc++.so.6.0.18
7f4bb256a000-7f4bb256c000 rw-p 000ed000 08:01 1582398                    /usr/lib/x86_64-linux-gnu/libstdc++.so.6.0.18
7f4bb256c000-7f4bb2581000 rw-p 00000000 00:00 0 
7f4bb2581000-7f4bb3060000 r-xp 00000000 08:01 1606880                    /usr/lib/jvm/java-7-openjdk-amd64/jre/lib/amd64/server/libjvm.so
7f4bb3060000-7f4bb325f000 ---p 00adf000 08:01 1606880                    /usr/lib/jvm/java-7-openjdk-amd64/jre/lib/amd64/server/libjvm.so
7f4bb325f000-7f4bb32f1000 r--p 00ade000 08:01 1606880                    /usr/lib/jvm/java-7-openjdk-amd64/jre/lib/amd64/server/libjvm.so
7f4bb32f1000-7f4bb3314000 rw-p 00b70000 08:01 1606880                    /usr/lib/jvm/java-7-openjdk-amd64/jre/lib/amd64/server/libjvm.so
7f4bb3314000-7f4bb3341000 rw-p 00000000 00:00 0 
7f4bb3341000-7f4bb3359000 r-xp 00000000 08:01 2105478                    /lib/x86_64-linux-gnu/libz.so.1.2.8
7f4bb3359000-7f4bb3558000 ---p 00018000 08:01 2105478                    /lib/x86_64-linux-gnu/libz.so.1.2.8
7f4bb3558000-7f4bb3559000 r--p 00017000 08:01 2105478                    /lib/x86_64-linux-gnu/libz.so.1.2.8
7f4bb3559000-7f4bb355a000 rw-p 00018000 08:01 2105478                    /lib/x86_64-linux-gnu/libz.so.1.2.8
7f4bb355a000-7f4bb3571000 r-xp 00000000 08:01 2105435                    /lib/x86_64-linux-gnu/libpthread-2.17.so
7f4bb3571000-7f4bb3771000 ---p 00017000 08:01 2105435                    /lib/x86_64-linux-gnu/libpthread-2.17.so
7f4bb3771000-7f4bb3772000 r--p 00017000 08:01 2105435                    /lib/x86_64-linux-gnu/libpthread-2.17.so
7f4bb3772000-7f4bb3773000 rw-p 00018000 08:01 2105435                    /lib/x86_64-linux-gnu/libpthread-2.17.so
7f4bb3773000-7f4bb3777000 rw-p 00000000 00:00 0 
7f4bb3777000-7f4bb377a000 r-xp 00000000 08:01 2105335                    /lib/x86_64-linux-gnu/libdl-2.17.so
7f4bb377a000-7f4bb3979000 ---p 00003000 08:01 2105335                    /lib/x86_64-linux-gnu/libdl-2.17.so
7f4bb3979000-7f4bb397a000 r--p 00002000 08:01 2105335                    /lib/x86_64-linux-gnu/libdl-2.17.so
7f4bb397a000-7f4bb397b000 rw-p 00003000 08:01 2105335                    /lib/x86_64-linux-gnu/libdl-2.17.so
7f4bb397b000-7f4bb3b38000 r-xp 00000000 08:01 2105320                    /lib/x86_64-linux-gnu/libc-2.17.so
7f4bb3b38000-7f4bb3d38000 ---p 001bd000 08:01 2105320                    /lib/x86_64-linux-gnu/libc-2.17.so
7f4bb3d38000-7f4bb3d3c000 r--p 001bd000 08:01 2105320                    /lib/x86_64-linux-gnu/libc-2.17.so
7f4bb3d3c000-7f4bb3d3e000 rw-p 001c1000 08:01 2105320                    /lib/x86_64-linux-gnu/libc-2.17.so
7f4bb3d3e000-7f4bb3d43000 rw-p 00000000 00:00 0 
7f4bb3d43000-7f4bb3d50000 r-xp 00000000 08:01 1606886                    /usr/lib/jvm/java-7-openjdk-amd64/jre/lib/amd64/jli/libjli.so
7f4bb3d50000-7f4bb3f4f000 ---p 0000d000 08:01 1606886                    /usr/lib/jvm/java-7-openjdk-amd64/jre/lib/amd64/jli/libjli.so
7f4bb3f4f000-7f4bb3f50000 r--p 0000c000 08:01 1606886                    /usr/lib/jvm/java-7-openjdk-amd64/jre/lib/amd64/jli/libjli.so
7f4bb3f50000-7f4bb3f51000 rw-p 0000d000 08:01 1606886                    /usr/lib/jvm/java-7-openjdk-amd64/jre/lib/amd64/jli/libjli.so
7f4bb3f51000-7f4bb3f74000 r-xp 00000000 08:01 2105296                    /lib/x86_64-linux-gnu/ld-2.17.so
7f4bb3f74000-7f4bb3f76000 r--s 0059a000 08:05 1836952                    /home/eric/workspace/Pact/lib/javacv7/ffmpeg-2.1.1-android-arm.jar
7f4bb3f76000-7f4bb3f78000 r--s 00006000 08:01 1858196                    /usr/share/java/java-atk-wrapper.jar
7f4bb3f78000-7f4bb3f7a000 r--s 00012000 08:01 1606900                    /usr/lib/jvm/java-7-openjdk-amd64/jre/lib/ext/zipfs.jar
7f4bb3f7a000-7f4bb3f91000 rw-p 00000000 00:00 0 
7f4bb3f91000-7f4bb3f9b000 rw-p 00000000 00:00 0 
7f4bb3f9b000-7f4bb4051000 rw-p 00000000 00:00 0 
7f4bb4051000-7f4bb4054000 ---p 00000000 00:00 0 
7f4bb4054000-7f4bb4152000 rw-p 00000000 00:00 0                          [stack:29896]
7f4bb4152000-7f4bb4154000 rw-p 00000000 00:00 0 
7f4bb4154000-7f4bb4155000 rw-p 00000000 00:00 0 
7f4bb4155000-7f4bb4156000 rw-p 00000000 00:00 0 
7f4bb4156000-7f4bb4157000 rw-p 00000000 00:00 0 
7f4bb4157000-7f4bb4158000 r--s 00545000 08:05 1836958                    /home/eric/workspace/Pact/lib/javacv7/ffmpeg-2.1.1-linux-x86.jar
7f4bb4158000-7f4bb415b000 r--s 00032000 08:01 1606901                    /usr/lib/jvm/java-7-openjdk-amd64/jre/lib/ext/sunjce_provider.jar
7f4bb415b000-7f4bb415f000 r--s 0003b000 08:01 1606903                    /usr/lib/jvm/java-7-openjdk-amd64/jre/lib/ext/sunpkcs11.jar
7f4bb415f000-7f4bb4162000 r--s 0000f000 08:01 1606899                    /usr/lib/jvm/java-7-openjdk-amd64/jre/lib/ext/pulse-java.jar
7f4bb4162000-7f4bb4163000 r--s 00002000 08:01 1606902                    /usr/lib/jvm/java-7-openjdk-amd64/jre/lib/ext/dnsns.jar
7f4bb4163000-7f4bb4167000 r--s 00085000 08:01 1606898                    /usr/lib/jvm/java-7-openjdk-amd64/jre/lib/ext/localedata.jar
7f4bb4167000-7f4bb416f000 rw-s 00000000 08:01 1313786                    /tmp/hsperfdata_eric/29891
7f4bb416f000-7f4bb4170000 rw-p 00000000 00:00 0 
7f4bb4170000-7f4bb4171000 r--p 00000000 00:00 0 
7f4bb4171000-7f4bb4173000 rw-p 00000000 00:00 0 
7f4bb4173000-7f4bb4174000 r--p 00022000 08:01 2105296                    /lib/x86_64-linux-gnu/ld-2.17.so
7f4bb4174000-7f4bb4176000 rw-p 00023000 08:01 2105296                    /lib/x86_64-linux-gnu/ld-2.17.so
7fffa4aac000-7fffa4acd000 rw-p 00000000 00:00 0                          [stack]
7fffa4bf9000-7fffa4bfb000 r-xp 00000000 00:00 0                          [vdso]
ffffffffff600000-ffffffffff601000 r-xp 00000000 00:00 0                  [vsyscall]

VM Arguments:
jvm_args: -Dfile.encoding=UTF-8 
java_command: image_default.main
Launcher Type: SUN_STANDARD

Environment Variables:
PATH=/usr/lib/lightdm/lightdm:/usr/local/sbin:/usr/local/bin:/usr/sbin:/usr/bin:/sbin:/bin:/usr/games:/usr/local/games
SHELL=/bin/bash
DISPLAY=:0

Signal Handlers:
SIGSEGV: [libjvm.so+0x916ea0], sa_mask[0]=0x7ffbfeff, sa_flags=0x10000004
SIGBUS: [libjvm.so+0x916ea0], sa_mask[0]=0x7ffbfeff, sa_flags=0x10000004
SIGFPE: [libjvm.so+0x794800], sa_mask[0]=0x7ffbfeff, sa_flags=0x10000004
SIGPIPE: [libjvm.so+0x794800], sa_mask[0]=0x7ffbfeff, sa_flags=0x10000004
SIGXFSZ: [libjvm.so+0x794800], sa_mask[0]=0x7ffbfeff, sa_flags=0x10000004
SIGILL: [libjvm.so+0x794800], sa_mask[0]=0x7ffbfeff, sa_flags=0x10000004
SIGUSR1: SIG_DFL, sa_mask[0]=0x00000000, sa_flags=0x00000000
SIGUSR2: [libjvm.so+0x7946a0], sa_mask[0]=0x00000004, sa_flags=0x10000004
SIGHUP: [libjvm.so+0x794880], sa_mask[0]=0x7ffbfeff, sa_flags=0x10000004
SIGINT: [libjvm.so+0x794880], sa_mask[0]=0x7ffbfeff, sa_flags=0x10000004
SIGTERM: [libjvm.so+0x794880], sa_mask[0]=0x7ffbfeff, sa_flags=0x10000004
SIGQUIT: [libjvm.so+0x794880], sa_mask[0]=0x7ffbfeff, sa_flags=0x10000004


---------------  S Y S T E M  ---------------

OS:Ubuntu 13.10 (saucy)
uname:Linux 3.13.0-031300-generic #201401192235 SMP Mon Jan 20 03:36:48 UTC 2014 x86_64
libc:glibc 2.17 NPTL 2.17 
rlimit: STACK 8192k, CORE 0k, NPROC 30622, NOFILE 4096, AS infinity
load average:0,30 0,58 0,89

/proc/meminfo:
MemTotal:        3940004 kB
MemFree:          280384 kB
Buffers:           31640 kB
Cached:          1549672 kB
SwapCached:           12 kB
Active:          1997588 kB
Inactive:        1383692 kB
Active(anon):    1475172 kB
Inactive(anon):   778076 kB
Active(file):     522416 kB
Inactive(file):   605616 kB
Unevictable:          32 kB
Mlocked:              32 kB
SwapTotal:       7845884 kB
SwapFree:        7845812 kB
Dirty:              8848 kB
Writeback:             0 kB
AnonPages:       1800084 kB
Mapped:           327092 kB
Shmem:            453240 kB
Slab:             179476 kB
SReclaimable:     143624 kB
SUnreclaim:        35852 kB
KernelStack:        4176 kB
PageTables:        35752 kB
NFS_Unstable:          0 kB
Bounce:                0 kB
WritebackTmp:          0 kB
CommitLimit:     9815884 kB
Committed_AS:    5585140 kB
VmallocTotal:   34359738367 kB
VmallocUsed:      352348 kB
VmallocChunk:   34359362324 kB
HardwareCorrupted:     0 kB
AnonHugePages:    503808 kB
HugePages_Total:       0
HugePages_Free:        0
HugePages_Rsvd:        0
HugePages_Surp:        0
Hugepagesize:       2048 kB
DirectMap4k:      104892 kB
DirectMap2M:     3981312 kB


CPU:total 2 (2 cores per cpu, 1 threads per core) family 6 model 58 stepping 9, cmov, cx8, fxsr, mmx, sse, sse2, sse3, ssse3, sse4.1, sse4.2, popcnt, erms, tsc, tscinvbit, tscinv

/proc/cpuinfo:
processor	: 0
vendor_id	: GenuineIntel
cpu family	: 6
model		: 58
model name	: Intel(R) Celeron(R) CPU 1037U @ 1.80GHz
stepping	: 9
microcode	: 0x19
cpu MHz		: 1799.929
cache size	: 2048 KB
physical id	: 0
siblings	: 2
core id		: 0
cpu cores	: 2
apicid		: 0
initial apicid	: 0
fpu		: yes
fpu_exception	: yes
cpuid level	: 13
wp		: yes
flags		: fpu vme de pse tsc msr pae mce cx8 apic sep mtrr pge mca cmov pat pse36 clflush dts acpi mmx fxsr sse sse2 ss ht tm pbe syscall nx rdtscp lm constant_tsc arch_perfmon pebs bts rep_good nopl xtopology nonstop_tsc aperfmperf eagerfpu pni pclmulqdq dtes64 monitor ds_cpl vmx est tm2 ssse3 cx16 xtpr pdcm pcid sse4_1 sse4_2 x2apic popcnt tsc_deadline_timer xsave lahf_lm arat epb xsaveopt pln pts dtherm tpr_shadow vnmi flexpriority ept vpid fsgsbase smep erms
bogomips	: 3591.53
clflush size	: 64
cache_alignment	: 64
address sizes	: 36 bits physical, 48 bits virtual
power management:

processor	: 1
vendor_id	: GenuineIntel
cpu family	: 6
model		: 58
model name	: Intel(R) Celeron(R) CPU 1037U @ 1.80GHz
stepping	: 9
microcode	: 0x19
cpu MHz		: 1800.000
cache size	: 2048 KB
physical id	: 0
siblings	: 2
core id		: 1
cpu cores	: 2
apicid		: 2
initial apicid	: 2
fpu		: yes
fpu_exception	: yes
cpuid level	: 13
wp		: yes
flags		: fpu vme de pse tsc msr pae mce cx8 apic sep mtrr pge mca cmov pat pse36 clflush dts acpi mmx fxsr sse sse2 ss ht tm pbe syscall nx rdtscp lm constant_tsc arch_perfmon pebs bts rep_good nopl xtopology nonstop_tsc aperfmperf eagerfpu pni pclmulqdq dtes64 monitor ds_cpl vmx est tm2 ssse3 cx16 xtpr pdcm pcid sse4_1 sse4_2 x2apic popcnt tsc_deadline_timer xsave lahf_lm arat epb xsaveopt pln pts dtherm tpr_shadow vnmi flexpriority ept vpid fsgsbase smep erms
bogomips	: 3591.53
clflush size	: 64
cache_alignment	: 64
address sizes	: 36 bits physical, 48 bits virtual
power management:



Memory: 4k page, physical 3940004k(280384k free), swap 7845884k(7845812k free)

vm_info: OpenJDK 64-Bit Server VM (24.45-b08) for linux-amd64 JRE (1.7.0_51-b00), built on Jan 15 2014 22:02:57 by "buildd" with gcc 4.8.1

time: Tue Apr  8 19:23:45 2014
elapsed time: 2 seconds

