#
# A fatal error has been detected by the Java Runtime Environment:
#
#  SIGSEGV (0xb) at pc=0x00007f2987877ae4, pid=3650, tid=139816199550720
#
# JRE version: OpenJDK Runtime Environment (7.0_51-b31) (build 1.7.0_51-b31)
# Java VM: OpenJDK 64-Bit Server VM (24.51-b03 mixed mode linux-amd64 compressed oops)
# Problematic frame:
# C  [libjpeg.so.8+0x1eae4]  jpeg_save_markers+0x84
#
# Failed to write core dump. Core dumps have been disabled. To enable core dumping, try "ulimit -c unlimited" before starting Java again
#
# If you would like to submit a bug report, please include
# instructions on how to reproduce the bug and visit:
#   http://icedtea.classpath.org/bugzilla
# The crash happened outside the Java Virtual Machine in native code.
# See problematic frame for where to report the bug.
#

---------------  T H R E A D  ---------------

Current thread (0x00007f29d447a800):  JavaThread "AWT-EventQueue-0" [_thread_in_native, id=3682, stack(0x00007f297ed87000,0x00007f297ee88000)]

siginfo:si_signo=SIGSEGV: si_errno=0, si_code=1 (SEGV_MAPERR), si_addr=0x0000000000000038

Registers:
RAX=0x0000000000000001, RBX=0x00007f2968062170, RCX=0x0000000000000000, RDX=0x000000000000ffff
RSP=0x00007f297ee84238, RBP=0x00007f297ee84340, RSI=0x00000000000000e1, RDI=0x00007f2968062170
R8 =0x00007f2987877480, R9 =0x0000000000000003, R10=0x00007f297ee84000, R11=0x00007f2987877a60
R12=0x0000000000000000, R13=0x000000009abbba70, R14=0x00007f297ee843c0, R15=0x00007f29d447a800
RIP=0x00007f2987877ae4, EFLAGS=0x0000000000010293, CSGSFS=0x0000000000000033, ERR=0x0000000000000006
  TRAPNO=0x000000000000000e

Top of Stack: (sp=0x00007f297ee84238)
0x00007f297ee84238:   00007f297e4f14df 00007f29940ce398
0x00007f297ee84248:   00007f297ee843c0 00007f29d447a9d8
0x00007f297ee84258:   00007f2968062170 00007f29d447a800
0x00007f297ee84268:   00007f297e4f1420 000000009abbba70
0x00007f297ee84278:   00007f2994009808 00007f297ee842e0
0x00007f297ee84288:   00007f29dac55dc8 00000000fffffffe
0x00007f297ee84298:   0000000000000000 00007f2994009838
0x00007f297ee842a8:   00000000fffffffe 00007f297ee843a0
0x00007f297ee842b8:   00007f29d447a800 00007f2994009808
0x00007f297ee842c8:   00007f29d4457570 000000009abbba70
0x00007f297ee842d8:   00007f29d447a800 00007f297ee84330
0x00007f297ee842e8:   00007f29daaa9770 00007f29d447a800
0x00007f297ee842f8:   0000000000000000 00007f29d447a800
0x00007f297ee84308:   00007f29d1028a83 000000009abbba70
0x00007f297ee84318:   0000000000000000 000000009abbba70
0x00007f297ee84328:   1a3513264f2f7c00 00007f297ee843a0
0x00007f297ee84338:   000000009abbba70 00007f297ee843a0
0x00007f297ee84348:   00007f29d1018af9 00007f29fffffffe
0x00007f297ee84358:   0000000000000000 00007f297ee84360
0x00007f297ee84368:   000000009abbba70 00007f297ee843c0
0x00007f297ee84378:   000000009abc12d8 0000000000000000
0x00007f297ee84388:   000000009abbba70 0000000000000000
0x00007f297ee84398:   00007f297ee843c0 00007f297ee84410
0x00007f297ee843a8:   00007f29d10061f5 0000000000000000
0x00007f297ee843b8:   00007f29d1012f37 00000000e8f39b98
0x00007f297ee843c8:   00000000e8f39b98 00007f297ee843d0
0x00007f297ee843d8:   000000009abbb939 00007f297ee84428
0x00007f297ee843e8:   000000009abc12d8 0000000000000000
0x00007f297ee843f8:   000000009abbb9b0 00007f297ee843c0
0x00007f297ee84408:   00007f297ee84420 00007f297ee84478
0x00007f297ee84418:   00007f29d10060d8 00000000a5799d50
0x00007f297ee84428:   00000000e8f39b98 00000000e8f39b98 

Instructions: (pc=0x00007f2987877ae4)
0x00007f2987877ac4:   00 00 75 30 4c 8d 05 b1 f7 ff ff 81 fe fe 00 00
0x00007f2987877ad4:   00 74 d9 8d 86 20 ff ff ff 83 f8 0f 77 51 48 98
0x00007f2987877ae4:   4c 89 44 c1 30 89 94 81 b4 00 00 00 c3 0f 1f 80
0x00007f2987877af4:   00 00 00 00 81 fe e0 00 00 00 4c 8d 05 6b e0 ff 

Register to memory mapping:

RAX=0x0000000000000001 is an unknown value
RBX=0x00007f2968062170 is an unknown value
RCX=0x0000000000000000 is an unknown value
RDX=0x000000000000ffff is an unknown value
RSP=0x00007f297ee84238 is pointing into the stack for thread: 0x00007f29d447a800
RBP=0x00007f297ee84340 is pointing into the stack for thread: 0x00007f29d447a800
RSI=0x00000000000000e1 is an unknown value
RDI=0x00007f2968062170 is an unknown value
R8 =0x00007f2987877480: <offset 0x1e480> in /usr/lib/x86_64-linux-gnu/libjpeg.so.8 at 0x00007f2987859000
R9 =0x0000000000000003 is an unknown value
R10=0x00007f297ee84000 is pointing into the stack for thread: 0x00007f29d447a800
R11=0x00007f2987877a60: jpeg_save_markers+0 in /usr/lib/x86_64-linux-gnu/libjpeg.so.8 at 0x00007f2987859000
R12=0x0000000000000000 is an unknown value
R13=0x000000009abbba70 is an oop
{method} 
 - klass: {other class}
R14=0x00007f297ee843c0 is pointing into the stack for thread: 0x00007f29d447a800
R15=0x00007f29d447a800 is a thread


Stack: [0x00007f297ed87000,0x00007f297ee88000],  sp=0x00007f297ee84238,  free space=1012k
Native frames: (J=compiled Java code, j=interpreted, Vv=VM code, C=native code)
C  [libjpeg.so.8+0x1eae4]  jpeg_save_markers+0x84
j  com.sun.imageio.plugins.jpeg.JPEGImageReader.initJPEGImageReader()J+0
j  com.sun.imageio.plugins.jpeg.JPEGImageReader.<init>(Ljavax/imageio/spi/ImageReaderSpi;)V+185
j  com.sun.imageio.plugins.jpeg.JPEGImageReaderSpi.createReaderInstance(Ljava/lang/Object;)Ljavax/imageio/ImageReader;+5
j  javax.imageio.spi.ImageReaderSpi.createReaderInstance()Ljavax/imageio/ImageReader;+2
j  javax.imageio.ImageIO$ImageReaderIterator.next()Ljavax/imageio/ImageReader;+16
j  javax.imageio.ImageIO$ImageReaderIterator.next()Ljava/lang/Object;+1
j  javax.imageio.ImageIO.read(Ljavax/imageio/stream/ImageInputStream;)Ljava/awt/image/BufferedImage;+31
j  javax.imageio.ImageIO.read(Ljava/io/File;)Ljava/awt/image/BufferedImage;+51
j  image_GUI.Window.readImage(Ljava/io/File;)V+1
j  image_GUI.Window.actionPerformed(Ljava/awt/event/ActionEvent;)V+209
j  javax.swing.AbstractButton.fireActionPerformed(Ljava/awt/event/ActionEvent;)V+84
j  javax.swing.AbstractButton$Handler.actionPerformed(Ljava/awt/event/ActionEvent;)V+5
j  javax.swing.DefaultButtonModel.fireActionPerformed(Ljava/awt/event/ActionEvent;)V+35
j  javax.swing.DefaultButtonModel.setPressed(Z)V+117
j  javax.swing.AbstractButton.doClick(I)V+64
j  javax.swing.plaf.basic.BasicMenuItemUI.doClick(Ljavax/swing/MenuSelectionManager;)V+53
j  javax.swing.plaf.basic.BasicMenuItemUI$Handler.mouseReleased(Ljava/awt/event/MouseEvent;)V+76
j  java.awt.Component.processMouseEvent(Ljava/awt/event/MouseEvent;)V+64
j  javax.swing.JComponent.processMouseEvent(Ljava/awt/event/MouseEvent;)V+23
j  java.awt.Component.processEvent(Ljava/awt/AWTEvent;)V+81
j  java.awt.Container.processEvent(Ljava/awt/AWTEvent;)V+18
j  java.awt.Component.dispatchEventImpl(Ljava/awt/AWTEvent;)V+581
j  java.awt.Container.dispatchEventImpl(Ljava/awt/AWTEvent;)V+42
j  java.awt.Component.dispatchEvent(Ljava/awt/AWTEvent;)V+2
j  java.awt.LightweightDispatcher.retargetMouseEvent(Ljava/awt/Component;ILjava/awt/event/MouseEvent;)V+327
j  java.awt.LightweightDispatcher.processMouseEvent(Ljava/awt/event/MouseEvent;)Z+139
j  java.awt.LightweightDispatcher.dispatchEvent(Ljava/awt/AWTEvent;)Z+50
j  java.awt.Container.dispatchEventImpl(Ljava/awt/AWTEvent;)V+12
j  java.awt.Window.dispatchEventImpl(Ljava/awt/AWTEvent;)V+19
j  java.awt.Component.dispatchEvent(Ljava/awt/AWTEvent;)V+2
j  java.awt.EventQueue.dispatchEventImpl(Ljava/awt/AWTEvent;Ljava/lang/Object;)V+41
j  java.awt.EventQueue.access$200(Ljava/awt/EventQueue;Ljava/awt/AWTEvent;Ljava/lang/Object;)V+3
j  java.awt.EventQueue$3.run()Ljava/lang/Void;+12
j  java.awt.EventQueue$3.run()Ljava/lang/Object;+1
v  ~StubRoutines::call_stub
V  [libjvm.so+0x5c0199]  JavaCalls::call_helper(JavaValue*, methodHandle*, JavaCallArguments*, Thread*)+0x339
V  [libjvm.so+0x5bfc38]  JavaCalls::call(JavaValue*, methodHandle, JavaCallArguments*, Thread*)+0x28
V  [libjvm.so+0x5fdaf3]  JVM_DoPrivileged+0x243
j  java.security.AccessController.doPrivileged(Ljava/security/PrivilegedAction;Ljava/security/AccessControlContext;)Ljava/lang/Object;+0
j  java.security.ProtectionDomain$1.doIntersectionPrivilege(Ljava/security/PrivilegedAction;Ljava/security/AccessControlContext;Ljava/security/AccessControlContext;)Ljava/lang/Object;+28
j  java.security.ProtectionDomain$1.doIntersectionPrivilege(Ljava/security/PrivilegedAction;Ljava/security/AccessControlContext;)Ljava/lang/Object;+6
j  java.awt.EventQueue$4.run()Ljava/lang/Void;+11
j  java.awt.EventQueue$4.run()Ljava/lang/Object;+1
v  ~StubRoutines::call_stub
V  [libjvm.so+0x5c0199]  JavaCalls::call_helper(JavaValue*, methodHandle*, JavaCallArguments*, Thread*)+0x339
V  [libjvm.so+0x5bfc38]  JavaCalls::call(JavaValue*, methodHandle, JavaCallArguments*, Thread*)+0x28
V  [libjvm.so+0x5fdaf3]  JVM_DoPrivileged+0x243
j  java.security.AccessController.doPrivileged(Ljava/security/PrivilegedAction;Ljava/security/AccessControlContext;)Ljava/lang/Object;+0
j  java.security.ProtectionDomain$1.doIntersectionPrivilege(Ljava/security/PrivilegedAction;Ljava/security/AccessControlContext;Ljava/security/AccessControlContext;)Ljava/lang/Object;+28
j  java.awt.EventQueue.dispatchEvent(Ljava/awt/AWTEvent;)V+73
j  java.awt.EventDispatchThread.pumpOneEventForFilters(I)V+245
j  java.awt.EventDispatchThread.pumpEventsForFilter(ILjava/awt/Conditional;Ljava/awt/EventFilter;)V+35
j  java.awt.EventDispatchThread.pumpEventsForHierarchy(ILjava/awt/Conditional;Ljava/awt/Component;)V+11
j  java.awt.EventDispatchThread.pumpEvents(ILjava/awt/Conditional;)V+4
j  java.awt.EventDispatchThread.pumpEvents(Ljava/awt/Conditional;)V+3
j  java.awt.EventDispatchThread.run()V+9
v  ~StubRoutines::call_stub
V  [libjvm.so+0x5c0199]  JavaCalls::call_helper(JavaValue*, methodHandle*, JavaCallArguments*, Thread*)+0x339
V  [libjvm.so+0x5befee]  JavaCalls::call_virtual(JavaValue*, Handle, KlassHandle, Symbol*, Symbol*, Thread*)+0x20e
V  [libjvm.so+0x5fa041]  thread_entry(JavaThread*, Thread*)+0xd1
V  [libjvm.so+0x8cf6c0]  JavaThread::thread_main_inner()+0xf0
V  [libjvm.so+0x8cf931]  JavaThread::run()+0x221
V  [libjvm.so+0x7973e2]  java_start(Thread*)+0xf2

Java frames: (J=compiled Java code, j=interpreted, Vv=VM code)
j  com.sun.imageio.plugins.jpeg.JPEGImageReader.initJPEGImageReader()J+0
j  com.sun.imageio.plugins.jpeg.JPEGImageReader.<init>(Ljavax/imageio/spi/ImageReaderSpi;)V+185
j  com.sun.imageio.plugins.jpeg.JPEGImageReaderSpi.createReaderInstance(Ljava/lang/Object;)Ljavax/imageio/ImageReader;+5
j  javax.imageio.spi.ImageReaderSpi.createReaderInstance()Ljavax/imageio/ImageReader;+2
j  javax.imageio.ImageIO$ImageReaderIterator.next()Ljavax/imageio/ImageReader;+16
j  javax.imageio.ImageIO$ImageReaderIterator.next()Ljava/lang/Object;+1
j  javax.imageio.ImageIO.read(Ljavax/imageio/stream/ImageInputStream;)Ljava/awt/image/BufferedImage;+31
j  javax.imageio.ImageIO.read(Ljava/io/File;)Ljava/awt/image/BufferedImage;+51
j  image_GUI.Window.readImage(Ljava/io/File;)V+1
j  image_GUI.Window.actionPerformed(Ljava/awt/event/ActionEvent;)V+209
j  javax.swing.AbstractButton.fireActionPerformed(Ljava/awt/event/ActionEvent;)V+84
j  javax.swing.AbstractButton$Handler.actionPerformed(Ljava/awt/event/ActionEvent;)V+5
j  javax.swing.DefaultButtonModel.fireActionPerformed(Ljava/awt/event/ActionEvent;)V+35
j  javax.swing.DefaultButtonModel.setPressed(Z)V+117
j  javax.swing.AbstractButton.doClick(I)V+64
j  javax.swing.plaf.basic.BasicMenuItemUI.doClick(Ljavax/swing/MenuSelectionManager;)V+53
j  javax.swing.plaf.basic.BasicMenuItemUI$Handler.mouseReleased(Ljava/awt/event/MouseEvent;)V+76
j  java.awt.Component.processMouseEvent(Ljava/awt/event/MouseEvent;)V+64
j  javax.swing.JComponent.processMouseEvent(Ljava/awt/event/MouseEvent;)V+23
j  java.awt.Component.processEvent(Ljava/awt/AWTEvent;)V+81
j  java.awt.Container.processEvent(Ljava/awt/AWTEvent;)V+18
j  java.awt.Component.dispatchEventImpl(Ljava/awt/AWTEvent;)V+581
j  java.awt.Container.dispatchEventImpl(Ljava/awt/AWTEvent;)V+42
j  java.awt.Component.dispatchEvent(Ljava/awt/AWTEvent;)V+2
j  java.awt.LightweightDispatcher.retargetMouseEvent(Ljava/awt/Component;ILjava/awt/event/MouseEvent;)V+327
j  java.awt.LightweightDispatcher.processMouseEvent(Ljava/awt/event/MouseEvent;)Z+139
j  java.awt.LightweightDispatcher.dispatchEvent(Ljava/awt/AWTEvent;)Z+50
j  java.awt.Container.dispatchEventImpl(Ljava/awt/AWTEvent;)V+12
j  java.awt.Window.dispatchEventImpl(Ljava/awt/AWTEvent;)V+19
j  java.awt.Component.dispatchEvent(Ljava/awt/AWTEvent;)V+2
j  java.awt.EventQueue.dispatchEventImpl(Ljava/awt/AWTEvent;Ljava/lang/Object;)V+41
j  java.awt.EventQueue.access$200(Ljava/awt/EventQueue;Ljava/awt/AWTEvent;Ljava/lang/Object;)V+3
j  java.awt.EventQueue$3.run()Ljava/lang/Void;+12
j  java.awt.EventQueue$3.run()Ljava/lang/Object;+1
v  ~StubRoutines::call_stub
j  java.security.AccessController.doPrivileged(Ljava/security/PrivilegedAction;Ljava/security/AccessControlContext;)Ljava/lang/Object;+0
j  java.security.ProtectionDomain$1.doIntersectionPrivilege(Ljava/security/PrivilegedAction;Ljava/security/AccessControlContext;Ljava/security/AccessControlContext;)Ljava/lang/Object;+28
j  java.security.ProtectionDomain$1.doIntersectionPrivilege(Ljava/security/PrivilegedAction;Ljava/security/AccessControlContext;)Ljava/lang/Object;+6
j  java.awt.EventQueue$4.run()Ljava/lang/Void;+11
j  java.awt.EventQueue$4.run()Ljava/lang/Object;+1
v  ~StubRoutines::call_stub
j  java.security.AccessController.doPrivileged(Ljava/security/PrivilegedAction;Ljava/security/AccessControlContext;)Ljava/lang/Object;+0
j  java.security.ProtectionDomain$1.doIntersectionPrivilege(Ljava/security/PrivilegedAction;Ljava/security/AccessControlContext;Ljava/security/AccessControlContext;)Ljava/lang/Object;+28
j  java.awt.EventQueue.dispatchEvent(Ljava/awt/AWTEvent;)V+73
j  java.awt.EventDispatchThread.pumpOneEventForFilters(I)V+245
j  java.awt.EventDispatchThread.pumpEventsForFilter(ILjava/awt/Conditional;Ljava/awt/EventFilter;)V+35
j  java.awt.EventDispatchThread.pumpEventsForHierarchy(ILjava/awt/Conditional;Ljava/awt/Component;)V+11
j  java.awt.EventDispatchThread.pumpEvents(ILjava/awt/Conditional;)V+4
j  java.awt.EventDispatchThread.pumpEvents(Ljava/awt/Conditional;)V+3
j  java.awt.EventDispatchThread.run()V+9
v  ~StubRoutines::call_stub

---------------  P R O C E S S  ---------------

Java Threads: ( => current thread )
  0x00007f2968063800 JavaThread "TimerQueue" daemon [_thread_blocked, id=3698, stack(0x00007f297e882000,0x00007f297e983000)]
  0x00007f296c003000 JavaThread "Thread-1" [_thread_blocked, id=3685, stack(0x00007f297ea84000,0x00007f297eb85000)]
  0x00007f296c001000 JavaThread "Thread-0" [_thread_blocked, id=3684, stack(0x00007f297eb85000,0x00007f297ec86000)]
  0x00007f29d447c000 JavaThread "Thread-3" [_thread_blocked, id=3683, stack(0x00007f297ec86000,0x00007f297ed87000)]
=>0x00007f29d447a800 JavaThread "AWT-EventQueue-0" [_thread_in_native, id=3682, stack(0x00007f297ed87000,0x00007f297ee88000)]
  0x00007f29d4460000 JavaThread "AWT-Shutdown" [_thread_blocked, id=3681, stack(0x00007f297ee88000,0x00007f297ef89000)]
  0x00007f29d4366800 JavaThread "AWT-XAWT" daemon [_thread_in_native, id=3679, stack(0x00007f297f607000,0x00007f297f708000)]
  0x00007f29d433e800 JavaThread "Java2D Disposer" daemon [_thread_blocked, id=3678, stack(0x00007f297f708000,0x00007f297f809000)]
  0x00007f29d40b9800 JavaThread "Service Thread" daemon [_thread_blocked, id=3674, stack(0x00007f29bb2f0000,0x00007f29bb3f1000)]
  0x00007f29d40b7000 JavaThread "C2 CompilerThread1" daemon [_thread_blocked, id=3673, stack(0x00007f29bb3f1000,0x00007f29bb4f2000)]
  0x00007f29d40b4800 JavaThread "C2 CompilerThread0" daemon [_thread_blocked, id=3672, stack(0x00007f29bb4f2000,0x00007f29bb5f3000)]
  0x00007f29a8001000 JavaThread "JDWP Command Reader" daemon [_thread_in_native, id=3668, stack(0x00007f29bb5f3000,0x00007f29bb6f4000)]
  0x00007f29d40b2000 JavaThread "JDWP Event Helper Thread" daemon [_thread_blocked, id=3667, stack(0x00007f29bb6f4000,0x00007f29bb7f5000)]
  0x00007f29d40ae800 JavaThread "JDWP Transport Listener: dt_socket" daemon [_thread_blocked, id=3666, stack(0x00007f29bb7f5000,0x00007f29bb8f6000)]
  0x00007f29d40a1000 JavaThread "Signal Dispatcher" daemon [_thread_blocked, id=3664, stack(0x00007f29bbafb000,0x00007f29bbbfc000)]
  0x00007f29d407f000 JavaThread "Finalizer" daemon [_thread_blocked, id=3663, stack(0x00007f29bbbfc000,0x00007f29bbcfd000)]
  0x00007f29d407d000 JavaThread "Reference Handler" daemon [_thread_blocked, id=3662, stack(0x00007f29bbcfd000,0x00007f29bbdfe000)]
  0x00007f29d400d800 JavaThread "main" [_thread_blocked, id=3652, stack(0x00007f29dbfb7000,0x00007f29dc0b8000)]

Other Threads:
  0x00007f29d4078800 VMThread [stack: 0x00007f29bbdfe000,0x00007f29bbeff000] [id=3661]
  0x00007f29d40c4000 WatcherThread [stack: 0x00007f29bb1ef000,0x00007f29bb2f0000] [id=3675]

VM state:not at safepoint (normal execution)

VM Mutex/Monitor currently owned by a thread: None

Heap
 PSYoungGen      total 486912K, used 149631K [0x00000000e1600000, 0x00000000fff00000, 0x0000000100000000)
  eden space 474112K, 31% used [0x00000000e1600000,0x00000000ea81ff88,0x00000000fe500000)
  from space 12800K, 0% used [0x00000000ff280000,0x00000000ff280000,0x00000000fff00000)
  to   space 13312K, 0% used [0x00000000fe500000,0x00000000fe500000,0x00000000ff200000)
 ParOldGen       total 62464K, used 25262K [0x00000000a4200000, 0x00000000a7f00000, 0x00000000e1600000)
  object space 62464K, 40% used [0x00000000a4200000,0x00000000a5aaba90,0x00000000a7f00000)
 PSPermGen       total 21504K, used 16158K [0x0000000099c00000, 0x000000009b100000, 0x00000000a4200000)
  object space 21504K, 75% used [0x0000000099c00000,0x000000009abc7b90,0x000000009b100000)

Card table byte_map: [0x00007f29d0ccd000,0x00007f29d1000000] byte_map_base: 0x00007f29d07ff000

Polling page: 0x00007f29dc0df000

Code Cache  [0x00007f29d1000000, 0x00007f29d1270000, 0x00007f29d4000000)
 total_blobs=682 nmethods=163 adapters=480 free_code_cache=48180Kb largest_free_block=49311936

Compilation events (10 events):
Event: 89,267 Thread 0x00007f29d40b4800  162             sun.awt.X11.XWindow::getModifiers (251 bytes)
Event: 89,269 Thread 0x00007f29d40b4800 nmethod 162 0x00007f29d108c950 code [0x00007f29d108caa0, 0x00007f29d108cd08]
Event: 89,815 Thread 0x00007f29d40b7000  163             sun.awt.X11.XMotionEvent::get_state (20 bytes)
Event: 89,819 Thread 0x00007f29d40b7000 nmethod 163 0x00007f29d108c0d0 code [0x00007f29d108c260, 0x00007f29d108c518]
Event: 89,863 Thread 0x00007f29d40b4800  164             java.awt.AWTEvent::getID (5 bytes)
Event: 89,863 Thread 0x00007f29d40b4800 nmethod 164 0x00007f29d10e8350 code [0x00007f29d10e8480, 0x00007f29d10e84d8]
Event: 91,095 Thread 0x00007f29d40b7000  165             java.awt.Container::findComponentAtImpl (315 bytes)
Event: 91,117 Thread 0x00007f29d40b7000 nmethod 165 0x00007f29d10f6750 code [0x00007f29d10f6a00, 0x00007f29d10f7d68]
Event: 91,153 Thread 0x00007f29d40b4800  166             sun.awt.AWTAccessor::getComponentAccessor (19 bytes)
Event: 91,154 Thread 0x00007f29d40b4800 nmethod 166 0x00007f29d108b0d0 code [0x00007f29d108b200, 0x00007f29d108b278]

GC Heap History (10 events):
Event: 31,349 GC heap before
{Heap before GC invocations=8 (full 0):
 PSYoungGen      total 112640K, used 100896K [0x00000000e1600000, 0x00000000ef200000, 0x0000000100000000)
  eden space 98304K, 100% used [0x00000000e1600000,0x00000000e7600000,0x00000000e7600000)
  from space 14336K, 18% used [0x00000000e7600000,0x00000000e7888000,0x00000000e8400000)
  to   space 14336K, 0% used [0x00000000ee400000,0x00000000ee400000,0x00000000ef200000)
 ParOldGen       total 62464K, used 22764K [0x00000000a4200000, 0x00000000a7f00000, 0x00000000e1600000)
  object space 62464K, 36% used [0x00000000a4200000,0x00000000a583b270,0x00000000a7f00000)
 PSPermGen       total 21504K, used 16057K [0x0000000099c00000, 0x000000009b100000, 0x00000000a4200000)
  object space 21504K, 74% used [0x0000000099c00000,0x000000009abae7c0,0x000000009b100000)
Event: 31,352 GC heap after
Heap after GC invocations=8 (full 0):
 PSYoungGen      total 210944K, used 1216K [0x00000000e1600000, 0x00000000ef200000, 0x0000000100000000)
  eden space 196608K, 0% used [0x00000000e1600000,0x00000000e1600000,0x00000000ed600000)
  from space 14336K, 8% used [0x00000000ee400000,0x00000000ee530000,0x00000000ef200000)
  to   space 14336K, 0% used [0x00000000ed600000,0x00000000ed600000,0x00000000ee400000)
 ParOldGen       total 62464K, used 24121K [0x00000000a4200000, 0x00000000a7f00000, 0x00000000e1600000)
  object space 62464K, 38% used [0x00000000a4200000,0x00000000a598e680,0x00000000a7f00000)
 PSPermGen       total 21504K, used 16057K [0x0000000099c00000, 0x000000009b100000, 0x00000000a4200000)
  object space 21504K, 74% used [0x0000000099c00000,0x000000009abae7c0,0x000000009b100000)
}
Event: 31,671 GC heap before
{Heap before GC invocations=9 (full 0):
 PSYoungGen      total 210944K, used 197824K [0x00000000e1600000, 0x00000000ef200000, 0x0000000100000000)
  eden space 196608K, 100% used [0x00000000e1600000,0x00000000ed600000,0x00000000ed600000)
  from space 14336K, 8% used [0x00000000ee400000,0x00000000ee530000,0x00000000ef200000)
  to   space 14336K, 0% used [0x00000000ed600000,0x00000000ed600000,0x00000000ee400000)
 ParOldGen       total 62464K, used 24121K [0x00000000a4200000, 0x00000000a7f00000, 0x00000000e1600000)
  object space 62464K, 38% used [0x00000000a4200000,0x00000000a598e680,0x00000000a7f00000)
 PSPermGen       total 21504K, used 16057K [0x0000000099c00000, 0x000000009b100000, 0x00000000a4200000)
  object space 21504K, 74% used [0x0000000099c00000,0x000000009abae7c0,0x000000009b100000)
Event: 31,672 GC heap after
Heap after GC invocations=9 (full 0):
 PSYoungGen      total 210944K, used 0K [0x00000000e1600000, 0x00000000f6580000, 0x0000000100000000)
  eden space 196608K, 0% used [0x00000000e1600000,0x00000000e1600000,0x00000000ed600000)
  from space 14336K, 0% used [0x00000000ed600000,0x00000000ed600000,0x00000000ee400000)
  to   space 14336K, 0% used [0x00000000f5780000,0x00000000f5780000,0x00000000f6580000)
 ParOldGen       total 62464K, used 25262K [0x00000000a4200000, 0x00000000a7f00000, 0x00000000e1600000)
  object space 62464K, 40% used [0x00000000a4200000,0x00000000a5aaba90,0x00000000a7f00000)
 PSPermGen       total 21504K, used 16057K [0x0000000099c00000, 0x000000009b100000, 0x00000000a4200000)
  object space 21504K, 74% used [0x0000000099c00000,0x000000009abae7c0,0x000000009b100000)
}
Event: 31,996 GC heap before
{Heap before GC invocations=10 (full 0):
 PSYoungGen      total 210944K, used 196608K [0x00000000e1600000, 0x00000000f6580000, 0x0000000100000000)
  eden space 196608K, 100% used [0x00000000e1600000,0x00000000ed600000,0x00000000ed600000)
  from space 14336K, 0% used [0x00000000ed600000,0x00000000ed600000,0x00000000ee400000)
  to   space 14336K, 0% used [0x00000000f5780000,0x00000000f5780000,0x00000000f6580000)
 ParOldGen       total 62464K, used 25262K [0x00000000a4200000, 0x00000000a7f00000, 0x00000000e1600000)
  object space 62464K, 40% used [0x00000000a4200000,0x00000000a5aaba90,0x00000000a7f00000)
 PSPermGen       total 21504K, used 16057K [0x0000000099c00000, 0x000000009b100000, 0x00000000a4200000)
  object space 21504K, 74% used [0x0000000099c00000,0x000000009abae7c0,0x000000009b100000)
Event: 31,997 GC heap after
Heap after GC invocations=10 (full 0):
 PSYoungGen      total 328192K, used 0K [0x00000000e1600000, 0x00000000f6480000, 0x0000000100000000)
  eden space 314880K, 0% used [0x00000000e1600000,0x00000000e1600000,0x00000000f4980000)
  from space 13312K, 0% used [0x00000000f5780000,0x00000000f5780000,0x00000000f6480000)
  to   space 13824K, 0% used [0x00000000f4980000,0x00000000f4980000,0x00000000f5700000)
 ParOldGen       total 62464K, used 25262K [0x00000000a4200000, 0x00000000a7f00000, 0x00000000e1600000)
  object space 62464K, 40% used [0x00000000a4200000,0x00000000a5aaba90,0x00000000a7f00000)
 PSPermGen       total 21504K, used 16057K [0x0000000099c00000, 0x000000009b100000, 0x00000000a4200000)
  object space 21504K, 74% used [0x0000000099c00000,0x000000009abae7c0,0x000000009b100000)
}
Event: 32,498 GC heap before
{Heap before GC invocations=11 (full 0):
 PSYoungGen      total 328192K, used 314880K [0x00000000e1600000, 0x00000000f6480000, 0x0000000100000000)
  eden space 314880K, 100% used [0x00000000e1600000,0x00000000f4980000,0x00000000f4980000)
  from space 13312K, 0% used [0x00000000f5780000,0x00000000f5780000,0x00000000f6480000)
  to   space 13824K, 0% used [0x00000000f4980000,0x00000000f4980000,0x00000000f5700000)
 ParOldGen       total 62464K, used 25262K [0x00000000a4200000, 0x00000000a7f00000, 0x00000000e1600000)
  object space 62464K, 40% used [0x00000000a4200000,0x00000000a5aaba90,0x00000000a7f00000)
 PSPermGen       total 21504K, used 16057K [0x0000000099c00000, 0x000000009b100000, 0x00000000a4200000)
  object space 21504K, 74% used [0x0000000099c00000,0x000000009abae7c0,0x000000009b100000)
Event: 32,500 GC heap after
Heap after GC invocations=11 (full 0):
 PSYoungGen      total 328704K, used 0K [0x00000000e1600000, 0x0000000100000000, 0x0000000100000000)
  eden space 314880K, 0% used [0x00000000e1600000,0x00000000e1600000,0x00000000f4980000)
  from space 13824K, 0% used [0x00000000f4980000,0x00000000f4980000,0x00000000f5700000)
  to   space 13824K, 0% used [0x00000000ff280000,0x00000000ff280000,0x0000000100000000)
 ParOldGen       total 62464K, used 25262K [0x00000000a4200000, 0x00000000a7f00000, 0x00000000e1600000)
  object space 62464K, 40% used [0x00000000a4200000,0x00000000a5aaba90,0x00000000a7f00000)
 PSPermGen       total 21504K, used 16057K [0x0000000099c00000, 0x000000009b100000, 0x00000000a4200000)
  object space 21504K, 74% used [0x0000000099c00000,0x000000009abae7c0,0x000000009b100000)
}
Event: 33,042 GC heap before
{Heap before GC invocations=12 (full 0):
 PSYoungGen      total 328704K, used 314880K [0x00000000e1600000, 0x0000000100000000, 0x0000000100000000)
  eden space 314880K, 100% used [0x00000000e1600000,0x00000000f4980000,0x00000000f4980000)
  from space 13824K, 0% used [0x00000000f4980000,0x00000000f4980000,0x00000000f5700000)
  to   space 13824K, 0% used [0x00000000ff280000,0x00000000ff280000,0x0000000100000000)
 ParOldGen       total 62464K, used 25262K [0x00000000a4200000, 0x00000000a7f00000, 0x00000000e1600000)
  object space 62464K, 40% used [0x00000000a4200000,0x00000000a5aaba90,0x00000000a7f00000)
 PSPermGen       total 21504K, used 16057K [0x0000000099c00000, 0x000000009b100000, 0x00000000a4200000)
  object space 21504K, 74% used [0x0000000099c00000,0x000000009abae7c0,0x000000009b100000)
Event: 33,043 GC heap after
Heap after GC invocations=12 (full 0):
 PSYoungGen      total 486912K, used 0K [0x00000000e1600000, 0x00000000fff00000, 0x0000000100000000)
  eden space 474112K, 0% used [0x00000000e1600000,0x00000000e1600000,0x00000000fe500000)
  from space 12800K, 0% used [0x00000000ff280000,0x00000000ff280000,0x00000000fff00000)
  to   space 13312K, 0% used [0x00000000fe500000,0x00000000fe500000,0x00000000ff200000)
 ParOldGen       total 62464K, used 25262K [0x00000000a4200000, 0x00000000a7f00000, 0x00000000e1600000)
  object space 62464K, 40% used [0x00000000a4200000,0x00000000a5aaba90,0x00000000a7f00000)
 PSPermGen       total 21504K, used 16057K [0x0000000099c00000, 0x000000009b100000, 0x00000000a4200000)
  object space 21504K, 74% used [0x0000000099c00000,0x000000009abae7c0,0x000000009b100000)
}

Deoptimization events (10 events):
Event: 1,998 Thread 0x00007f29d400d800 Uncommon trap: reason=class_check action=maybe_recompile pc=0x00007f29d1093d68 method=java.util.Properties$LineReader.readLine()I @ 62
Event: 2,000 Thread 0x00007f29d400d800 Uncommon trap: reason=class_check action=maybe_recompile pc=0x00007f29d1093d68 method=java.util.Properties$LineReader.readLine()I @ 62
Event: 24,462 Thread 0x00007f29d447a800 Uncommon trap: reason=unreached action=reinterpret pc=0x00007f29d10ca214 method=imageTransform.TabImage.getVarianceFilter(II)LimageTransform/TabImage; @ 331
Event: 24,507 Thread 0x00007f29d447a800 Uncommon trap: reason=intrinsic action=make_not_entrant pc=0x00007f29d10cd294 method=imageTransform.TabImage.getVarianceFilter(II)LimageTransform/TabImage; @ 232
Event: 30,892 Thread 0x00007f29d447a800 Uncommon trap: reason=unreached action=reinterpret pc=0x00007f29d10c7104 method=qrDetection.ComponentsAnalyser.<init>(LimageTransform/TabImage;)V @ 991
Event: 30,965 Thread 0x00007f29d447a800 Uncommon trap: reason=unreached action=reinterpret pc=0x00007f29d10d2d18 method=qrDetection.ComponentsAnalyser.<init>(LimageTransform/TabImage;)V @ 986
Event: 33,173 Thread 0x00007f29d447a800 Uncommon trap: reason=unloaded action=reinterpret pc=0x00007f29d10ddca4 method=qrDetection.ComponentsAnalyser.<init>(LimageTransform/TabImage;)V @ 997
Event: 33,214 Thread 0x00007f29d447a800 Uncommon trap: reason=unloaded action=reinterpret pc=0x00007f29d10e0f3c method=qrDetection.ComponentsAnalyser.<init>(LimageTransform/TabImage;)V @ 1146
Event: 33,251 Thread 0x00007f29d447a800 Uncommon trap: reason=unloaded action=reinterpret pc=0x00007f29d10e3c40 method=imageObject.ConnexeComponent.isSquare(I)Z @ 447
Event: 89,060 Thread 0x00007f29d447a800 Uncommon trap: reason=unreached action=reinterpret pc=0x00007f29d10e7f40 method=java.awt.image.DirectColorModel.getDataElements(ILjava/lang/Object;)Ljava/lang/Object; @ 41

Internal exceptions (10 events):
Event: 1,758 Thread 0x00007f29d400d800 Threw 0x00000000e1d5af80 at /build/buildd/openjdk-7-7u51-2.4.6/build/openjdk/hotspot/src/share/vm/prims/jvm.cpp:1244
Event: 1,759 Thread 0x00007f29d400d800 Threw 0x00000000e1d5eee0 at /build/buildd/openjdk-7-7u51-2.4.6/build/openjdk/hotspot/src/share/vm/prims/jvm.cpp:1244
Event: 1,759 Thread 0x00007f29d400d800 Threw 0x00000000e1d630d0 at /build/buildd/openjdk-7-7u51-2.4.6/build/openjdk/hotspot/src/share/vm/prims/jvm.cpp:1244
Event: 1,787 Thread 0x00007f29d400d800 Threw 0x00000000e1d7c650 at /build/buildd/openjdk-7-7u51-2.4.6/build/openjdk/hotspot/src/share/vm/classfile/systemDictionary.cpp:185
Event: 1,795 Thread 0x00007f29d400d800 Implicit null exception at 0x00007f29d1066589 to 0x00007f29d106681d
Event: 2,037 Thread 0x00007f29d400d800 Threw 0x00000000e1fcf370 at /build/buildd/openjdk-7-7u51-2.4.6/build/openjdk/hotspot/src/share/vm/prims/jvm.cpp:1244
Event: 2,091 Thread 0x00007f29d400d800 Threw 0x00000000e20028f8 at /build/buildd/openjdk-7-7u51-2.4.6/build/openjdk/hotspot/src/share/vm/prims/jvm.cpp:1244
Event: 2,249 Thread 0x00007f29d447a800 Threw 0x00000000e20413b8 at /build/buildd/openjdk-7-7u51-2.4.6/build/openjdk/hotspot/src/share/vm/prims/jni.cpp:743
Event: 21,075 Thread 0x00007f29d447a800 Threw 0x00000000e23df1c8 at /build/buildd/openjdk-7-7u51-2.4.6/build/openjdk/hotspot/src/share/vm/prims/jni.cpp:743
Event: 89,209 Thread 0x00007f29d447a800 Threw 0x00000000e8ecad88 at /build/buildd/openjdk-7-7u51-2.4.6/build/openjdk/hotspot/src/share/vm/prims/jni.cpp:743

Events (10 events):
Event: 91,683 loading class 0x00007f29980b23a0
Event: 91,701 loading class 0x00007f29980b23a0 done
Event: 91,718 loading class 0x00007f29980b2d80
Event: 91,718 loading class 0x00007f29980b2d80 done
Event: 91,718 loading class 0x00007f29980b2db0
Event: 91,718 loading class 0x00007f29980b2db0 done
Event: 91,719 loading class 0x00007f29980def00
Event: 91,719 loading class 0x00007f29980def00 done
Event: 91,719 loading class 0x00007f29980e0380
Event: 91,719 loading class 0x00007f29980e0380 done


Dynamic libraries:
00400000-00401000 r-xp 00000000 08:01 528527                             /usr/lib/jvm/java-7-openjdk-amd64/jre/bin/java
00600000-00601000 r--p 00000000 08:01 528527                             /usr/lib/jvm/java-7-openjdk-amd64/jre/bin/java
00601000-00602000 rw-p 00001000 08:01 528527                             /usr/lib/jvm/java-7-openjdk-amd64/jre/bin/java
02414000-02435000 rw-p 00000000 00:00 0                                  [heap]
99c00000-9b100000 rw-p 00000000 00:00 0 
9b100000-a4200000 rw-p 00000000 00:00 0 
a4200000-a7f00000 rw-p 00000000 00:00 0 
a7f00000-e1600000 rw-p 00000000 00:00 0 
e1600000-fff00000 rw-p 00000000 00:00 0 
fff00000-100000000 ---p 00000000 00:00 0 
7f2950000000-7f2950021000 rw-p 00000000 00:00 0 
7f2950021000-7f2954000000 ---p 00000000 00:00 0 
7f2954000000-7f2954021000 rw-p 00000000 00:00 0 
7f2954021000-7f2958000000 ---p 00000000 00:00 0 
7f2958000000-7f2958021000 rw-p 00000000 00:00 0 
7f2958021000-7f295c000000 ---p 00000000 00:00 0 
7f2960000000-7f2960021000 rw-p 00000000 00:00 0 
7f2960021000-7f2964000000 ---p 00000000 00:00 0 
7f2968000000-7f2968093000 rw-p 00000000 00:00 0 
7f2968093000-7f296c000000 ---p 00000000 00:00 0 
7f296c000000-7f296c021000 rw-p 00000000 00:00 0 
7f296c021000-7f2970000000 ---p 00000000 00:00 0 
7f2970000000-7f2970021000 rw-p 00000000 00:00 0 
7f2970021000-7f2974000000 ---p 00000000 00:00 0 
7f2974000000-7f2974021000 rw-p 00000000 00:00 0 
7f2974021000-7f2978000000 ---p 00000000 00:00 0 
7f2978000000-7f2978021000 rw-p 00000000 00:00 0 
7f2978021000-7f297c000000 ---p 00000000 00:00 0 
7f297e2b7000-7f297e4ed000 rw-p 00000000 00:00 0 
7f297e4ed000-7f297e4f7000 r-xp 00000000 08:01 528464                     /usr/lib/jvm/java-7-openjdk-amd64/jre/lib/amd64/libjavajpeg.so
7f297e4f7000-7f297e6f6000 ---p 0000a000 08:01 528464                     /usr/lib/jvm/java-7-openjdk-amd64/jre/lib/amd64/libjavajpeg.so
7f297e6f6000-7f297e6f7000 r--p 00009000 08:01 528464                     /usr/lib/jvm/java-7-openjdk-amd64/jre/lib/amd64/libjavajpeg.so
7f297e6f7000-7f297e6f8000 rw-p 0000a000 08:01 528464                     /usr/lib/jvm/java-7-openjdk-amd64/jre/lib/amd64/libjavajpeg.so
7f297e6f8000-7f297e882000 rw-s 00000000 00:03 5832722                    /SYSV00000000 (deleted)
7f297e882000-7f297e885000 ---p 00000000 00:00 0 
7f297e885000-7f297e983000 rw-p 00000000 00:00 0                          [stack:3698]
7f297e983000-7f297e986000 ---p 00000000 00:00 0 
7f297e986000-7f297ea84000 rw-p 00000000 00:00 0 
7f297ea84000-7f297ea87000 ---p 00000000 00:00 0 
7f297ea87000-7f297eb85000 rw-p 00000000 00:00 0                          [stack:3685]
7f297eb85000-7f297eb88000 ---p 00000000 00:00 0 
7f297eb88000-7f297ec86000 rw-p 00000000 00:00 0                          [stack:3684]
7f297ec86000-7f297ec89000 ---p 00000000 00:00 0 
7f297ec89000-7f297ed87000 rw-p 00000000 00:00 0                          [stack:3683]
7f297ed87000-7f297ed8a000 ---p 00000000 00:00 0 
7f297ed8a000-7f297ee88000 rw-p 00000000 00:00 0                          [stack:3682]
7f297ee88000-7f297ee8b000 ---p 00000000 00:00 0 
7f297ee8b000-7f297ef89000 rw-p 00000000 00:00 0                          [stack:3681]
7f297ef89000-7f297ef99000 r-xp 00000000 08:01 528477                     /usr/lib/jvm/java-7-openjdk-amd64/jre/lib/amd64/libnio.so
7f297ef99000-7f297f199000 ---p 00010000 08:01 528477                     /usr/lib/jvm/java-7-openjdk-amd64/jre/lib/amd64/libnio.so
7f297f199000-7f297f19a000 r--p 00010000 08:01 528477                     /usr/lib/jvm/java-7-openjdk-amd64/jre/lib/amd64/libnio.so
7f297f19a000-7f297f19b000 rw-p 00011000 08:01 528477                     /usr/lib/jvm/java-7-openjdk-amd64/jre/lib/amd64/libnio.so
7f297f19b000-7f297f1b1000 r-xp 00000000 08:01 528458                     /usr/lib/jvm/java-7-openjdk-amd64/jre/lib/amd64/libnet.so
7f297f1b1000-7f297f3b1000 ---p 00016000 08:01 528458                     /usr/lib/jvm/java-7-openjdk-amd64/jre/lib/amd64/libnet.so
7f297f3b1000-7f297f3b2000 r--p 00016000 08:01 528458                     /usr/lib/jvm/java-7-openjdk-amd64/jre/lib/amd64/libnet.so
7f297f3b2000-7f297f3b3000 rw-p 00017000 08:01 528458                     /usr/lib/jvm/java-7-openjdk-amd64/jre/lib/amd64/libnet.so
7f297f3b3000-7f297f404000 r-xp 00000000 08:01 528466                     /usr/lib/jvm/java-7-openjdk-amd64/jre/lib/amd64/libfontmanager.so
7f297f404000-7f297f603000 ---p 00051000 08:01 528466                     /usr/lib/jvm/java-7-openjdk-amd64/jre/lib/amd64/libfontmanager.so
7f297f603000-7f297f606000 r--p 00050000 08:01 528466                     /usr/lib/jvm/java-7-openjdk-amd64/jre/lib/amd64/libfontmanager.so
7f297f606000-7f297f607000 rw-p 00053000 08:01 528466                     /usr/lib/jvm/java-7-openjdk-amd64/jre/lib/amd64/libfontmanager.so
7f297f607000-7f297f60a000 ---p 00000000 00:00 0 
7f297f60a000-7f297f708000 rw-p 00000000 00:00 0                          [stack:3679]
7f297f708000-7f297f70b000 ---p 00000000 00:00 0 
7f297f70b000-7f297f809000 rw-p 00000000 00:00 0                          [stack:3678]
7f297f809000-7f297f80d000 r-xp 00000000 08:01 4718658                    /lib/x86_64-linux-gnu/libgpg-error.so.0.10.0
7f297f80d000-7f297fa0c000 ---p 00004000 08:01 4718658                    /lib/x86_64-linux-gnu/libgpg-error.so.0.10.0
7f297fa0c000-7f297fa0d000 r--p 00003000 08:01 4718658                    /lib/x86_64-linux-gnu/libgpg-error.so.0.10.0
7f297fa0d000-7f297fa0e000 rw-p 00004000 08:01 4718658                    /lib/x86_64-linux-gnu/libgpg-error.so.0.10.0
7f297fa0e000-7f297fa10000 r-xp 00000000 08:01 4718672                    /lib/x86_64-linux-gnu/libkeyutils.so.1.4
7f297fa10000-7f297fc10000 ---p 00002000 08:01 4718672                    /lib/x86_64-linux-gnu/libkeyutils.so.1.4
7f297fc10000-7f297fc11000 r--p 00002000 08:01 4718672                    /lib/x86_64-linux-gnu/libkeyutils.so.1.4
7f297fc11000-7f297fc12000 rw-p 00003000 08:01 4718672                    /lib/x86_64-linux-gnu/libkeyutils.so.1.4
7f297fc12000-7f297fc56000 r-xp 00000000 08:01 4722641                    /lib/x86_64-linux-gnu/libdbus-1.so.3.7.6
7f297fc56000-7f297fe55000 ---p 00044000 08:01 4722641                    /lib/x86_64-linux-gnu/libdbus-1.so.3.7.6
7f297fe55000-7f297fe56000 r--p 00043000 08:01 4722641                    /lib/x86_64-linux-gnu/libdbus-1.so.3.7.6
7f297fe56000-7f297fe57000 rw-p 00044000 08:01 4722641                    /lib/x86_64-linux-gnu/libdbus-1.so.3.7.6
7f297fe57000-7f297fe92000 r-xp 00000000 08:01 401176                     /usr/lib/x86_64-linux-gnu/libp11-kit.so.0.0.0
7f297fe92000-7f2980091000 ---p 0003b000 08:01 401176                     /usr/lib/x86_64-linux-gnu/libp11-kit.so.0.0.0
7f2980091000-7f2980097000 r--p 0003a000 08:01 401176                     /usr/lib/x86_64-linux-gnu/libp11-kit.so.0.0.0
7f2980097000-7f2980099000 rw-p 00040000 08:01 401176                     /usr/lib/x86_64-linux-gnu/libp11-kit.so.0.0.0
7f2980099000-7f29800ab000 r-xp 00000000 08:01 402242                     /usr/lib/x86_64-linux-gnu/libtasn1.so.6.2.0
7f29800ab000-7f29802ab000 ---p 00012000 08:01 402242                     /usr/lib/x86_64-linux-gnu/libtasn1.so.6.2.0
7f29802ab000-7f29802ac000 r--p 00012000 08:01 402242                     /usr/lib/x86_64-linux-gnu/libtasn1.so.6.2.0
7f29802ac000-7f29802ad000 rw-p 00013000 08:01 402242                     /usr/lib/x86_64-linux-gnu/libtasn1.so.6.2.0
7f29802ad000-7f2980328000 r-xp 00000000 08:01 4718666                    /lib/x86_64-linux-gnu/libgcrypt.so.11.8.2
7f2980328000-7f2980528000 ---p 0007b000 08:01 4718666                    /lib/x86_64-linux-gnu/libgcrypt.so.11.8.2
7f2980528000-7f2980529000 r--p 0007b000 08:01 4718666                    /lib/x86_64-linux-gnu/libgcrypt.so.11.8.2
7f2980529000-7f298052c000 rw-p 0007c000 08:01 4718666                    /lib/x86_64-linux-gnu/libgcrypt.so.11.8.2
7f298052c000-7f2980536000 r-xp 00000000 08:01 397556                     /usr/lib/x86_64-linux-gnu/libkrb5support.so.0.1
7f2980536000-7f2980735000 ---p 0000a000 08:01 397556                     /usr/lib/x86_64-linux-gnu/libkrb5support.so.0.1
7f2980735000-7f2980736000 r--p 00009000 08:01 397556                     /usr/lib/x86_64-linux-gnu/libkrb5support.so.0.1
7f2980736000-7f2980737000 rw-p 0000a000 08:01 397556                     /usr/lib/x86_64-linux-gnu/libkrb5support.so.0.1
7f2980737000-7f298073a000 r-xp 00000000 08:01 4718668                    /lib/x86_64-linux-gnu/libcom_err.so.2.1
7f298073a000-7f2980939000 ---p 00003000 08:01 4718668                    /lib/x86_64-linux-gnu/libcom_err.so.2.1
7f2980939000-7f298093a000 r--p 00002000 08:01 4718668                    /lib/x86_64-linux-gnu/libcom_err.so.2.1
7f298093a000-7f298093b000 rw-p 00003000 08:01 4718668                    /lib/x86_64-linux-gnu/libcom_err.so.2.1
7f298093b000-7f2980967000 r-xp 00000000 08:01 402324                     /usr/lib/x86_64-linux-gnu/libk5crypto.so.3.1
7f2980967000-7f2980b66000 ---p 0002c000 08:01 402324                     /usr/lib/x86_64-linux-gnu/libk5crypto.so.3.1
7f2980b66000-7f2980b68000 r--p 0002b000 08:01 402324                     /usr/lib/x86_64-linux-gnu/libk5crypto.so.3.1
7f2980b68000-7f2980b69000 rw-p 0002d000 08:01 402324                     /usr/lib/x86_64-linux-gnu/libk5crypto.so.3.1
7f2980b69000-7f2980b6a000 rw-p 00000000 00:00 0 
7f2980b6a000-7f2980c26000 r-xp 00000000 08:01 397560                     /usr/lib/x86_64-linux-gnu/libkrb5.so.3.3
7f2980c26000-7f2980e26000 ---p 000bc000 08:01 397560                     /usr/lib/x86_64-linux-gnu/libkrb5.so.3.3
7f2980e26000-7f2980e33000 r--p 000bc000 08:01 397560                     /usr/lib/x86_64-linux-gnu/libkrb5.so.3.3
7f2980e33000-7f2980e35000 rw-p 000c9000 08:01 397560                     /usr/lib/x86_64-linux-gnu/libkrb5.so.3.3
7f2980e35000-7f2980e44000 r-xp 00000000 08:01 393663                     /usr/lib/x86_64-linux-gnu/libavahi-client.so.3.2.9
7f2980e44000-7f2981044000 ---p 0000f000 08:01 393663                     /usr/lib/x86_64-linux-gnu/libavahi-client.so.3.2.9
7f2981044000-7f2981045000 r--p 0000f000 08:01 393663                     /usr/lib/x86_64-linux-gnu/libavahi-client.so.3.2.9
7f2981045000-7f2981046000 rw-p 00010000 08:01 393663                     /usr/lib/x86_64-linux-gnu/libavahi-client.so.3.2.9
7f2981046000-7f2981051000 r-xp 00000000 08:01 403533                     /usr/lib/x86_64-linux-gnu/libavahi-common.so.3.5.3
7f2981051000-7f2981250000 ---p 0000b000 08:01 403533                     /usr/lib/x86_64-linux-gnu/libavahi-common.so.3.5.3
7f2981250000-7f2981251000 r--p 0000a000 08:01 403533                     /usr/lib/x86_64-linux-gnu/libavahi-common.so.3.5.3
7f2981251000-7f2981252000 rw-p 0000b000 08:01 403533                     /usr/lib/x86_64-linux-gnu/libavahi-common.so.3.5.3
7f2981252000-7f2981308000 r-xp 00000000 08:01 397928                     /usr/lib/x86_64-linux-gnu/libgnutls.so.26.22.6
7f2981308000-7f2981508000 ---p 000b6000 08:01 397928                     /usr/lib/x86_64-linux-gnu/libgnutls.so.26.22.6
7f2981508000-7f298150e000 r--p 000b6000 08:01 397928                     /usr/lib/x86_64-linux-gnu/libgnutls.so.26.22.6
7f298150e000-7f298150f000 rw-p 000bc000 08:01 397928                     /usr/lib/x86_64-linux-gnu/libgnutls.so.26.22.6
7f298150f000-7f2981510000 rw-p 00000000 00:00 0 
7f2981510000-7f2981553000 r-xp 00000000 08:01 397562                     /usr/lib/x86_64-linux-gnu/libgssapi_krb5.so.2.2
7f2981553000-7f2981753000 ---p 00043000 08:01 397562                     /usr/lib/x86_64-linux-gnu/libgssapi_krb5.so.2.2
7f2981753000-7f2981754000 r--p 00043000 08:01 397562                     /usr/lib/x86_64-linux-gnu/libgssapi_krb5.so.2.2
7f2981754000-7f2981756000 rw-p 00044000 08:01 397562                     /usr/lib/x86_64-linux-gnu/libgssapi_krb5.so.2.2
7f2981756000-7f29817c2000 r-xp 00000000 08:01 394504                     /usr/lib/x86_64-linux-gnu/libcups.so.2
7f29817c2000-7f29819c2000 ---p 0006c000 08:01 394504                     /usr/lib/x86_64-linux-gnu/libcups.so.2
7f29819c2000-7f29819c9000 r--p 0006c000 08:01 394504                     /usr/lib/x86_64-linux-gnu/libcups.so.2
7f29819c9000-7f29819ca000 rw-p 00073000 08:01 394504                     /usr/lib/x86_64-linux-gnu/libcups.so.2
7f29819ca000-7f29819cf000 r-xp 00000000 08:01 401252                     /usr/lib/x86_64-linux-gnu/libXtst.so.6.1.0
7f29819cf000-7f2981bce000 ---p 00005000 08:01 401252                     /usr/lib/x86_64-linux-gnu/libXtst.so.6.1.0
7f2981bce000-7f2981bcf000 r--p 00004000 08:01 401252                     /usr/lib/x86_64-linux-gnu/libXtst.so.6.1.0
7f2981bcf000-7f2981bd0000 rw-p 00005000 08:01 401252                     /usr/lib/x86_64-linux-gnu/libXtst.so.6.1.0
7f2981bd0000-7f2981c21000 r-xp 00000000 08:01 524828                     /usr/lib/jvm/java-7-openjdk-amd64/jre/lib/amd64/xawt/libmawt.so
7f2981c21000-7f2981e20000 ---p 00051000 08:01 524828                     /usr/lib/jvm/java-7-openjdk-amd64/jre/lib/amd64/xawt/libmawt.so
7f2981e20000-7f2981e21000 r--p 00050000 08:01 524828                     /usr/lib/jvm/java-7-openjdk-amd64/jre/lib/amd64/xawt/libmawt.so
7f2981e21000-7f2981e24000 rw-p 00051000 08:01 524828                     /usr/lib/jvm/java-7-openjdk-amd64/jre/lib/amd64/xawt/libmawt.so
7f2981e24000-7f2981e25000 rw-p 00000000 00:00 0 
7f2981e25000-7f2981ec5000 r-xp 00000000 08:01 528483                     /usr/lib/jvm/java-7-openjdk-amd64/jre/lib/amd64/libawt.so
7f2981ec5000-7f29820c4000 ---p 000a0000 08:01 528483                     /usr/lib/jvm/java-7-openjdk-amd64/jre/lib/amd64/libawt.so
7f29820c4000-7f29820c5000 r--p 0009f000 08:01 528483                     /usr/lib/jvm/java-7-openjdk-amd64/jre/lib/amd64/libawt.so
7f29820c5000-7f29820d0000 rw-p 000a0000 08:01 528483                     /usr/lib/jvm/java-7-openjdk-amd64/jre/lib/amd64/libawt.so
7f29820d0000-7f29820f5000 rw-p 00000000 00:00 0 
7f29820f5000-7f298219e000 r-xp 00000000 08:01 5242911                    /tmp/javacpp11142512848684/libjniopencv_core.so
7f298219e000-7f298239e000 ---p 000a9000 08:01 5242911                    /tmp/javacpp11142512848684/libjniopencv_core.so
7f298239e000-7f29823a0000 rw-p 000a9000 08:01 5242911                    /tmp/javacpp11142512848684/libjniopencv_core.so
7f29823a0000-7f2982482000 rw-p 00000000 00:00 0 
7f2982482000-7f2982518000 rw-s 001c2000 00:04 11075                      /dev/video0
7f2982518000-7f29825ae000 rw-s 0012c000 00:04 11075                      /dev/video0
7f29825ae000-7f2982644000 rw-s 00096000 00:04 11075                      /dev/video0
7f2982644000-7f2987645000 rw-p 00000000 00:00 0 
7f2987645000-7f2987658000 r-xp 00000000 08:01 5242910                    /tmp/javacpp11142512848684/libjniopencv_highgui.so
7f2987658000-7f2987858000 ---p 00013000 08:01 5242910                    /tmp/javacpp11142512848684/libjniopencv_highgui.so
7f2987858000-7f2987859000 rw-p 00013000 08:01 5242910                    /tmp/javacpp11142512848684/libjniopencv_highgui.so
7f2987859000-7f298789c000 r-xp 00000000 08:01 402650                     /usr/lib/x86_64-linux-gnu/libjpeg.so.8.0.2
7f298789c000-7f2987a9c000 ---p 00043000 08:01 402650                     /usr/lib/x86_64-linux-gnu/libjpeg.so.8.0.2
7f2987a9c000-7f2987a9d000 r--p 00043000 08:01 402650                     /usr/lib/x86_64-linux-gnu/libjpeg.so.8.0.2
7f2987a9d000-7f2987a9e000 rw-p 00044000 08:01 402650                     /usr/lib/x86_64-linux-gnu/libjpeg.so.8.0.2
7f2987a9e000-7f2987aae000 rw-p 00000000 00:00 0 
7f2987aae000-7f2987ad2000 r-xp 00000000 08:01 396651                     /usr/lib/x86_64-linux-gnu/libv4lconvert.so.0.0.0
7f2987ad2000-7f2987cd2000 ---p 00024000 08:01 396651                     /usr/lib/x86_64-linux-gnu/libv4lconvert.so.0.0.0
7f2987cd2000-7f2987cd4000 r--p 00024000 08:01 396651                     /usr/lib/x86_64-linux-gnu/libv4lconvert.so.0.0.0
7f2987cd4000-7f2987cd5000 rw-p 00026000 08:01 396651                     /usr/lib/x86_64-linux-gnu/libv4lconvert.so.0.0.0
7f2987cd5000-7f2987d27000 rw-p 00000000 00:00 0 
7f2987d27000-7f2987d2d000 r-xp 00000000 08:01 401231                     /usr/lib/x86_64-linux-gnu/libdatrie.so.1.3.1
7f2987d2d000-7f2987f2c000 ---p 00006000 08:01 401231                     /usr/lib/x86_64-linux-gnu/libdatrie.so.1.3.1
7f2987f2c000-7f2987f2d000 r--p 00005000 08:01 401231                     /usr/lib/x86_64-linux-gnu/libdatrie.so.1.3.1
7f2987f2d000-7f2987f2e000 rw-p 00006000 08:01 401231                     /usr/lib/x86_64-linux-gnu/libdatrie.so.1.3.1
7f2987f2e000-7f2987f33000 r-xp 00000000 08:01 401224                     /usr/lib/x86_64-linux-gnu/libXdmcp.so.6.0.0
7f2987f33000-7f2988132000 ---p 00005000 08:01 401224                     /usr/lib/x86_64-linux-gnu/libXdmcp.so.6.0.0
7f2988132000-7f2988133000 r--p 00004000 08:01 401224                     /usr/lib/x86_64-linux-gnu/libXdmcp.so.6.0.0
7f2988133000-7f2988134000 rw-p 00005000 08:01 401224                     /usr/lib/x86_64-linux-gnu/libXdmcp.so.6.0.0
7f2988134000-7f2988136000 r-xp 00000000 08:01 401213                     /usr/lib/x86_64-linux-gnu/libXau.so.6.0.0
7f2988136000-7f2988336000 ---p 00002000 08:01 401213                     /usr/lib/x86_64-linux-gnu/libXau.so.6.0.0
7f2988336000-7f2988337000 r--p 00002000 08:01 401213                     /usr/lib/x86_64-linux-gnu/libXau.so.6.0.0
7f2988337000-7f2988338000 rw-p 00003000 08:01 401213                     /usr/lib/x86_64-linux-gnu/libXau.so.6.0.0
7f2988338000-7f2988352000 r-xp 00000000 08:01 400401                     /usr/lib/x86_64-linux-gnu/libgraphite2.so.3.0.1
7f2988352000-7f2988551000 ---p 0001a000 08:01 400401                     /usr/lib/x86_64-linux-gnu/libgraphite2.so.3.0.1
7f2988551000-7f2988553000 r--p 00019000 08:01 400401                     /usr/lib/x86_64-linux-gnu/libgraphite2.so.3.0.1
7f2988553000-7f2988554000 rw-p 0001b000 08:01 400401                     /usr/lib/x86_64-linux-gnu/libgraphite2.so.3.0.1
7f2988554000-7f298855d000 r-xp 00000000 08:01 396647                     /usr/lib/x86_64-linux-gnu/libv4l2.so.0.0.0
7f298855d000-7f298875c000 ---p 00009000 08:01 396647                     /usr/lib/x86_64-linux-gnu/libv4l2.so.0.0.0
7f298875c000-7f298875d000 r--p 00008000 08:01 396647                     /usr/lib/x86_64-linux-gnu/libv4l2.so.0.0.0
7f298875d000-7f2988762000 rw-p 00009000 08:01 396647                     /usr/lib/x86_64-linux-gnu/libv4l2.so.0.0.0
7f2988762000-7f298879f000 r-xp 00000000 08:01 4722537                    /lib/x86_64-linux-gnu/libpcre.so.3.13.1
7f298879f000-7f298899e000 ---p 0003d000 08:01 4722537                    /lib/x86_64-linux-gnu/libpcre.so.3.13.1
7f298899e000-7f298899f000 r--p 0003c000 08:01 4722537                    /lib/x86_64-linux-gnu/libpcre.so.3.13.1
7f298899f000-7f29889a0000 rw-p 0003d000 08:01 4722537                    /lib/x86_64-linux-gnu/libpcre.so.3.13.1
7f29889a0000-7f29889a7000 r-xp 00000000 08:01 400409                     /usr/lib/x86_64-linux-gnu/libffi.so.6.0.1
7f29889a7000-7f2988ba6000 ---p 00007000 08:01 400409                     /usr/lib/x86_64-linux-gnu/libffi.so.6.0.1
7f2988ba6000-7f2988ba7000 r--p 00006000 08:01 400409                     /usr/lib/x86_64-linux-gnu/libffi.so.6.0.1
7f2988ba7000-7f2988ba8000 rw-p 00007000 08:01 400409                     /usr/lib/x86_64-linux-gnu/libffi.so.6.0.1
7f2988ba8000-7f2988bcf000 r-xp 00000000 08:01 4722474                    /lib/x86_64-linux-gnu/libexpat.so.1.6.0
7f2988bcf000-7f2988dcf000 ---p 00027000 08:01 4722474                    /lib/x86_64-linux-gnu/libexpat.so.1.6.0
7f2988dcf000-7f2988dd1000 r--p 00027000 08:01 4722474                    /lib/x86_64-linux-gnu/libexpat.so.1.6.0
7f2988dd1000-7f2988dd2000 rw-p 00029000 08:01 4722474                    /lib/x86_64-linux-gnu/libexpat.so.1.6.0
7f2988dd2000-7f2988dda000 r-xp 00000000 08:01 401330                     /usr/lib/x86_64-linux-gnu/libthai.so.0.2.0
7f2988dda000-7f2988fd9000 ---p 00008000 08:01 401330                     /usr/lib/x86_64-linux-gnu/libthai.so.0.2.0
7f2988fd9000-7f2988fda000 r--p 00007000 08:01 401330                     /usr/lib/x86_64-linux-gnu/libthai.so.0.2.0
7f2988fda000-7f2988fdb000 rw-p 00008000 08:01 401330                     /usr/lib/x86_64-linux-gnu/libthai.so.0.2.0
7f2988fdb000-7f2988ff8000 r-xp 00000000 08:01 399763                     /usr/lib/x86_64-linux-gnu/libxcb.so.1.1.0
7f2988ff8000-7f29891f8000 ---p 0001d000 08:01 399763                     /usr/lib/x86_64-linux-gnu/libxcb.so.1.1.0
7f29891f8000-7f29891f9000 r--p 0001d000 08:01 399763                     /usr/lib/x86_64-linux-gnu/libxcb.so.1.1.0
7f29891f9000-7f29891fa000 rw-p 0001e000 08:01 399763                     /usr/lib/x86_64-linux-gnu/libxcb.so.1.1.0
7f29891fa000-7f2989202000 r-xp 00000000 08:01 400776                     /usr/lib/x86_64-linux-gnu/libxcb-render.so.0.0.0
7f2989202000-7f2989401000 ---p 00008000 08:01 400776                     /usr/lib/x86_64-linux-gnu/libxcb-render.so.0.0.0
7f2989401000-7f2989402000 r--p 00007000 08:01 400776                     /usr/lib/x86_64-linux-gnu/libxcb-render.so.0.0.0
7f2989402000-7f2989403000 rw-p 00008000 08:01 400776                     /usr/lib/x86_64-linux-gnu/libxcb-render.so.0.0.0
7f2989403000-7f2989405000 r-xp 00000000 08:01 401057                     /usr/lib/x86_64-linux-gnu/libxcb-shm.so.0.0.0
7f2989405000-7f2989604000 ---p 00002000 08:01 401057                     /usr/lib/x86_64-linux-gnu/libxcb-shm.so.0.0.0
7f2989604000-7f2989605000 r--p 00001000 08:01 401057                     /usr/lib/x86_64-linux-gnu/libxcb-shm.so.0.0.0
7f2989605000-7f2989606000 rw-p 00002000 08:01 401057                     /usr/lib/x86_64-linux-gnu/libxcb-shm.so.0.0.0
7f2989606000-7f298962b000 r-xp 00000000 08:01 4722555                    /lib/x86_64-linux-gnu/libpng12.so.0.50.0
7f298962b000-7f298982a000 ---p 00025000 08:01 4722555                    /lib/x86_64-linux-gnu/libpng12.so.0.50.0
7f298982a000-7f298982b000 r--p 00024000 08:01 4722555                    /lib/x86_64-linux-gnu/libpng12.so.0.50.0
7f298982b000-7f298982c000 rw-p 00025000 08:01 4722555                    /lib/x86_64-linux-gnu/libpng12.so.0.50.0
7f298982c000-7f29898cd000 r-xp 00000000 08:01 400771                     /usr/lib/x86_64-linux-gnu/libpixman-1.so.0.30.2
7f29898cd000-7f2989acd000 ---p 000a1000 08:01 400771                     /usr/lib/x86_64-linux-gnu/libpixman-1.so.0.30.2
7f2989acd000-7f2989ad4000 r--p 000a1000 08:01 400771                     /usr/lib/x86_64-linux-gnu/libpixman-1.so.0.30.2
7f2989ad4000-7f2989ad5000 rw-p 000a8000 08:01 400771                     /usr/lib/x86_64-linux-gnu/libpixman-1.so.0.30.2
7f2989ad5000-7f2989b28000 r-xp 00000000 08:01 400169                     /usr/lib/x86_64-linux-gnu/libharfbuzz.so.0.927.0
7f2989b28000-7f2989d28000 ---p 00053000 08:01 400169                     /usr/lib/x86_64-linux-gnu/libharfbuzz.so.0.927.0
7f2989d28000-7f2989d29000 r--p 00053000 08:01 400169                     /usr/lib/x86_64-linux-gnu/libharfbuzz.so.0.927.0
7f2989d29000-7f2989d2a000 rw-p 00054000 08:01 400169                     /usr/lib/x86_64-linux-gnu/libharfbuzz.so.0.927.0
7f2989d2a000-7f2989d41000 r-xp 00000000 08:01 4727903                    /lib/x86_64-linux-gnu/libresolv-2.19.so
7f2989d41000-7f2989f41000 ---p 00017000 08:01 4727903                    /lib/x86_64-linux-gnu/libresolv-2.19.so
7f2989f41000-7f2989f42000 r--p 00017000 08:01 4727903                    /lib/x86_64-linux-gnu/libresolv-2.19.so
7f2989f42000-7f2989f43000 rw-p 00018000 08:01 4727903                    /lib/x86_64-linux-gnu/libresolv-2.19.so
7f2989f43000-7f2989f45000 rw-p 00000000 00:00 0 
7f2989f45000-7f2989f65000 r-xp 00000000 08:01 4722516                    /lib/x86_64-linux-gnu/libselinux.so.1
7f2989f65000-7f298a164000 ---p 00020000 08:01 4722516                    /lib/x86_64-linux-gnu/libselinux.so.1
7f298a164000-7f298a165000 r--p 0001f000 08:01 4722516                    /lib/x86_64-linux-gnu/libselinux.so.1
7f298a165000-7f298a166000 rw-p 00020000 08:01 4722516                    /lib/x86_64-linux-gnu/libselinux.so.1
7f298a166000-7f298a168000 rw-p 00000000 00:00 0 
7f298a168000-7f298a179000 r-xp 00000000 08:01 401226                     /usr/lib/x86_64-linux-gnu/libXext.so.6.4.0
7f298a179000-7f298a378000 ---p 00011000 08:01 401226                     /usr/lib/x86_64-linux-gnu/libXext.so.6.4.0
7f298a378000-7f298a379000 r--p 00010000 08:01 401226                     /usr/lib/x86_64-linux-gnu/libXext.so.6.4.0
7f298a379000-7f298a37a000 rw-p 00011000 08:01 401226                     /usr/lib/x86_64-linux-gnu/libXext.so.6.4.0
7f298a37a000-7f298a37c000 r-xp 00000000 08:01 401222                     /usr/lib/x86_64-linux-gnu/libXdamage.so.1.1.0
7f298a37c000-7f298a57b000 ---p 00002000 08:01 401222                     /usr/lib/x86_64-linux-gnu/libXdamage.so.1.1.0
7f298a57b000-7f298a57c000 r--p 00001000 08:01 401222                     /usr/lib/x86_64-linux-gnu/libXdamage.so.1.1.0
7f298a57c000-7f298a57d000 rw-p 00002000 08:01 401222                     /usr/lib/x86_64-linux-gnu/libXdamage.so.1.1.0
7f298a57d000-7f298a57f000 r-xp 00000000 08:01 401218                     /usr/lib/x86_64-linux-gnu/libXcomposite.so.1.0.0
7f298a57f000-7f298a77e000 ---p 00002000 08:01 401218                     /usr/lib/x86_64-linux-gnu/libXcomposite.so.1.0.0
7f298a77e000-7f298a77f000 r--p 00001000 08:01 401218                     /usr/lib/x86_64-linux-gnu/libXcomposite.so.1.0.0
7f298a77f000-7f298a780000 rw-p 00002000 08:01 401218                     /usr/lib/x86_64-linux-gnu/libXcomposite.so.1.0.0
7f298a780000-7f298a789000 r-xp 00000000 08:01 401220                     /usr/lib/x86_64-linux-gnu/libXcursor.so.1.0.2
7f298a789000-7f298a988000 ---p 00009000 08:01 401220                     /usr/lib/x86_64-linux-gnu/libXcursor.so.1.0.2
7f298a988000-7f298a989000 r--p 00008000 08:01 401220                     /usr/lib/x86_64-linux-gnu/libXcursor.so.1.0.2
7f298a989000-7f298a98a000 rw-p 00009000 08:01 401220                     /usr/lib/x86_64-linux-gnu/libXcursor.so.1.0.2
7f298a98a000-7f298a993000 r-xp 00000000 08:01 393742                     /usr/lib/x86_64-linux-gnu/libXrandr.so.2.2.0
7f298a993000-7f298ab92000 ---p 00009000 08:01 393742                     /usr/lib/x86_64-linux-gnu/libXrandr.so.2.2.0
7f298ab92000-7f298ab93000 r--p 00008000 08:01 393742                     /usr/lib/x86_64-linux-gnu/libXrandr.so.2.2.0
7f298ab93000-7f298ab94000 rw-p 00009000 08:01 393742                     /usr/lib/x86_64-linux-gnu/libXrandr.so.2.2.0
7f298ab94000-7f298aba3000 r-xp 00000000 08:01 401234                     /usr/lib/x86_64-linux-gnu/libXi.so.6.1.0
7f298aba3000-7f298ada2000 ---p 0000f000 08:01 401234                     /usr/lib/x86_64-linux-gnu/libXi.so.6.1.0
7f298ada2000-7f298ada3000 r--p 0000e000 08:01 401234                     /usr/lib/x86_64-linux-gnu/libXi.so.6.1.0
7f298ada3000-7f298ada4000 rw-p 0000f000 08:01 401234                     /usr/lib/x86_64-linux-gnu/libXi.so.6.1.0
7f298ada4000-7f298ada6000 r-xp 00000000 08:01 401236                     /usr/lib/x86_64-linux-gnu/libXinerama.so.1.0.0
7f298ada6000-7f298afa5000 ---p 00002000 08:01 401236                     /usr/lib/x86_64-linux-gnu/libXinerama.so.1.0.0
7f298afa5000-7f298afa6000 r--p 00001000 08:01 401236                     /usr/lib/x86_64-linux-gnu/libXinerama.so.1.0.0
7f298afa6000-7f298afa7000 rw-p 00002000 08:01 401236                     /usr/lib/x86_64-linux-gnu/libXinerama.so.1.0.0
7f298afa7000-7f298afb0000 r-xp 00000000 08:01 401248                     /usr/lib/x86_64-linux-gnu/libXrender.so.1.3.0
7f298afb0000-7f298b1af000 ---p 00009000 08:01 401248                     /usr/lib/x86_64-linux-gnu/libXrender.so.1.3.0
7f298b1af000-7f298b1b0000 r--p 00008000 08:01 401248                     /usr/lib/x86_64-linux-gnu/libXrender.so.1.3.0
7f298b1b0000-7f298b1b1000 rw-p 00009000 08:01 401248                     /usr/lib/x86_64-linux-gnu/libXrender.so.1.3.0
7f298b1b1000-7f298b1b6000 r-xp 00000000 08:01 401228                     /usr/lib/x86_64-linux-gnu/libXfixes.so.3.1.0
7f298b1b6000-7f298b3b5000 ---p 00005000 08:01 401228                     /usr/lib/x86_64-linux-gnu/libXfixes.so.3.1.0
7f298b3b5000-7f298b3b6000 r--p 00004000 08:01 401228                     /usr/lib/x86_64-linux-gnu/libXfixes.so.3.1.0
7f298b3b6000-7f298b3b7000 rw-p 00005000 08:01 401228                     /usr/lib/x86_64-linux-gnu/libXfixes.so.3.1.0
7f298b3b7000-7f298b4e7000 r-xp 00000000 08:01 400338                     /usr/lib/x86_64-linux-gnu/libX11.so.6.3.0
7f298b4e7000-7f298b6e7000 ---p 00130000 08:01 400338                     /usr/lib/x86_64-linux-gnu/libX11.so.6.3.0
7f298b6e7000-7f298b6e8000 r--p 00130000 08:01 400338                     /usr/lib/x86_64-linux-gnu/libX11.so.6.3.0
7f298b6e8000-7f298b6ec000 rw-p 00131000 08:01 400338                     /usr/lib/x86_64-linux-gnu/libX11.so.6.3.0
7f298b6ec000-7f298b6ef000 r-xp 00000000 08:01 403839                     /usr/lib/x86_64-linux-gnu/libgmodule-2.0.so.0.4000.0
7f298b6ef000-7f298b8ee000 ---p 00003000 08:01 403839                     /usr/lib/x86_64-linux-gnu/libgmodule-2.0.so.0.4000.0
7f298b8ee000-7f298b8ef000 r--p 00002000 08:01 403839                     /usr/lib/x86_64-linux-gnu/libgmodule-2.0.so.0.4000.0
7f298b8ef000-7f298b8f0000 rw-p 00003000 08:01 403839                     /usr/lib/x86_64-linux-gnu/libgmodule-2.0.so.0.4000.0
7f298b8f0000-7f298b8f5000 r-xp 00000000 08:01 396648                     /usr/lib/x86_64-linux-gnu/libv4l1.so.0.0.0
7f298b8f5000-7f298baf4000 ---p 00005000 08:01 396648                     /usr/lib/x86_64-linux-gnu/libv4l1.so.0.0.0
7f298baf4000-7f298baf5000 r--p 00004000 08:01 396648                     /usr/lib/x86_64-linux-gnu/libv4l1.so.0.0.0
7f298baf5000-7f298baf6000 rw-p 00005000 08:01 396648                     /usr/lib/x86_64-linux-gnu/libv4l1.so.0.0.0
7f298baf6000-7f298baf7000 r-xp 00000000 08:01 403840                     /usr/lib/x86_64-linux-gnu/libgthread-2.0.so.0.4000.0
7f298baf7000-7f298bcf6000 ---p 00001000 08:01 403840                     /usr/lib/x86_64-linux-gnu/libgthread-2.0.so.0.4000.0
7f298bcf6000-7f298bcf7000 r--p 00000000 08:01 403840                     /usr/lib/x86_64-linux-gnu/libgthread-2.0.so.0.4000.0
7f298bcf7000-7f298bcf8000 rw-p 00001000 08:01 403840                     /usr/lib/x86_64-linux-gnu/libgthread-2.0.so.0.4000.0
7f298bcf8000-7f298bdfe000 r-xp 00000000 08:01 4722483                    /lib/x86_64-linux-gnu/libglib-2.0.so.0.4000.0
7f298bdfe000-7f298bffd000 ---p 00106000 08:01 4722483                    /lib/x86_64-linux-gnu/libglib-2.0.so.0.4000.0
7f298bffd000-7f298bffe000 r--p 00105000 08:01 4722483                    /lib/x86_64-linux-gnu/libglib-2.0.so.0.4000.0
7f298bffe000-7f298bfff000 rw-p 00106000 08:01 4722483                    /lib/x86_64-linux-gnu/libglib-2.0.so.0.4000.0
7f298bfff000-7f298c000000 rw-p 00000000 00:00 0 
7f298c000000-7f298c021000 rw-p 00000000 00:00 0 
7f298c021000-7f2990000000 ---p 00000000 00:00 0 
7f2990000000-7f2990021000 rw-p 00000000 00:00 0 
7f2990021000-7f2994000000 ---p 00000000 00:00 0 
7f2994000000-7f2994378000 rw-p 00000000 00:00 0 
7f2994378000-7f2998000000 ---p 00000000 00:00 0 
7f2998000000-7f2998479000 rw-p 00000000 00:00 0 
7f2998479000-7f299c000000 ---p 00000000 00:00 0 
7f299c000000-7f299c021000 rw-p 00000000 00:00 0 
7f299c021000-7f29a0000000 ---p 00000000 00:00 0 
7f29a0000000-7f29a0021000 rw-p 00000000 00:00 0 
7f29a0021000-7f29a4000000 ---p 00000000 00:00 0 
7f29a4000000-7f29a4021000 rw-p 00000000 00:00 0 
7f29a4021000-7f29a8000000 ---p 00000000 00:00 0 
7f29a8000000-7f29a8021000 rw-p 00000000 00:00 0 
7f29a8021000-7f29ac000000 ---p 00000000 00:00 0 
7f29ac000000-7f29ac021000 rw-p 00000000 00:00 0 
7f29ac021000-7f29b0000000 ---p 00000000 00:00 0 
7f29b0000000-7f29b0021000 rw-p 00000000 00:00 0 
7f29b0021000-7f29b4000000 ---p 00000000 00:00 0 
7f29b4000000-7f29b4021000 rw-p 00000000 00:00 0 
7f29b4021000-7f29b8000000 ---p 00000000 00:00 0 
7f29b804d000-7f29b80e3000 rw-s 00000000 00:04 11075                      /dev/video0
7f29b80e3000-7f29b8132000 r-xp 00000000 08:01 398297                     /usr/lib/x86_64-linux-gnu/libgobject-2.0.so.0.4000.0
7f29b8132000-7f29b8332000 ---p 0004f000 08:01 398297                     /usr/lib/x86_64-linux-gnu/libgobject-2.0.so.0.4000.0
7f29b8332000-7f29b8333000 r--p 0004f000 08:01 398297                     /usr/lib/x86_64-linux-gnu/libgobject-2.0.so.0.4000.0
7f29b8333000-7f29b8334000 rw-p 00050000 08:01 398297                     /usr/lib/x86_64-linux-gnu/libgobject-2.0.so.0.4000.0
7f29b8334000-7f29b836e000 r-xp 00000000 08:01 403527                     /usr/lib/x86_64-linux-gnu/libfontconfig.so.1.8.0
7f29b836e000-7f29b856d000 ---p 0003a000 08:01 403527                     /usr/lib/x86_64-linux-gnu/libfontconfig.so.1.8.0
7f29b856d000-7f29b856f000 r--p 00039000 08:01 403527                     /usr/lib/x86_64-linux-gnu/libfontconfig.so.1.8.0
7f29b856f000-7f29b8570000 rw-p 0003b000 08:01 403527                     /usr/lib/x86_64-linux-gnu/libfontconfig.so.1.8.0
7f29b8570000-7f29b860d000 r-xp 00000000 08:01 396933                     /usr/lib/x86_64-linux-gnu/libfreetype.so.6.11.1
7f29b860d000-7f29b880c000 ---p 0009d000 08:01 396933                     /usr/lib/x86_64-linux-gnu/libfreetype.so.6.11.1
7f29b880c000-7f29b8812000 r--p 0009c000 08:01 396933                     /usr/lib/x86_64-linux-gnu/libfreetype.so.6.11.1
7f29b8812000-7f29b8813000 rw-p 000a2000 08:01 396933                     /usr/lib/x86_64-linux-gnu/libfreetype.so.6.11.1
7f29b8813000-7f29b885d000 r-xp 00000000 08:01 401899                     /usr/lib/x86_64-linux-gnu/libpango-1.0.so.0.3600.3
7f29b885d000-7f29b8a5d000 ---p 0004a000 08:01 401899                     /usr/lib/x86_64-linux-gnu/libpango-1.0.so.0.3600.3
7f29b8a5d000-7f29b8a5f000 r--p 0004a000 08:01 401899                     /usr/lib/x86_64-linux-gnu/libpango-1.0.so.0.3600.3
7f29b8a5f000-7f29b8a60000 rw-p 0004c000 08:01 401899                     /usr/lib/x86_64-linux-gnu/libpango-1.0.so.0.3600.3
7f29b8a60000-7f29b8b66000 r-xp 00000000 08:01 396292                     /usr/lib/x86_64-linux-gnu/libcairo.so.2.11301.0
7f29b8b66000-7f29b8d65000 ---p 00106000 08:01 396292                     /usr/lib/x86_64-linux-gnu/libcairo.so.2.11301.0
7f29b8d65000-7f29b8d68000 r--p 00105000 08:01 396292                     /usr/lib/x86_64-linux-gnu/libcairo.so.2.11301.0
7f29b8d68000-7f29b8d69000 rw-p 00108000 08:01 396292                     /usr/lib/x86_64-linux-gnu/libcairo.so.2.11301.0
7f29b8d69000-7f29b8d6b000 rw-p 00000000 00:00 0 
7f29b8d6b000-7f29b8d8a000 r-xp 00000000 08:01 393512                     /usr/lib/x86_64-linux-gnu/libgdk_pixbuf-2.0.so.0.3000.7
7f29b8d8a000-7f29b8f8a000 ---p 0001f000 08:01 393512                     /usr/lib/x86_64-linux-gnu/libgdk_pixbuf-2.0.so.0.3000.7
7f29b8f8a000-7f29b8f8b000 r--p 0001f000 08:01 393512                     /usr/lib/x86_64-linux-gnu/libgdk_pixbuf-2.0.so.0.3000.7
7f29b8f8b000-7f29b8f8c000 rw-p 00020000 08:01 393512                     /usr/lib/x86_64-linux-gnu/libgdk_pixbuf-2.0.so.0.3000.7
7f29b8f8c000-7f29b8f97000 r-xp 00000000 08:01 402720                     /usr/lib/x86_64-linux-gnu/libpangocairo-1.0.so.0.3600.3
7f29b8f97000-7f29b9197000 ---p 0000b000 08:01 402720                     /usr/lib/x86_64-linux-gnu/libpangocairo-1.0.so.0.3600.3
7f29b9197000-7f29b9198000 r--p 0000b000 08:01 402720                     /usr/lib/x86_64-linux-gnu/libpangocairo-1.0.so.0.3600.3
7f29b9198000-7f29b9199000 rw-p 0000c000 08:01 402720                     /usr/lib/x86_64-linux-gnu/libpangocairo-1.0.so.0.3600.3
7f29b9199000-7f29b91ad000 r-xp 00000000 08:01 401717                     /usr/lib/x86_64-linux-gnu/libpangoft2-1.0.so.0.3600.3
7f29b91ad000-7f29b93ac000 ---p 00014000 08:01 401717                     /usr/lib/x86_64-linux-gnu/libpangoft2-1.0.so.0.3600.3
7f29b93ac000-7f29b93ad000 r--p 00013000 08:01 401717                     /usr/lib/x86_64-linux-gnu/libpangoft2-1.0.so.0.3600.3
7f29b93ad000-7f29b93ae000 rw-p 00014000 08:01 401717                     /usr/lib/x86_64-linux-gnu/libpangoft2-1.0.so.0.3600.3
7f29b93ae000-7f29b9519000 r-xp 00000000 08:01 398304                     /usr/lib/x86_64-linux-gnu/libgio-2.0.so.0.4000.0
7f29b9519000-7f29b9719000 ---p 0016b000 08:01 398304                     /usr/lib/x86_64-linux-gnu/libgio-2.0.so.0.4000.0
7f29b9719000-7f29b971d000 r--p 0016b000 08:01 398304                     /usr/lib/x86_64-linux-gnu/libgio-2.0.so.0.4000.0
7f29b971d000-7f29b971f000 rw-p 0016f000 08:01 398304                     /usr/lib/x86_64-linux-gnu/libgio-2.0.so.0.4000.0
7f29b971f000-7f29b9721000 rw-p 00000000 00:00 0 
7f29b9721000-7f29b9740000 r-xp 00000000 08:01 401765                     /usr/lib/x86_64-linux-gnu/libatk-1.0.so.0.21009.1
7f29b9740000-7f29b9940000 ---p 0001f000 08:01 401765                     /usr/lib/x86_64-linux-gnu/libatk-1.0.so.0.21009.1
7f29b9940000-7f29b9942000 r--p 0001f000 08:01 401765                     /usr/lib/x86_64-linux-gnu/libatk-1.0.so.0.21009.1
7f29b9942000-7f29b9943000 rw-p 00021000 08:01 401765                     /usr/lib/x86_64-linux-gnu/libatk-1.0.so.0.21009.1
7f29b9943000-7f29b99f0000 r-xp 00000000 08:01 394483                     /usr/lib/x86_64-linux-gnu/libgdk-x11-2.0.so.0.2400.23
7f29b99f0000-7f29b9bef000 ---p 000ad000 08:01 394483                     /usr/lib/x86_64-linux-gnu/libgdk-x11-2.0.so.0.2400.23
7f29b9bef000-7f29b9bf3000 r--p 000ac000 08:01 394483                     /usr/lib/x86_64-linux-gnu/libgdk-x11-2.0.so.0.2400.23
7f29b9bf3000-7f29b9bf5000 rw-p 000b0000 08:01 394483                     /usr/lib/x86_64-linux-gnu/libgdk-x11-2.0.so.0.2400.23
7f29b9bf5000-7f29ba024000 r-xp 00000000 08:01 394482                     /usr/lib/x86_64-linux-gnu/libgtk-x11-2.0.so.0.2400.23
7f29ba024000-7f29ba223000 ---p 0042f000 08:01 394482                     /usr/lib/x86_64-linux-gnu/libgtk-x11-2.0.so.0.2400.23
7f29ba223000-7f29ba22a000 r--p 0042e000 08:01 394482                     /usr/lib/x86_64-linux-gnu/libgtk-x11-2.0.so.0.2400.23
7f29ba22a000-7f29ba22e000 rw-p 00435000 08:01 394482                     /usr/lib/x86_64-linux-gnu/libgtk-x11-2.0.so.0.2400.23
7f29ba22e000-7f29ba231000 rw-p 00000000 00:00 0 
7f29ba231000-7f29ba470000 r-xp 00000000 08:01 5242909                    /tmp/javacpp11142512848684/libopencv_highgui.so.2.4
7f29ba470000-7f29ba670000 ---p 0023f000 08:01 5242909                    /tmp/javacpp11142512848684/libopencv_highgui.so.2.4
7f29ba670000-7f29ba681000 rw-p 0023f000 08:01 5242909                    /tmp/javacpp11142512848684/libopencv_highgui.so.2.4
7f29ba681000-7f29ba688000 rw-p 00000000 00:00 0 
7f29ba688000-7f29ba8c8000 r-xp 00000000 08:01 5242908                    /tmp/javacpp11142512848684/libopencv_imgproc.so.2.4
7f29ba8c8000-7f29baac8000 ---p 00240000 08:01 5242908                    /tmp/javacpp11142512848684/libopencv_imgproc.so.2.4
7f29baac8000-7f29baad1000 rw-p 00240000 08:01 5242908                    /tmp/javacpp11142512848684/libopencv_imgproc.so.2.4
7f29baad1000-7f29bab66000 rw-p 00000000 00:00 0 
7f29bab66000-7f29badb4000 r-xp 00000000 08:01 5242907                    /tmp/javacpp11142512848684/libopencv_core.so.2.4
7f29badb4000-7f29bafb4000 ---p 0024e000 08:01 5242907                    /tmp/javacpp11142512848684/libopencv_core.so.2.4
7f29bafb4000-7f29bafc0000 rw-p 0024e000 08:01 5242907                    /tmp/javacpp11142512848684/libopencv_core.so.2.4
7f29bafc0000-7f29bafc3000 rw-p 00000000 00:00 0 
7f29bafc3000-7f29bafed000 r-xp 00000000 08:01 5242906                    /tmp/javacpp11142512848684/libtbb.so
7f29bafed000-7f29bb1ed000 ---p 0002a000 08:01 5242906                    /tmp/javacpp11142512848684/libtbb.so
7f29bb1ed000-7f29bb1ef000 rw-p 0002a000 08:01 5242906                    /tmp/javacpp11142512848684/libtbb.so
7f29bb1ef000-7f29bb1f0000 ---p 00000000 00:00 0 
7f29bb1f0000-7f29bb2f0000 rw-p 00000000 00:00 0                          [stack:3675]
7f29bb2f0000-7f29bb2f3000 ---p 00000000 00:00 0 
7f29bb2f3000-7f29bb3f1000 rw-p 00000000 00:00 0                          [stack:3674]
7f29bb3f1000-7f29bb3f4000 ---p 00000000 00:00 0 
7f29bb3f4000-7f29bb4f2000 rw-p 00000000 00:00 0                          [stack:3673]
7f29bb4f2000-7f29bb4f5000 ---p 00000000 00:00 0 
7f29bb4f5000-7f29bb5f3000 rw-p 00000000 00:00 0                          [stack:3672]
7f29bb5f3000-7f29bb5f6000 ---p 00000000 00:00 0 
7f29bb5f6000-7f29bb6f4000 rw-p 00000000 00:00 0                          [stack:3668]
7f29bb6f4000-7f29bb6f7000 ---p 00000000 00:00 0 
7f29bb6f7000-7f29bb7f5000 rw-p 00000000 00:00 0                          [stack:3667]
7f29bb7f5000-7f29bb7f8000 ---p 00000000 00:00 0 
7f29bb7f8000-7f29bb8f6000 rw-p 00000000 00:00 0                          [stack:3666]
7f29bb8f6000-7f29bb8fa000 r-xp 00000000 08:01 528481                     /usr/lib/jvm/java-7-openjdk-amd64/jre/lib/amd64/libdt_socket.so
7f29bb8fa000-7f29bbaf9000 ---p 00004000 08:01 528481                     /usr/lib/jvm/java-7-openjdk-amd64/jre/lib/amd64/libdt_socket.so
7f29bbaf9000-7f29bbafa000 r--p 00003000 08:01 528481                     /usr/lib/jvm/java-7-openjdk-amd64/jre/lib/amd64/libdt_socket.so
7f29bbafa000-7f29bbafb000 rw-p 00004000 08:01 528481                     /usr/lib/jvm/java-7-openjdk-amd64/jre/lib/amd64/libdt_socket.so
7f29bbafb000-7f29bbafe000 ---p 00000000 00:00 0 
7f29bbafe000-7f29bbbfc000 rw-p 00000000 00:00 0                          [stack:3664]
7f29bbbfc000-7f29bbbff000 ---p 00000000 00:00 0 
7f29bbbff000-7f29bbcfd000 rw-p 00000000 00:00 0                          [stack:3663]
7f29bbcfd000-7f29bbd00000 ---p 00000000 00:00 0 
7f29bbd00000-7f29bbdfe000 rw-p 00000000 00:00 0                          [stack:3662]
7f29bbdfe000-7f29bbdff000 ---p 00000000 00:00 0 
7f29bbdff000-7f29bc000000 rw-p 00000000 00:00 0                          [stack:3661]
7f29bc000000-7f29bc021000 rw-p 00000000 00:00 0 
7f29bc021000-7f29c0000000 ---p 00000000 00:00 0 
7f29c0000000-7f29c0021000 rw-p 00000000 00:00 0 
7f29c0021000-7f29c4000000 ---p 00000000 00:00 0 
7f29c4000000-7f29c4021000 rw-p 00000000 00:00 0 
7f29c4021000-7f29c8000000 ---p 00000000 00:00 0 
7f29c804f000-7f29c8081000 rw-p 00000000 00:00 0 
7f29c8081000-7f29c808b000 r--s 000b8000 08:01 528490                     /usr/lib/jvm/java-7-openjdk-amd64/jre/lib/resources.jar
7f29c808b000-7f29c80b1000 r--p 00000000 08:01 1051594                    /usr/share/locale-langpack/fr/LC_MESSAGES/libc.mo
7f29c80b1000-7f29c80b8000 r--s 00000000 08:01 663946                     /usr/lib/x86_64-linux-gnu/gconv/gconv-modules.cache
7f29c80b8000-7f29c80b9000 r--s 0057b000 08:06 14549090                   /home/eric/workspace/java/PACT/lib/javacv6/opencv-2.4.6.1-macosx-x86_64.jar
7f29c80b9000-7f29c80ba000 r--s 005bc000 08:06 14549088                   /home/eric/workspace/java/PACT/lib/javacv6/opencv-2.4.6.1-linux-x86.jar
7f29c80ba000-7f29c80bc000 r--s 005aa000 08:06 14549089                   /home/eric/workspace/java/PACT/lib/javacv6/opencv-2.4.6.1-linux-x86_64.jar
7f29c80bc000-7f29c80d4000 r--s 00100000 08:06 14549083                   /home/eric/workspace/java/PACT/lib/javacv6/javacv.jar
7f29c80d4000-7f29cc000000 rw-p 00000000 00:00 0 
7f29cc000000-7f29cc021000 rw-p 00000000 00:00 0 
7f29cc021000-7f29d0000000 ---p 00000000 00:00 0 
7f29d0000000-7f29d0002000 r--s 00669000 08:06 14549086                   /home/eric/workspace/java/PACT/lib/javacv6/opencv-2.4.6.1-android-arm.jar
7f29d0002000-7f29d0003000 r--s 00a32000 08:06 14549084                   /home/eric/workspace/java/PACT/lib/javacv6/opencv-2.4.6.0-windows-x86.jar
7f29d0003000-7f29d0005000 r--s 00b5b000 08:06 14549085                   /home/eric/workspace/java/PACT/lib/javacv6/opencv-2.4.6.0-windows-x86_64.jar
7f29d0005000-7f29d0007000 r--s 00147000 08:06 14549081                   /home/eric/workspace/java/PACT/lib/javacv6/javacv-windows-x86.jar
7f29d0007000-7f29d0009000 r--s 001b6000 08:06 14549082                   /home/eric/workspace/java/PACT/lib/javacv6/javacv-windows-x86_64.jar
7f29d0009000-7f29d000b000 r--s 001ba000 08:06 14549080                   /home/eric/workspace/java/PACT/lib/javacv6/javacv-macosx-x86_64.jar
7f29d000b000-7f29d000c000 r--s 001b4000 08:06 14549078                   /home/eric/workspace/java/PACT/lib/javacv6/javacv-linux-x86.jar
7f29d000c000-7f29d000e000 r--s 001cd000 08:06 14549079                   /home/eric/workspace/java/PACT/lib/javacv6/javacv-linux-x86_64.jar
7f29d000e000-7f29d000f000 r--s 002fc000 08:06 14549077                   /home/eric/workspace/java/PACT/lib/javacv6/javacv-android-arm.jar
7f29d000f000-7f29d0012000 r--s 00021000 08:06 14549076                   /home/eric/workspace/java/PACT/lib/javacv6/javacpp.jar
7f29d0012000-7f29d0013000 r--s 00a17000 08:06 14549074                   /home/eric/workspace/java/PACT/lib/javacv6/ffmpeg-20130915-git-7ac6c63-windows-x86.jar
7f29d0013000-7f29d0015000 r--s 00a70000 08:06 14549075                   /home/eric/workspace/java/PACT/lib/javacv6/ffmpeg-20130915-git-7ac6c63-windows-x86_64.jar
7f29d0015000-7f29d0017000 r--s 004d5000 08:06 14549073                   /home/eric/workspace/java/PACT/lib/javacv6/ffmpeg-2.0.1-macosx-x86_64.jar
7f29d0017000-7f29d0018000 r--s 00522000 08:06 14549071                   /home/eric/workspace/java/PACT/lib/javacv6/ffmpeg-2.0.1-linux-x86.jar
7f29d0018000-7f29d0029000 r--s 00169000 08:06 13764219                   /home/eric/workspace/java/PACT/lib/jfreechart/jfreechart-1.0.17.jar
7f29d0029000-7f29d0318000 rw-p 00000000 00:00 0 
7f29d0318000-7f29d04c6000 r--s 01cf4000 08:01 528514                     /usr/lib/jvm/java-7-openjdk-amd64/jre/lib/rt.jar
7f29d04c6000-7f29d08c9000 rw-p 00000000 00:00 0 
7f29d08c9000-7f29d08ca000 ---p 00000000 00:00 0 
7f29d08ca000-7f29d09ca000 rw-p 00000000 00:00 0                          [stack:3660]
7f29d09ca000-7f29d09cb000 ---p 00000000 00:00 0 
7f29d09cb000-7f29d0acb000 rw-p 00000000 00:00 0                          [stack:3659]
7f29d0acb000-7f29d0acc000 ---p 00000000 00:00 0 
7f29d0acc000-7f29d0bcc000 rw-p 00000000 00:00 0                          [stack:3658]
7f29d0bcc000-7f29d0bcd000 ---p 00000000 00:00 0 
7f29d0bcd000-7f29d0cd8000 rw-p 00000000 00:00 0                          [stack:3657]
7f29d0cd8000-7f29d0d20000 rw-p 00000000 00:00 0 
7f29d0d20000-7f29d0d3f000 rw-p 00000000 00:00 0 
7f29d0d3f000-7f29d0f0a000 rw-p 00000000 00:00 0 
7f29d0f0a000-7f29d0fff000 rw-p 00000000 00:00 0 
7f29d0fff000-7f29d1000000 rw-p 00000000 00:00 0 
7f29d1000000-7f29d1270000 rwxp 00000000 00:00 0 
7f29d1270000-7f29d4486000 rw-p 00000000 00:00 0 
7f29d4486000-7f29d8000000 ---p 00000000 00:00 0 
7f29d8000000-7f29d8004000 r--s 0002a000 08:06 13764150                   /home/eric/workspace/java/PACT/lib/apache commons/commons-io-2.4/commons-io-2.4.jar
7f29d8004000-7f29d800f000 r--s 00099000 08:06 13764244                   /home/eric/workspace/java/PACT/lib/lwjgl/jar/slick.jar
7f29d800f000-7f29d8062000 rw-p 00000000 00:00 0 
7f29d8062000-7f29d80aa000 rw-p 00000000 00:00 0 
7f29d80aa000-7f29d80c9000 rw-p 00000000 00:00 0 
7f29d80c9000-7f29d8294000 rw-p 00000000 00:00 0 
7f29d8294000-7f29d829c000 r-xp 00000000 08:01 528452                     /usr/lib/jvm/java-7-openjdk-amd64/jre/lib/amd64/libzip.so
7f29d829c000-7f29d849b000 ---p 00008000 08:01 528452                     /usr/lib/jvm/java-7-openjdk-amd64/jre/lib/amd64/libzip.so
7f29d849b000-7f29d849c000 r--p 00007000 08:01 528452                     /usr/lib/jvm/java-7-openjdk-amd64/jre/lib/amd64/libzip.so
7f29d849c000-7f29d849d000 rw-p 00008000 08:01 528452                     /usr/lib/jvm/java-7-openjdk-amd64/jre/lib/amd64/libzip.so
7f29d849d000-7f29d84a8000 r-xp 00000000 08:01 4727890                    /lib/x86_64-linux-gnu/libnss_files-2.19.so
7f29d84a8000-7f29d86a7000 ---p 0000b000 08:01 4727890                    /lib/x86_64-linux-gnu/libnss_files-2.19.so
7f29d86a7000-7f29d86a8000 r--p 0000a000 08:01 4727890                    /lib/x86_64-linux-gnu/libnss_files-2.19.so
7f29d86a8000-7f29d86a9000 rw-p 0000b000 08:01 4727890                    /lib/x86_64-linux-gnu/libnss_files-2.19.so
7f29d86a9000-7f29d86b4000 r-xp 00000000 08:01 4727897                    /lib/x86_64-linux-gnu/libnss_nis-2.19.so
7f29d86b4000-7f29d88b3000 ---p 0000b000 08:01 4727897                    /lib/x86_64-linux-gnu/libnss_nis-2.19.so
7f29d88b3000-7f29d88b4000 r--p 0000a000 08:01 4727897                    /lib/x86_64-linux-gnu/libnss_nis-2.19.so
7f29d88b4000-7f29d88b5000 rw-p 0000b000 08:01 4727897                    /lib/x86_64-linux-gnu/libnss_nis-2.19.so
7f29d88b5000-7f29d88cc000 r-xp 00000000 08:01 4727894                    /lib/x86_64-linux-gnu/libnsl-2.19.so
7f29d88cc000-7f29d8acb000 ---p 00017000 08:01 4727894                    /lib/x86_64-linux-gnu/libnsl-2.19.so
7f29d8acb000-7f29d8acc000 r--p 00016000 08:01 4727894                    /lib/x86_64-linux-gnu/libnsl-2.19.so
7f29d8acc000-7f29d8acd000 rw-p 00017000 08:01 4727894                    /lib/x86_64-linux-gnu/libnsl-2.19.so
7f29d8acd000-7f29d8acf000 rw-p 00000000 00:00 0 
7f29d8acf000-7f29d8ad8000 r-xp 00000000 08:01 4727898                    /lib/x86_64-linux-gnu/libnss_compat-2.19.so
7f29d8ad8000-7f29d8cd7000 ---p 00009000 08:01 4727898                    /lib/x86_64-linux-gnu/libnss_compat-2.19.so
7f29d8cd7000-7f29d8cd8000 r--p 00008000 08:01 4727898                    /lib/x86_64-linux-gnu/libnss_compat-2.19.so
7f29d8cd8000-7f29d8cd9000 rw-p 00009000 08:01 4727898                    /lib/x86_64-linux-gnu/libnss_compat-2.19.so
7f29d8cd9000-7f29d9249000 r--p 00000000 08:01 393430                     /usr/lib/locale/locale-archive
7f29d9249000-7f29d924c000 r-xp 00000000 08:01 528461                     /usr/lib/jvm/java-7-openjdk-amd64/jre/lib/amd64/libnpt.so
7f29d924c000-7f29d944b000 ---p 00003000 08:01 528461                     /usr/lib/jvm/java-7-openjdk-amd64/jre/lib/amd64/libnpt.so
7f29d944b000-7f29d944c000 r--p 00002000 08:01 528461                     /usr/lib/jvm/java-7-openjdk-amd64/jre/lib/amd64/libnpt.so
7f29d944c000-7f29d944d000 rw-p 00003000 08:01 528461                     /usr/lib/jvm/java-7-openjdk-amd64/jre/lib/amd64/libnpt.so
7f29d944d000-7f29d9487000 r-xp 00000000 08:01 528462                     /usr/lib/jvm/java-7-openjdk-amd64/jre/lib/amd64/libjdwp.so
7f29d9487000-7f29d9686000 ---p 0003a000 08:01 528462                     /usr/lib/jvm/java-7-openjdk-amd64/jre/lib/amd64/libjdwp.so
7f29d9686000-7f29d9687000 r--p 00039000 08:01 528462                     /usr/lib/jvm/java-7-openjdk-amd64/jre/lib/amd64/libjdwp.so
7f29d9687000-7f29d9688000 rw-p 0003a000 08:01 528462                     /usr/lib/jvm/java-7-openjdk-amd64/jre/lib/amd64/libjdwp.so
7f29d9688000-7f29d96b3000 r-xp 00000000 08:01 528441                     /usr/lib/jvm/java-7-openjdk-amd64/jre/lib/amd64/libjava.so
7f29d96b3000-7f29d98b2000 ---p 0002b000 08:01 528441                     /usr/lib/jvm/java-7-openjdk-amd64/jre/lib/amd64/libjava.so
7f29d98b2000-7f29d98b3000 r--p 0002a000 08:01 528441                     /usr/lib/jvm/java-7-openjdk-amd64/jre/lib/amd64/libjava.so
7f29d98b3000-7f29d98b5000 rw-p 0002b000 08:01 528441                     /usr/lib/jvm/java-7-openjdk-amd64/jre/lib/amd64/libjava.so
7f29d98b5000-7f29d98c5000 r-xp 00000000 08:01 528463                     /usr/lib/jvm/java-7-openjdk-amd64/jre/lib/amd64/libverify.so
7f29d98c5000-7f29d9ac4000 ---p 00010000 08:01 528463                     /usr/lib/jvm/java-7-openjdk-amd64/jre/lib/amd64/libverify.so
7f29d9ac4000-7f29d9ac6000 r--p 0000f000 08:01 528463                     /usr/lib/jvm/java-7-openjdk-amd64/jre/lib/amd64/libverify.so
7f29d9ac6000-7f29d9ac7000 rw-p 00011000 08:01 528463                     /usr/lib/jvm/java-7-openjdk-amd64/jre/lib/amd64/libverify.so
7f29d9ac7000-7f29d9ace000 r-xp 00000000 08:01 4727905                    /lib/x86_64-linux-gnu/librt-2.19.so
7f29d9ace000-7f29d9ccd000 ---p 00007000 08:01 4727905                    /lib/x86_64-linux-gnu/librt-2.19.so
7f29d9ccd000-7f29d9cce000 r--p 00006000 08:01 4727905                    /lib/x86_64-linux-gnu/librt-2.19.so
7f29d9cce000-7f29d9ccf000 rw-p 00007000 08:01 4727905                    /lib/x86_64-linux-gnu/librt-2.19.so
7f29d9ccf000-7f29d9ce5000 r-xp 00000000 08:01 4722514                    /lib/x86_64-linux-gnu/libgcc_s.so.1
7f29d9ce5000-7f29d9ee4000 ---p 00016000 08:01 4722514                    /lib/x86_64-linux-gnu/libgcc_s.so.1
7f29d9ee4000-7f29d9ee5000 rw-p 00015000 08:01 4722514                    /lib/x86_64-linux-gnu/libgcc_s.so.1
7f29d9ee5000-7f29d9fea000 r-xp 00000000 08:01 4727891                    /lib/x86_64-linux-gnu/libm-2.19.so
7f29d9fea000-7f29da1e9000 ---p 00105000 08:01 4727891                    /lib/x86_64-linux-gnu/libm-2.19.so
7f29da1e9000-7f29da1ea000 r--p 00104000 08:01 4727891                    /lib/x86_64-linux-gnu/libm-2.19.so
7f29da1ea000-7f29da1eb000 rw-p 00105000 08:01 4727891                    /lib/x86_64-linux-gnu/libm-2.19.so
7f29da1eb000-7f29da2d1000 r-xp 00000000 08:01 393562                     /usr/lib/x86_64-linux-gnu/libstdc++.so.6.0.19
7f29da2d1000-7f29da4d0000 ---p 000e6000 08:01 393562                     /usr/lib/x86_64-linux-gnu/libstdc++.so.6.0.19
7f29da4d0000-7f29da4d8000 r--p 000e5000 08:01 393562                     /usr/lib/x86_64-linux-gnu/libstdc++.so.6.0.19
7f29da4d8000-7f29da4da000 rw-p 000ed000 08:01 393562                     /usr/lib/x86_64-linux-gnu/libstdc++.so.6.0.19
7f29da4da000-7f29da4ef000 rw-p 00000000 00:00 0 
7f29da4ef000-7f29dafd0000 r-xp 00000000 08:01 528475                     /usr/lib/jvm/java-7-openjdk-amd64/jre/lib/amd64/server/libjvm.so
7f29dafd0000-7f29db1cf000 ---p 00ae1000 08:01 528475                     /usr/lib/jvm/java-7-openjdk-amd64/jre/lib/amd64/server/libjvm.so
7f29db1cf000-7f29db261000 r--p 00ae0000 08:01 528475                     /usr/lib/jvm/java-7-openjdk-amd64/jre/lib/amd64/server/libjvm.so
7f29db261000-7f29db284000 rw-p 00b72000 08:01 528475                     /usr/lib/jvm/java-7-openjdk-amd64/jre/lib/amd64/server/libjvm.so
7f29db284000-7f29db2b1000 rw-p 00000000 00:00 0 
7f29db2b1000-7f29db2c9000 r-xp 00000000 08:01 4722694                    /lib/x86_64-linux-gnu/libz.so.1.2.8
7f29db2c9000-7f29db4c8000 ---p 00018000 08:01 4722694                    /lib/x86_64-linux-gnu/libz.so.1.2.8
7f29db4c8000-7f29db4c9000 r--p 00017000 08:01 4722694                    /lib/x86_64-linux-gnu/libz.so.1.2.8
7f29db4c9000-7f29db4ca000 rw-p 00018000 08:01 4722694                    /lib/x86_64-linux-gnu/libz.so.1.2.8
7f29db4ca000-7f29db4e3000 r-xp 00000000 08:01 4727904                    /lib/x86_64-linux-gnu/libpthread-2.19.so
7f29db4e3000-7f29db6e2000 ---p 00019000 08:01 4727904                    /lib/x86_64-linux-gnu/libpthread-2.19.so
7f29db6e2000-7f29db6e3000 r--p 00018000 08:01 4727904                    /lib/x86_64-linux-gnu/libpthread-2.19.so
7f29db6e3000-7f29db6e4000 rw-p 00019000 08:01 4727904                    /lib/x86_64-linux-gnu/libpthread-2.19.so
7f29db6e4000-7f29db6e8000 rw-p 00000000 00:00 0 
7f29db6e8000-7f29db6eb000 r-xp 00000000 08:01 4727901                    /lib/x86_64-linux-gnu/libdl-2.19.so
7f29db6eb000-7f29db8ea000 ---p 00003000 08:01 4727901                    /lib/x86_64-linux-gnu/libdl-2.19.so
7f29db8ea000-7f29db8eb000 r--p 00002000 08:01 4727901                    /lib/x86_64-linux-gnu/libdl-2.19.so
7f29db8eb000-7f29db8ec000 rw-p 00003000 08:01 4727901                    /lib/x86_64-linux-gnu/libdl-2.19.so
7f29db8ec000-7f29dbaa8000 r-xp 00000000 08:01 4727888                    /lib/x86_64-linux-gnu/libc-2.19.so
7f29dbaa8000-7f29dbca7000 ---p 001bc000 08:01 4727888                    /lib/x86_64-linux-gnu/libc-2.19.so
7f29dbca7000-7f29dbcab000 r--p 001bb000 08:01 4727888                    /lib/x86_64-linux-gnu/libc-2.19.so
7f29dbcab000-7f29dbcad000 rw-p 001bf000 08:01 4727888                    /lib/x86_64-linux-gnu/libc-2.19.so
7f29dbcad000-7f29dbcb2000 rw-p 00000000 00:00 0 
7f29dbcb2000-7f29dbcbf000 r-xp 00000000 08:01 528480                     /usr/lib/jvm/java-7-openjdk-amd64/jre/lib/amd64/jli/libjli.so
7f29dbcbf000-7f29dbebe000 ---p 0000d000 08:01 528480                     /usr/lib/jvm/java-7-openjdk-amd64/jre/lib/amd64/jli/libjli.so
7f29dbebe000-7f29dbebf000 r--p 0000c000 08:01 528480                     /usr/lib/jvm/java-7-openjdk-amd64/jre/lib/amd64/jli/libjli.so
7f29dbebf000-7f29dbec0000 rw-p 0000d000 08:01 528480                     /usr/lib/jvm/java-7-openjdk-amd64/jre/lib/amd64/jli/libjli.so
7f29dbec0000-7f29dbee3000 r-xp 00000000 08:01 4727887                    /lib/x86_64-linux-gnu/ld-2.19.so
7f29dbee3000-7f29dbee9000 r--s 0004a000 08:06 13764218                   /home/eric/workspace/java/PACT/lib/jfreechart/jcommon-1.0.21.jar
7f29dbee9000-7f29dbef7000 r--s 000ea000 08:06 13764236                   /home/eric/workspace/java/PACT/lib/lwjgl/jar/lwjgl.jar
7f29dbef7000-7f29dbf01000 rw-p 00000000 00:00 0 
7f29dbf01000-7f29dbfb7000 rw-p 00000000 00:00 0 
7f29dbfb7000-7f29dbfba000 ---p 00000000 00:00 0 
7f29dbfba000-7f29dc0bd000 rw-p 00000000 00:00 0                          [stack:3652]
7f29dc0bd000-7f29dc0be000 r--s 0051e000 08:06 14549072                   /home/eric/workspace/java/PACT/lib/javacv6/ffmpeg-2.0.1-linux-x86_64.jar
7f29dc0be000-7f29dc0bf000 r--s 0051b000 08:06 14549069                   /home/eric/workspace/java/PACT/lib/javacv6/ffmpeg-2.0.1-android-arm.jar
7f29dc0bf000-7f29dc0c3000 r--s 00027000 08:06 13764238                   /home/eric/workspace/java/PACT/lib/lwjgl/jar/lwjgl_util.jar
7f29dc0c3000-7f29dc0c5000 r--s 00012000 08:01 528494                     /usr/lib/jvm/java-7-openjdk-amd64/jre/lib/ext/zipfs.jar
7f29dc0c5000-7f29dc0c9000 r--s 00085000 08:01 528492                     /usr/lib/jvm/java-7-openjdk-amd64/jre/lib/ext/localedata.jar
7f29dc0c9000-7f29dc0ca000 r--s 00002000 08:01 528496                     /usr/lib/jvm/java-7-openjdk-amd64/jre/lib/ext/dnsns.jar
7f29dc0ca000-7f29dc0cd000 r--s 0000f000 08:01 528493                     /usr/lib/jvm/java-7-openjdk-amd64/jre/lib/ext/pulse-java.jar
7f29dc0cd000-7f29dc0d0000 r--s 00032000 08:01 528495                     /usr/lib/jvm/java-7-openjdk-amd64/jre/lib/ext/sunjce_provider.jar
7f29dc0d0000-7f29dc0d4000 r--s 0003b000 08:01 528497                     /usr/lib/jvm/java-7-openjdk-amd64/jre/lib/ext/sunpkcs11.jar
7f29dc0d4000-7f29dc0d6000 r--s 00006000 08:01 790603                     /usr/share/java/java-atk-wrapper.jar
7f29dc0d6000-7f29dc0de000 rw-s 00000000 08:01 5242904                    /tmp/hsperfdata_eric/3650
7f29dc0de000-7f29dc0df000 rw-p 00000000 00:00 0 
7f29dc0df000-7f29dc0e0000 r--p 00000000 00:00 0 
7f29dc0e0000-7f29dc0e2000 rw-p 00000000 00:00 0 
7f29dc0e2000-7f29dc0e3000 r--p 00022000 08:01 4727887                    /lib/x86_64-linux-gnu/ld-2.19.so
7f29dc0e3000-7f29dc0e4000 rw-p 00023000 08:01 4727887                    /lib/x86_64-linux-gnu/ld-2.19.so
7f29dc0e4000-7f29dc0e5000 rw-p 00000000 00:00 0 
7fff3a3b9000-7fff3a3da000 rw-p 00000000 00:00 0                          [stack]
7fff3a3fe000-7fff3a400000 r-xp 00000000 00:00 0                          [vdso]
ffffffffff600000-ffffffffff601000 r-xp 00000000 00:00 0                  [vsyscall]

VM Arguments:
jvm_args: -agentlib:jdwp=transport=dt_socket,suspend=y,address=localhost:52467 -Djava.library.path=/home/eric/workspace/java/PACT/lib/lwjgl/native/all -Dfile.encoding=UTF-8 
java_command: main.TestImageDetection
Launcher Type: SUN_STANDARD

Environment Variables:
PATH=/usr/local/sbin:/usr/local/bin:/usr/sbin:/usr/bin:/sbin:/bin:/usr/games:/usr/local/games
SHELL=/bin/zsh
DISPLAY=:0

Signal Handlers:
SIGSEGV: [libjvm.so+0x918520], sa_mask[0]=0x7ffbfeff, sa_flags=0x10000004
SIGBUS: [libjvm.so+0x918520], sa_mask[0]=0x7ffbfeff, sa_flags=0x10000004
SIGFPE: [libjvm.so+0x795d30], sa_mask[0]=0x7ffbfeff, sa_flags=0x10000004
SIGPIPE: [libjvm.so+0x795d30], sa_mask[0]=0x7ffbfeff, sa_flags=0x10000004
SIGXFSZ: [libjvm.so+0x795d30], sa_mask[0]=0x7ffbfeff, sa_flags=0x10000004
SIGILL: [libjvm.so+0x795d30], sa_mask[0]=0x7ffbfeff, sa_flags=0x10000004
SIGUSR1: SIG_DFL, sa_mask[0]=0x00000000, sa_flags=0x00000000
SIGUSR2: [libjvm.so+0x795bd0], sa_mask[0]=0x00000004, sa_flags=0x10000004
SIGHUP: [libjvm.so+0x795db0], sa_mask[0]=0x7ffbfeff, sa_flags=0x10000004
SIGINT: [libjvm.so+0x795db0], sa_mask[0]=0x7ffbfeff, sa_flags=0x10000004
SIGTERM: [libjvm.so+0x795db0], sa_mask[0]=0x7ffbfeff, sa_flags=0x10000004
SIGQUIT: [libjvm.so+0x795db0], sa_mask[0]=0x7ffbfeff, sa_flags=0x10000004


---------------  S Y S T E M  ---------------

OS:Ubuntu 14.04 (trusty)
uname:Linux 3.14.0-031400-generic #201403310035 SMP Mon Mar 31 04:36:23 UTC 2014 x86_64
libc:glibc 2.19 NPTL 2.19 
rlimit: STACK 8192k, CORE 0k, NPROC 46846, NOFILE 4096, AS infinity
load average:0,67 1,48 1,13

/proc/meminfo:
MemTotal:        6016832 kB
MemFree:         1922768 kB
MemAvailable:    2858992 kB
Buffers:          127768 kB
Cached:          1587260 kB
SwapCached:            0 kB
Active:          2576552 kB
Inactive:        1255792 kB
Active(anon):    2120272 kB
Inactive(anon):   654576 kB
Active(file):     456280 kB
Inactive(file):   601216 kB
Unevictable:          48 kB
Mlocked:              48 kB
SwapTotal:      11717628 kB
SwapFree:       11717628 kB
Dirty:               316 kB
Writeback:             0 kB
AnonPages:       2117448 kB
Mapped:           292480 kB
Shmem:            657484 kB
Slab:             126500 kB
SReclaimable:      95324 kB
SUnreclaim:        31176 kB
KernelStack:        4312 kB
PageTables:        35240 kB
NFS_Unstable:          0 kB
Bounce:                0 kB
WritebackTmp:          0 kB
CommitLimit:    14726044 kB
Committed_AS:    5998040 kB
VmallocTotal:   34359738367 kB
VmallocUsed:      376876 kB
VmallocChunk:   34359346512 kB
HardwareCorrupted:     0 kB
AnonHugePages:    911360 kB
HugePages_Total:       0
HugePages_Free:        0
HugePages_Rsvd:        0
HugePages_Surp:        0
Hugepagesize:       2048 kB
DirectMap4k:       81472 kB
DirectMap2M:     6115328 kB


CPU:total 4 (2 cores per cpu, 2 threads per core) family 6 model 42 stepping 7, cmov, cx8, fxsr, mmx, sse, sse2, sse3, ssse3, sse4.1, sse4.2, popcnt, avx, aes, ht, tsc, tscinvbit

/proc/cpuinfo:
processor	: 0
vendor_id	: GenuineIntel
cpu family	: 6
model		: 42
model name	: Intel(R) Core(TM) i5-2520M CPU @ 2.50GHz
stepping	: 7
microcode	: 0x1a
cpu MHz		: 1704.687
cache size	: 3072 KB
physical id	: 0
siblings	: 4
core id		: 0
cpu cores	: 2
apicid		: 0
initial apicid	: 0
fpu		: yes
fpu_exception	: yes
cpuid level	: 13
wp		: yes
flags		: fpu vme de pse tsc msr pae mce cx8 apic sep mtrr pge mca cmov pat pse36 clflush dts acpi mmx fxsr sse sse2 ss ht tm pbe syscall nx rdtscp lm constant_tsc arch_perfmon pebs bts rep_good nopl xtopology nonstop_tsc aperfmperf eagerfpu pni pclmulqdq dtes64 monitor ds_cpl vmx smx est tm2 ssse3 cx16 xtpr pdcm pcid sse4_1 sse4_2 x2apic popcnt tsc_deadline_timer aes xsave avx lahf_lm ida arat epb xsaveopt pln pts dtherm tpr_shadow vnmi flexpriority ept vpid
bogomips	: 4988.79
clflush size	: 64
cache_alignment	: 64
address sizes	: 36 bits physical, 48 bits virtual
power management:

processor	: 1
vendor_id	: GenuineIntel
cpu family	: 6
model		: 42
model name	: Intel(R) Core(TM) i5-2520M CPU @ 2.50GHz
stepping	: 7
microcode	: 0x1a
cpu MHz		: 2642.187
cache size	: 3072 KB
physical id	: 0
siblings	: 4
core id		: 1
cpu cores	: 2
apicid		: 2
initial apicid	: 2
fpu		: yes
fpu_exception	: yes
cpuid level	: 13
wp		: yes
flags		: fpu vme de pse tsc msr pae mce cx8 apic sep mtrr pge mca cmov pat pse36 clflush dts acpi mmx fxsr sse sse2 ss ht tm pbe syscall nx rdtscp lm constant_tsc arch_perfmon pebs bts rep_good nopl xtopology nonstop_tsc aperfmperf eagerfpu pni pclmulqdq dtes64 monitor ds_cpl vmx smx est tm2 ssse3 cx16 xtpr pdcm pcid sse4_1 sse4_2 x2apic popcnt tsc_deadline_timer aes xsave avx lahf_lm ida arat epb xsaveopt pln pts dtherm tpr_shadow vnmi flexpriority ept vpid
bogomips	: 4988.79
clflush size	: 64
cache_alignment	: 64
address sizes	: 36 bits physical, 48 bits virtual
power management:

processor	: 2
vendor_id	: GenuineIntel
cpu family	: 6
model		: 42
model name	: Intel(R) Core(TM) i5-2520M CPU @ 2.50GHz
stepping	: 7
microcode	: 0x1a
cpu MHz		: 2642.187
cache size	: 3072 KB
physical id	: 0
siblings	: 4
core id		: 0
cpu cores	: 2
apicid		: 1
initial apicid	: 1
fpu		: yes
fpu_exception	: yes
cpuid level	: 13
wp		: yes
flags		: fpu vme de pse tsc msr pae mce cx8 apic sep mtrr pge mca cmov pat pse36 clflush dts acpi mmx fxsr sse sse2 ss ht tm pbe syscall nx rdtscp lm constant_tsc arch_perfmon pebs bts rep_good nopl xtopology nonstop_tsc aperfmperf eagerfpu pni pclmulqdq dtes64 monitor ds_cpl vmx smx est tm2 ssse3 cx16 xtpr pdcm pcid sse4_1 sse4_2 x2apic popcnt tsc_deadline_timer aes xsave avx lahf_lm ida arat epb xsaveopt pln pts dtherm tpr_shadow vnmi flexpriority ept vpid
bogomips	: 4988.79
clflush size	: 64
cache_alignment	: 64
address sizes	: 36 bits physical, 48 bits virtual
power management:

processor	: 3
vendor_id	: GenuineIntel
cpu family	: 6
model		: 42
model name	: Intel(R) Core(TM) i5-2520M CPU @ 2.50GHz
stepping	: 7
microcode	: 0x1a
cpu MHz		: 2798.437
cache size	: 3072 KB
physical id	: 0
siblings	: 4
core id		: 1
cpu cores	: 2
apicid		: 3
initial apicid	: 3
fpu		: yes
fpu_exception	: yes
cpuid level	: 13
wp		: yes
flags		: fpu vme de pse tsc msr pae mce cx8 apic sep mtrr pge mca cmov pat pse36 clflush dts acpi mmx fxsr sse sse2 ss ht tm pbe syscall nx rdtscp lm constant_tsc arch_perfmon pebs bts rep_good nopl xtopology nonstop_tsc aperfmperf eagerfpu pni pclmulqdq dtes64 monitor ds_cpl vmx smx est tm2 ssse3 cx16 xtpr pdcm pcid sse4_1 sse4_2 x2apic popcnt tsc_deadline_timer aes xsave avx lahf_lm ida arat epb xsaveopt pln pts dtherm tpr_shadow vnmi flexpriority ept vpid
bogomips	: 4988.79
clflush size	: 64
cache_alignment	: 64
address sizes	: 36 bits physical, 48 bits virtual
power management:



Memory: 4k page, physical 6016832k(1922768k free), swap 11717628k(11717628k free)

vm_info: OpenJDK 64-Bit Server VM (24.51-b03) for linux-amd64 JRE (1.7.0_51-b31), built on Apr  8 2014 08:40:48 by "buildd" with gcc 4.8.2

time: Mon Apr 28 11:27:29 2014
elapsed time: 91 seconds

